<?xml version="1.0" encoding="UTF-8"?>
<!-- Generated by org.testng.reporters.JUnitXMLReporter -->
<testsuite ignored="0" hostname="deepika-evo" failures="57" tests="80" name="Default test" time="17.418" errors="0" timestamp="2023-07-27T15:30:29 EDT">
  <testcase classname="io.cucumber.testng.AbstractTestNGCucumberTests" name="runScenario" time="2.73"/>
  <testcase classname="io.cucumber.testng.AbstractTestNGCucumberTests" name="runScenario" time="0.463"/>
  <testcase classname="io.cucumber.testng.AbstractTestNGCucumberTests" name="runScenario" time="0.043">
    <failure type="java.lang.NullPointerException" message="Cannot invoke &amp;quot;Object.toString()&amp;quot; because the return value of &amp;quot;org.json.simple.JSONObject.get(Object)&amp;quot; is null">
      <![CDATA[java.lang.NullPointerException: Cannot invoke "Object.toString()" because the return value of "org.json.simple.JSONObject.get(Object)" is null
at stepdefinitions.Positive_program_sd.we_send_with_program_id(Positive_program_sd.java:141)
at ✽.we send with programId(file:///C:/Users/sreej/eclipse-NumpyNinja/APITrekkers-Team13/src/test/resources/Features/01ProgramPositive.feature:20)
]]>
    </failure>
  </testcase> <!-- runScenario -->
  <testcase classname="io.cucumber.testng.AbstractTestNGCucumberTests" name="runScenario" time="0.26"/>
  <testcase classname="io.cucumber.testng.AbstractTestNGCucumberTests" name="runScenario" time="0.02">
    <failure type="java.lang.IllegalArgumentException" message="parameterValue cannot be null">
      <![CDATA[java.lang.IllegalArgumentException: parameterValue cannot be null
at java.base/jdk.internal.reflect.DirectConstructorHandleAccessor.newInstance(DirectConstructorHandleAccessor.java:67)
at java.base/java.lang.reflect.Constructor.newInstanceWithCaller(Constructor.java:500)
at java.base/java.lang.reflect.Constructor.newInstance(Constructor.java:484)
at org.codehaus.groovy.reflection.CachedConstructor.invoke(CachedConstructor.java:73)
at org.codehaus.groovy.reflection.CachedConstructor.doConstructorInvoke(CachedConstructor.java:60)
at org.codehaus.groovy.runtime.callsite.ConstructorSite$ConstructorSiteNoUnwrap.callConstructor(ConstructorSite.java:86)
at org.codehaus.groovy.runtime.callsite.CallSiteArray.defaultCallConstructor(CallSiteArray.java:57)
at org.codehaus.groovy.runtime.callsite.AbstractCallSite.callConstructor(AbstractCallSite.java:263)
at org.codehaus.groovy.runtime.callsite.AbstractCallSite.callConstructor(AbstractCallSite.java:277)
at io.restassured.internal.common.assertion.AssertParameter.notNull(AssertParameter.groovy:26)
at io.restassured.internal.common.assertion.AssertParameter$notNull.callStatic(Unknown Source)
at org.codehaus.groovy.runtime.callsite.CallSiteArray.defaultCallStatic(CallSiteArray.java:53)
at io.restassured.internal.common.assertion.AssertParameter$notNull.callStatic(Unknown Source)
at io.restassured.internal.RequestSpecificationImpl.pathParam(RequestSpecificationImpl.groovy:515)
at stepdefinitions.Positive_program_sd.we_send_put_url_by_name(Positive_program_sd.java:340)
at ✽.we send put url By Name(file:///C:/Users/sreej/eclipse-NumpyNinja/APITrekkers-Team13/src/test/resources/Features/01ProgramPositive.feature:30)
]]>
    </failure>
  </testcase> <!-- runScenario -->
  <testcase classname="io.cucumber.testng.AbstractTestNGCucumberTests" name="runScenario" time="0.304"/>
  <testcase classname="io.cucumber.testng.AbstractTestNGCucumberTests" name="runScenario" time="0.019">
    <failure type="java.lang.IllegalArgumentException" message="Test name must not be null or empty">
      <![CDATA[java.lang.IllegalArgumentException: Test name must not be null or empty
at com.aventstack.extentreports.util.Assert.notEmpty(Assert.java:12)
at com.aventstack.extentreports.ExtentTest.<init>(ExtentTest.java:96)
at com.aventstack.extentreports.ExtentTest.createNode(ExtentTest.java:153)
at com.aventstack.extentreports.cucumber.adapter.ExtentCucumberAdapter.createScenarioOutline(ExtentCucumberAdapter.java:374)
at com.aventstack.extentreports.cucumber.adapter.ExtentCucumberAdapter.handleScenarioOutline(ExtentCucumberAdapter.java:353)
at com.aventstack.extentreports.cucumber.adapter.ExtentCucumberAdapter.handleTestCaseStarted(ExtentCucumberAdapter.java:162)
at com.aventstack.extentreports.cucumber.adapter.ExtentCucumberAdapter.access$100(ExtentCucumberAdapter.java:63)
at com.aventstack.extentreports.cucumber.adapter.ExtentCucumberAdapter$3.receive(ExtentCucumberAdapter.java:107)
at com.aventstack.extentreports.cucumber.adapter.ExtentCucumberAdapter$3.receive(ExtentCucumberAdapter.java:104)
at io.cucumber.core.eventbus.AbstractEventPublisher.send(AbstractEventPublisher.java:51)
at io.cucumber.core.eventbus.AbstractEventBus.send(AbstractEventBus.java:12)
at io.cucumber.core.runtime.SynchronizedEventBus.send(SynchronizedEventBus.java:47)
at io.cucumber.core.runtime.ThreadLocalRunnerSupplier$LocalEventBus.send(ThreadLocalRunnerSupplier.java:62)
at io.cucumber.core.runner.TestCase.emitTestCaseStarted(TestCase.java:206)
at io.cucumber.core.runner.TestCase.run(TestCase.java:72)
at io.cucumber.core.runner.Runner.runPickle(Runner.java:75)
at io.cucumber.testng.TestNGCucumberRunner.lambda$runScenario$1(TestNGCucumberRunner.java:132)
at io.cucumber.core.runtime.CucumberExecutionContext.lambda$runTestCase$5(CucumberExecutionContext.java:130)
at io.cucumber.core.runtime.RethrowingThrowableCollector.executeAndThrow(RethrowingThrowableCollector.java:23)
at io.cucumber.core.runtime.CucumberExecutionContext.runTestCase(CucumberExecutionContext.java:130)
at io.cucumber.testng.TestNGCucumberRunner.runScenario(TestNGCucumberRunner.java:129)
at io.cucumber.testng.AbstractTestNGCucumberTests.runScenario(AbstractTestNGCucumberTests.java:35)
at java.base/jdk.internal.reflect.DirectMethodHandleAccessor.invoke(DirectMethodHandleAccessor.java:104)
at java.base/java.lang.reflect.Method.invoke(Method.java:578)
at org.testng.internal.MethodInvocationHelper.invokeMethod(MethodInvocationHelper.java:133)
at org.testng.internal.TestInvoker.invokeMethod(TestInvoker.java:598)
at org.testng.internal.TestInvoker.invokeTestMethod(TestInvoker.java:173)
at org.testng.internal.MethodRunner.runInSequence(MethodRunner.java:46)
at org.testng.internal.TestInvoker$MethodInvocationAgent.invoke(TestInvoker.java:824)
at org.testng.internal.TestInvoker.invokeTestMethods(TestInvoker.java:146)
at org.testng.internal.TestMethodWorker.invokeTestMethods(TestMethodWorker.java:146)
at org.testng.internal.TestMethodWorker.run(TestMethodWorker.java:128)
at java.base/java.util.ArrayList.forEach(ArrayList.java:1511)
at org.testng.TestRunner.privateRun(TestRunner.java:794)
at org.testng.TestRunner.run(TestRunner.java:596)
at org.testng.SuiteRunner.runTest(SuiteRunner.java:377)
at org.testng.SuiteRunner.runSequentially(SuiteRunner.java:371)
at org.testng.SuiteRunner.privateRun(SuiteRunner.java:332)
at org.testng.SuiteRunner.run(SuiteRunner.java:276)
at org.testng.SuiteRunnerWorker.runSuite(SuiteRunnerWorker.java:53)
at org.testng.SuiteRunnerWorker.run(SuiteRunnerWorker.java:96)
at org.testng.TestNG.runSuitesSequentially(TestNG.java:1212)
at org.testng.TestNG.runSuitesLocally(TestNG.java:1134)
at org.testng.TestNG.runSuites(TestNG.java:1063)
at org.testng.TestNG.run(TestNG.java:1031)
at org.testng.remote.AbstractRemoteTestNG.run(AbstractRemoteTestNG.java:115)
at org.testng.remote.RemoteTestNG.initAndRun(RemoteTestNG.java:251)
at org.testng.remote.RemoteTestNG.main(RemoteTestNG.java:77)
]]>
    </failure>
  </testcase> <!-- runScenario -->
  <testcase classname="io.cucumber.testng.AbstractTestNGCucumberTests" name="runScenario" time="0.007">
    <failure type="java.lang.IllegalArgumentException" message="Test name must not be null or empty">
      <![CDATA[java.lang.IllegalArgumentException: Test name must not be null or empty
at com.aventstack.extentreports.util.Assert.notEmpty(Assert.java:12)
at com.aventstack.extentreports.ExtentTest.<init>(ExtentTest.java:96)
at com.aventstack.extentreports.ExtentTest.createNode(ExtentTest.java:153)
at com.aventstack.extentreports.cucumber.adapter.ExtentCucumberAdapter.createTestCase(ExtentCucumberAdapter.java:424)
at com.aventstack.extentreports.cucumber.adapter.ExtentCucumberAdapter.handleTestCaseStarted(ExtentCucumberAdapter.java:163)
at com.aventstack.extentreports.cucumber.adapter.ExtentCucumberAdapter.access$100(ExtentCucumberAdapter.java:63)
at com.aventstack.extentreports.cucumber.adapter.ExtentCucumberAdapter$3.receive(ExtentCucumberAdapter.java:107)
at com.aventstack.extentreports.cucumber.adapter.ExtentCucumberAdapter$3.receive(ExtentCucumberAdapter.java:104)
at io.cucumber.core.eventbus.AbstractEventPublisher.send(AbstractEventPublisher.java:51)
at io.cucumber.core.eventbus.AbstractEventBus.send(AbstractEventBus.java:12)
at io.cucumber.core.runtime.SynchronizedEventBus.send(SynchronizedEventBus.java:47)
at io.cucumber.core.runtime.ThreadLocalRunnerSupplier$LocalEventBus.send(ThreadLocalRunnerSupplier.java:62)
at io.cucumber.core.runner.TestCase.emitTestCaseStarted(TestCase.java:206)
at io.cucumber.core.runner.TestCase.run(TestCase.java:72)
at io.cucumber.core.runner.Runner.runPickle(Runner.java:75)
at io.cucumber.testng.TestNGCucumberRunner.lambda$runScenario$1(TestNGCucumberRunner.java:132)
at io.cucumber.core.runtime.CucumberExecutionContext.lambda$runTestCase$5(CucumberExecutionContext.java:130)
at io.cucumber.core.runtime.RethrowingThrowableCollector.executeAndThrow(RethrowingThrowableCollector.java:23)
at io.cucumber.core.runtime.CucumberExecutionContext.runTestCase(CucumberExecutionContext.java:130)
at io.cucumber.testng.TestNGCucumberRunner.runScenario(TestNGCucumberRunner.java:129)
at io.cucumber.testng.AbstractTestNGCucumberTests.runScenario(AbstractTestNGCucumberTests.java:35)
at java.base/jdk.internal.reflect.DirectMethodHandleAccessor.invoke(DirectMethodHandleAccessor.java:104)
at java.base/java.lang.reflect.Method.invoke(Method.java:578)
at org.testng.internal.MethodInvocationHelper.invokeMethod(MethodInvocationHelper.java:133)
at org.testng.internal.TestInvoker.invokeMethod(TestInvoker.java:598)
at org.testng.internal.TestInvoker.invokeTestMethod(TestInvoker.java:173)
at org.testng.internal.MethodRunner.runInSequence(MethodRunner.java:46)
at org.testng.internal.TestInvoker$MethodInvocationAgent.invoke(TestInvoker.java:824)
at org.testng.internal.TestInvoker.invokeTestMethods(TestInvoker.java:146)
at org.testng.internal.TestMethodWorker.invokeTestMethods(TestMethodWorker.java:146)
at org.testng.internal.TestMethodWorker.run(TestMethodWorker.java:128)
at java.base/java.util.ArrayList.forEach(ArrayList.java:1511)
at org.testng.TestRunner.privateRun(TestRunner.java:794)
at org.testng.TestRunner.run(TestRunner.java:596)
at org.testng.SuiteRunner.runTest(SuiteRunner.java:377)
at org.testng.SuiteRunner.runSequentially(SuiteRunner.java:371)
at org.testng.SuiteRunner.privateRun(SuiteRunner.java:332)
at org.testng.SuiteRunner.run(SuiteRunner.java:276)
at org.testng.SuiteRunnerWorker.runSuite(SuiteRunnerWorker.java:53)
at org.testng.SuiteRunnerWorker.run(SuiteRunnerWorker.java:96)
at org.testng.TestNG.runSuitesSequentially(TestNG.java:1212)
at org.testng.TestNG.runSuitesLocally(TestNG.java:1134)
at org.testng.TestNG.runSuites(TestNG.java:1063)
at org.testng.TestNG.run(TestNG.java:1031)
at org.testng.remote.AbstractRemoteTestNG.run(AbstractRemoteTestNG.java:115)
at org.testng.remote.RemoteTestNG.initAndRun(RemoteTestNG.java:251)
at org.testng.remote.RemoteTestNG.main(RemoteTestNG.java:77)
]]>
    </failure>
  </testcase> <!-- runScenario -->
  <testcase classname="io.cucumber.testng.AbstractTestNGCucumberTests" name="runScenario" time="0.008">
    <failure type="java.lang.IllegalArgumentException" message="Test name must not be null or empty">
      <![CDATA[java.lang.IllegalArgumentException: Test name must not be null or empty
at com.aventstack.extentreports.util.Assert.notEmpty(Assert.java:12)
at com.aventstack.extentreports.ExtentTest.<init>(ExtentTest.java:96)
at com.aventstack.extentreports.ExtentTest.createNode(ExtentTest.java:153)
at com.aventstack.extentreports.cucumber.adapter.ExtentCucumberAdapter.createScenarioOutline(ExtentCucumberAdapter.java:374)
at com.aventstack.extentreports.cucumber.adapter.ExtentCucumberAdapter.handleScenarioOutline(ExtentCucumberAdapter.java:353)
at com.aventstack.extentreports.cucumber.adapter.ExtentCucumberAdapter.handleTestCaseStarted(ExtentCucumberAdapter.java:162)
at com.aventstack.extentreports.cucumber.adapter.ExtentCucumberAdapter.access$100(ExtentCucumberAdapter.java:63)
at com.aventstack.extentreports.cucumber.adapter.ExtentCucumberAdapter$3.receive(ExtentCucumberAdapter.java:107)
at com.aventstack.extentreports.cucumber.adapter.ExtentCucumberAdapter$3.receive(ExtentCucumberAdapter.java:104)
at io.cucumber.core.eventbus.AbstractEventPublisher.send(AbstractEventPublisher.java:51)
at io.cucumber.core.eventbus.AbstractEventBus.send(AbstractEventBus.java:12)
at io.cucumber.core.runtime.SynchronizedEventBus.send(SynchronizedEventBus.java:47)
at io.cucumber.core.runtime.ThreadLocalRunnerSupplier$LocalEventBus.send(ThreadLocalRunnerSupplier.java:62)
at io.cucumber.core.runner.TestCase.emitTestCaseStarted(TestCase.java:206)
at io.cucumber.core.runner.TestCase.run(TestCase.java:72)
at io.cucumber.core.runner.Runner.runPickle(Runner.java:75)
at io.cucumber.testng.TestNGCucumberRunner.lambda$runScenario$1(TestNGCucumberRunner.java:132)
at io.cucumber.core.runtime.CucumberExecutionContext.lambda$runTestCase$5(CucumberExecutionContext.java:130)
at io.cucumber.core.runtime.RethrowingThrowableCollector.executeAndThrow(RethrowingThrowableCollector.java:23)
at io.cucumber.core.runtime.CucumberExecutionContext.runTestCase(CucumberExecutionContext.java:130)
at io.cucumber.testng.TestNGCucumberRunner.runScenario(TestNGCucumberRunner.java:129)
at io.cucumber.testng.AbstractTestNGCucumberTests.runScenario(AbstractTestNGCucumberTests.java:35)
at java.base/jdk.internal.reflect.DirectMethodHandleAccessor.invoke(DirectMethodHandleAccessor.java:104)
at java.base/java.lang.reflect.Method.invoke(Method.java:578)
at org.testng.internal.MethodInvocationHelper.invokeMethod(MethodInvocationHelper.java:133)
at org.testng.internal.TestInvoker.invokeMethod(TestInvoker.java:598)
at org.testng.internal.TestInvoker.invokeTestMethod(TestInvoker.java:173)
at org.testng.internal.MethodRunner.runInSequence(MethodRunner.java:46)
at org.testng.internal.TestInvoker$MethodInvocationAgent.invoke(TestInvoker.java:824)
at org.testng.internal.TestInvoker.invokeTestMethods(TestInvoker.java:146)
at org.testng.internal.TestMethodWorker.invokeTestMethods(TestMethodWorker.java:146)
at org.testng.internal.TestMethodWorker.run(TestMethodWorker.java:128)
at java.base/java.util.ArrayList.forEach(ArrayList.java:1511)
at org.testng.TestRunner.privateRun(TestRunner.java:794)
at org.testng.TestRunner.run(TestRunner.java:596)
at org.testng.SuiteRunner.runTest(SuiteRunner.java:377)
at org.testng.SuiteRunner.runSequentially(SuiteRunner.java:371)
at org.testng.SuiteRunner.privateRun(SuiteRunner.java:332)
at org.testng.SuiteRunner.run(SuiteRunner.java:276)
at org.testng.SuiteRunnerWorker.runSuite(SuiteRunnerWorker.java:53)
at org.testng.SuiteRunnerWorker.run(SuiteRunnerWorker.java:96)
at org.testng.TestNG.runSuitesSequentially(TestNG.java:1212)
at org.testng.TestNG.runSuitesLocally(TestNG.java:1134)
at org.testng.TestNG.runSuites(TestNG.java:1063)
at org.testng.TestNG.run(TestNG.java:1031)
at org.testng.remote.AbstractRemoteTestNG.run(AbstractRemoteTestNG.java:115)
at org.testng.remote.RemoteTestNG.initAndRun(RemoteTestNG.java:251)
at org.testng.remote.RemoteTestNG.main(RemoteTestNG.java:77)
]]>
    </failure>
  </testcase> <!-- runScenario -->
  <testcase classname="io.cucumber.testng.AbstractTestNGCucumberTests" name="runScenario" time="0.005">
    <failure type="java.lang.IllegalArgumentException" message="Test name must not be null or empty">
      <![CDATA[java.lang.IllegalArgumentException: Test name must not be null or empty
at com.aventstack.extentreports.util.Assert.notEmpty(Assert.java:12)
at com.aventstack.extentreports.ExtentTest.<init>(ExtentTest.java:96)
at com.aventstack.extentreports.ExtentTest.createNode(ExtentTest.java:153)
at com.aventstack.extentreports.cucumber.adapter.ExtentCucumberAdapter.createScenarioOutline(ExtentCucumberAdapter.java:374)
at com.aventstack.extentreports.cucumber.adapter.ExtentCucumberAdapter.handleScenarioOutline(ExtentCucumberAdapter.java:353)
at com.aventstack.extentreports.cucumber.adapter.ExtentCucumberAdapter.handleTestCaseStarted(ExtentCucumberAdapter.java:162)
at com.aventstack.extentreports.cucumber.adapter.ExtentCucumberAdapter.access$100(ExtentCucumberAdapter.java:63)
at com.aventstack.extentreports.cucumber.adapter.ExtentCucumberAdapter$3.receive(ExtentCucumberAdapter.java:107)
at com.aventstack.extentreports.cucumber.adapter.ExtentCucumberAdapter$3.receive(ExtentCucumberAdapter.java:104)
at io.cucumber.core.eventbus.AbstractEventPublisher.send(AbstractEventPublisher.java:51)
at io.cucumber.core.eventbus.AbstractEventBus.send(AbstractEventBus.java:12)
at io.cucumber.core.runtime.SynchronizedEventBus.send(SynchronizedEventBus.java:47)
at io.cucumber.core.runtime.ThreadLocalRunnerSupplier$LocalEventBus.send(ThreadLocalRunnerSupplier.java:62)
at io.cucumber.core.runner.TestCase.emitTestCaseStarted(TestCase.java:206)
at io.cucumber.core.runner.TestCase.run(TestCase.java:72)
at io.cucumber.core.runner.Runner.runPickle(Runner.java:75)
at io.cucumber.testng.TestNGCucumberRunner.lambda$runScenario$1(TestNGCucumberRunner.java:132)
at io.cucumber.core.runtime.CucumberExecutionContext.lambda$runTestCase$5(CucumberExecutionContext.java:130)
at io.cucumber.core.runtime.RethrowingThrowableCollector.executeAndThrow(RethrowingThrowableCollector.java:23)
at io.cucumber.core.runtime.CucumberExecutionContext.runTestCase(CucumberExecutionContext.java:130)
at io.cucumber.testng.TestNGCucumberRunner.runScenario(TestNGCucumberRunner.java:129)
at io.cucumber.testng.AbstractTestNGCucumberTests.runScenario(AbstractTestNGCucumberTests.java:35)
at java.base/jdk.internal.reflect.DirectMethodHandleAccessor.invoke(DirectMethodHandleAccessor.java:104)
at java.base/java.lang.reflect.Method.invoke(Method.java:578)
at org.testng.internal.MethodInvocationHelper.invokeMethod(MethodInvocationHelper.java:133)
at org.testng.internal.TestInvoker.invokeMethod(TestInvoker.java:598)
at org.testng.internal.TestInvoker.invokeTestMethod(TestInvoker.java:173)
at org.testng.internal.MethodRunner.runInSequence(MethodRunner.java:46)
at org.testng.internal.TestInvoker$MethodInvocationAgent.invoke(TestInvoker.java:824)
at org.testng.internal.TestInvoker.invokeTestMethods(TestInvoker.java:146)
at org.testng.internal.TestMethodWorker.invokeTestMethods(TestMethodWorker.java:146)
at org.testng.internal.TestMethodWorker.run(TestMethodWorker.java:128)
at java.base/java.util.ArrayList.forEach(ArrayList.java:1511)
at org.testng.TestRunner.privateRun(TestRunner.java:794)
at org.testng.TestRunner.run(TestRunner.java:596)
at org.testng.SuiteRunner.runTest(SuiteRunner.java:377)
at org.testng.SuiteRunner.runSequentially(SuiteRunner.java:371)
at org.testng.SuiteRunner.privateRun(SuiteRunner.java:332)
at org.testng.SuiteRunner.run(SuiteRunner.java:276)
at org.testng.SuiteRunnerWorker.runSuite(SuiteRunnerWorker.java:53)
at org.testng.SuiteRunnerWorker.run(SuiteRunnerWorker.java:96)
at org.testng.TestNG.runSuitesSequentially(TestNG.java:1212)
at org.testng.TestNG.runSuitesLocally(TestNG.java:1134)
at org.testng.TestNG.runSuites(TestNG.java:1063)
at org.testng.TestNG.run(TestNG.java:1031)
at org.testng.remote.AbstractRemoteTestNG.run(AbstractRemoteTestNG.java:115)
at org.testng.remote.RemoteTestNG.initAndRun(RemoteTestNG.java:251)
at org.testng.remote.RemoteTestNG.main(RemoteTestNG.java:77)
]]>
    </failure>
  </testcase> <!-- runScenario -->
  <testcase classname="io.cucumber.testng.AbstractTestNGCucumberTests" name="runScenario" time="0.004">
    <failure type="java.lang.IllegalArgumentException" message="Test name must not be null or empty">
      <![CDATA[java.lang.IllegalArgumentException: Test name must not be null or empty
at com.aventstack.extentreports.util.Assert.notEmpty(Assert.java:12)
at com.aventstack.extentreports.ExtentTest.<init>(ExtentTest.java:96)
at com.aventstack.extentreports.ExtentTest.createNode(ExtentTest.java:153)
at com.aventstack.extentreports.cucumber.adapter.ExtentCucumberAdapter.createScenarioOutline(ExtentCucumberAdapter.java:374)
at com.aventstack.extentreports.cucumber.adapter.ExtentCucumberAdapter.handleScenarioOutline(ExtentCucumberAdapter.java:353)
at com.aventstack.extentreports.cucumber.adapter.ExtentCucumberAdapter.handleTestCaseStarted(ExtentCucumberAdapter.java:162)
at com.aventstack.extentreports.cucumber.adapter.ExtentCucumberAdapter.access$100(ExtentCucumberAdapter.java:63)
at com.aventstack.extentreports.cucumber.adapter.ExtentCucumberAdapter$3.receive(ExtentCucumberAdapter.java:107)
at com.aventstack.extentreports.cucumber.adapter.ExtentCucumberAdapter$3.receive(ExtentCucumberAdapter.java:104)
at io.cucumber.core.eventbus.AbstractEventPublisher.send(AbstractEventPublisher.java:51)
at io.cucumber.core.eventbus.AbstractEventBus.send(AbstractEventBus.java:12)
at io.cucumber.core.runtime.SynchronizedEventBus.send(SynchronizedEventBus.java:47)
at io.cucumber.core.runtime.ThreadLocalRunnerSupplier$LocalEventBus.send(ThreadLocalRunnerSupplier.java:62)
at io.cucumber.core.runner.TestCase.emitTestCaseStarted(TestCase.java:206)
at io.cucumber.core.runner.TestCase.run(TestCase.java:72)
at io.cucumber.core.runner.Runner.runPickle(Runner.java:75)
at io.cucumber.testng.TestNGCucumberRunner.lambda$runScenario$1(TestNGCucumberRunner.java:132)
at io.cucumber.core.runtime.CucumberExecutionContext.lambda$runTestCase$5(CucumberExecutionContext.java:130)
at io.cucumber.core.runtime.RethrowingThrowableCollector.executeAndThrow(RethrowingThrowableCollector.java:23)
at io.cucumber.core.runtime.CucumberExecutionContext.runTestCase(CucumberExecutionContext.java:130)
at io.cucumber.testng.TestNGCucumberRunner.runScenario(TestNGCucumberRunner.java:129)
at io.cucumber.testng.AbstractTestNGCucumberTests.runScenario(AbstractTestNGCucumberTests.java:35)
at java.base/jdk.internal.reflect.DirectMethodHandleAccessor.invoke(DirectMethodHandleAccessor.java:104)
at java.base/java.lang.reflect.Method.invoke(Method.java:578)
at org.testng.internal.MethodInvocationHelper.invokeMethod(MethodInvocationHelper.java:133)
at org.testng.internal.TestInvoker.invokeMethod(TestInvoker.java:598)
at org.testng.internal.TestInvoker.invokeTestMethod(TestInvoker.java:173)
at org.testng.internal.MethodRunner.runInSequence(MethodRunner.java:46)
at org.testng.internal.TestInvoker$MethodInvocationAgent.invoke(TestInvoker.java:824)
at org.testng.internal.TestInvoker.invokeTestMethods(TestInvoker.java:146)
at org.testng.internal.TestMethodWorker.invokeTestMethods(TestMethodWorker.java:146)
at org.testng.internal.TestMethodWorker.run(TestMethodWorker.java:128)
at java.base/java.util.ArrayList.forEach(ArrayList.java:1511)
at org.testng.TestRunner.privateRun(TestRunner.java:794)
at org.testng.TestRunner.run(TestRunner.java:596)
at org.testng.SuiteRunner.runTest(SuiteRunner.java:377)
at org.testng.SuiteRunner.runSequentially(SuiteRunner.java:371)
at org.testng.SuiteRunner.privateRun(SuiteRunner.java:332)
at org.testng.SuiteRunner.run(SuiteRunner.java:276)
at org.testng.SuiteRunnerWorker.runSuite(SuiteRunnerWorker.java:53)
at org.testng.SuiteRunnerWorker.run(SuiteRunnerWorker.java:96)
at org.testng.TestNG.runSuitesSequentially(TestNG.java:1212)
at org.testng.TestNG.runSuitesLocally(TestNG.java:1134)
at org.testng.TestNG.runSuites(TestNG.java:1063)
at org.testng.TestNG.run(TestNG.java:1031)
at org.testng.remote.AbstractRemoteTestNG.run(AbstractRemoteTestNG.java:115)
at org.testng.remote.RemoteTestNG.initAndRun(RemoteTestNG.java:251)
at org.testng.remote.RemoteTestNG.main(RemoteTestNG.java:77)
]]>
    </failure>
  </testcase> <!-- runScenario -->
  <testcase classname="io.cucumber.testng.AbstractTestNGCucumberTests" name="runScenario" time="0.005">
    <failure type="java.lang.IllegalArgumentException" message="Test name must not be null or empty">
      <![CDATA[java.lang.IllegalArgumentException: Test name must not be null or empty
at com.aventstack.extentreports.util.Assert.notEmpty(Assert.java:12)
at com.aventstack.extentreports.ExtentTest.<init>(ExtentTest.java:96)
at com.aventstack.extentreports.ExtentTest.createNode(ExtentTest.java:153)
at com.aventstack.extentreports.cucumber.adapter.ExtentCucumberAdapter.createScenarioOutline(ExtentCucumberAdapter.java:374)
at com.aventstack.extentreports.cucumber.adapter.ExtentCucumberAdapter.handleScenarioOutline(ExtentCucumberAdapter.java:353)
at com.aventstack.extentreports.cucumber.adapter.ExtentCucumberAdapter.handleTestCaseStarted(ExtentCucumberAdapter.java:162)
at com.aventstack.extentreports.cucumber.adapter.ExtentCucumberAdapter.access$100(ExtentCucumberAdapter.java:63)
at com.aventstack.extentreports.cucumber.adapter.ExtentCucumberAdapter$3.receive(ExtentCucumberAdapter.java:107)
at com.aventstack.extentreports.cucumber.adapter.ExtentCucumberAdapter$3.receive(ExtentCucumberAdapter.java:104)
at io.cucumber.core.eventbus.AbstractEventPublisher.send(AbstractEventPublisher.java:51)
at io.cucumber.core.eventbus.AbstractEventBus.send(AbstractEventBus.java:12)
at io.cucumber.core.runtime.SynchronizedEventBus.send(SynchronizedEventBus.java:47)
at io.cucumber.core.runtime.ThreadLocalRunnerSupplier$LocalEventBus.send(ThreadLocalRunnerSupplier.java:62)
at io.cucumber.core.runner.TestCase.emitTestCaseStarted(TestCase.java:206)
at io.cucumber.core.runner.TestCase.run(TestCase.java:72)
at io.cucumber.core.runner.Runner.runPickle(Runner.java:75)
at io.cucumber.testng.TestNGCucumberRunner.lambda$runScenario$1(TestNGCucumberRunner.java:132)
at io.cucumber.core.runtime.CucumberExecutionContext.lambda$runTestCase$5(CucumberExecutionContext.java:130)
at io.cucumber.core.runtime.RethrowingThrowableCollector.executeAndThrow(RethrowingThrowableCollector.java:23)
at io.cucumber.core.runtime.CucumberExecutionContext.runTestCase(CucumberExecutionContext.java:130)
at io.cucumber.testng.TestNGCucumberRunner.runScenario(TestNGCucumberRunner.java:129)
at io.cucumber.testng.AbstractTestNGCucumberTests.runScenario(AbstractTestNGCucumberTests.java:35)
at java.base/jdk.internal.reflect.DirectMethodHandleAccessor.invoke(DirectMethodHandleAccessor.java:104)
at java.base/java.lang.reflect.Method.invoke(Method.java:578)
at org.testng.internal.MethodInvocationHelper.invokeMethod(MethodInvocationHelper.java:133)
at org.testng.internal.TestInvoker.invokeMethod(TestInvoker.java:598)
at org.testng.internal.TestInvoker.invokeTestMethod(TestInvoker.java:173)
at org.testng.internal.MethodRunner.runInSequence(MethodRunner.java:46)
at org.testng.internal.TestInvoker$MethodInvocationAgent.invoke(TestInvoker.java:824)
at org.testng.internal.TestInvoker.invokeTestMethods(TestInvoker.java:146)
at org.testng.internal.TestMethodWorker.invokeTestMethods(TestMethodWorker.java:146)
at org.testng.internal.TestMethodWorker.run(TestMethodWorker.java:128)
at java.base/java.util.ArrayList.forEach(ArrayList.java:1511)
at org.testng.TestRunner.privateRun(TestRunner.java:794)
at org.testng.TestRunner.run(TestRunner.java:596)
at org.testng.SuiteRunner.runTest(SuiteRunner.java:377)
at org.testng.SuiteRunner.runSequentially(SuiteRunner.java:371)
at org.testng.SuiteRunner.privateRun(SuiteRunner.java:332)
at org.testng.SuiteRunner.run(SuiteRunner.java:276)
at org.testng.SuiteRunnerWorker.runSuite(SuiteRunnerWorker.java:53)
at org.testng.SuiteRunnerWorker.run(SuiteRunnerWorker.java:96)
at org.testng.TestNG.runSuitesSequentially(TestNG.java:1212)
at org.testng.TestNG.runSuitesLocally(TestNG.java:1134)
at org.testng.TestNG.runSuites(TestNG.java:1063)
at org.testng.TestNG.run(TestNG.java:1031)
at org.testng.remote.AbstractRemoteTestNG.run(AbstractRemoteTestNG.java:115)
at org.testng.remote.RemoteTestNG.initAndRun(RemoteTestNG.java:251)
at org.testng.remote.RemoteTestNG.main(RemoteTestNG.java:77)
]]>
    </failure>
  </testcase> <!-- runScenario -->
  <testcase classname="io.cucumber.testng.AbstractTestNGCucumberTests" name="runScenario" time="0.01">
    <failure type="java.lang.IllegalArgumentException" message="Test name must not be null or empty">
      <![CDATA[java.lang.IllegalArgumentException: Test name must not be null or empty
at com.aventstack.extentreports.util.Assert.notEmpty(Assert.java:12)
at com.aventstack.extentreports.ExtentTest.<init>(ExtentTest.java:96)
at com.aventstack.extentreports.ExtentTest.createNode(ExtentTest.java:153)
at com.aventstack.extentreports.cucumber.adapter.ExtentCucumberAdapter.createScenarioOutline(ExtentCucumberAdapter.java:374)
at com.aventstack.extentreports.cucumber.adapter.ExtentCucumberAdapter.handleScenarioOutline(ExtentCucumberAdapter.java:353)
at com.aventstack.extentreports.cucumber.adapter.ExtentCucumberAdapter.handleTestCaseStarted(ExtentCucumberAdapter.java:162)
at com.aventstack.extentreports.cucumber.adapter.ExtentCucumberAdapter.access$100(ExtentCucumberAdapter.java:63)
at com.aventstack.extentreports.cucumber.adapter.ExtentCucumberAdapter$3.receive(ExtentCucumberAdapter.java:107)
at com.aventstack.extentreports.cucumber.adapter.ExtentCucumberAdapter$3.receive(ExtentCucumberAdapter.java:104)
at io.cucumber.core.eventbus.AbstractEventPublisher.send(AbstractEventPublisher.java:51)
at io.cucumber.core.eventbus.AbstractEventBus.send(AbstractEventBus.java:12)
at io.cucumber.core.runtime.SynchronizedEventBus.send(SynchronizedEventBus.java:47)
at io.cucumber.core.runtime.ThreadLocalRunnerSupplier$LocalEventBus.send(ThreadLocalRunnerSupplier.java:62)
at io.cucumber.core.runner.TestCase.emitTestCaseStarted(TestCase.java:206)
at io.cucumber.core.runner.TestCase.run(TestCase.java:72)
at io.cucumber.core.runner.Runner.runPickle(Runner.java:75)
at io.cucumber.testng.TestNGCucumberRunner.lambda$runScenario$1(TestNGCucumberRunner.java:132)
at io.cucumber.core.runtime.CucumberExecutionContext.lambda$runTestCase$5(CucumberExecutionContext.java:130)
at io.cucumber.core.runtime.RethrowingThrowableCollector.executeAndThrow(RethrowingThrowableCollector.java:23)
at io.cucumber.core.runtime.CucumberExecutionContext.runTestCase(CucumberExecutionContext.java:130)
at io.cucumber.testng.TestNGCucumberRunner.runScenario(TestNGCucumberRunner.java:129)
at io.cucumber.testng.AbstractTestNGCucumberTests.runScenario(AbstractTestNGCucumberTests.java:35)
at java.base/jdk.internal.reflect.DirectMethodHandleAccessor.invoke(DirectMethodHandleAccessor.java:104)
at java.base/java.lang.reflect.Method.invoke(Method.java:578)
at org.testng.internal.MethodInvocationHelper.invokeMethod(MethodInvocationHelper.java:133)
at org.testng.internal.TestInvoker.invokeMethod(TestInvoker.java:598)
at org.testng.internal.TestInvoker.invokeTestMethod(TestInvoker.java:173)
at org.testng.internal.MethodRunner.runInSequence(MethodRunner.java:46)
at org.testng.internal.TestInvoker$MethodInvocationAgent.invoke(TestInvoker.java:824)
at org.testng.internal.TestInvoker.invokeTestMethods(TestInvoker.java:146)
at org.testng.internal.TestMethodWorker.invokeTestMethods(TestMethodWorker.java:146)
at org.testng.internal.TestMethodWorker.run(TestMethodWorker.java:128)
at java.base/java.util.ArrayList.forEach(ArrayList.java:1511)
at org.testng.TestRunner.privateRun(TestRunner.java:794)
at org.testng.TestRunner.run(TestRunner.java:596)
at org.testng.SuiteRunner.runTest(SuiteRunner.java:377)
at org.testng.SuiteRunner.runSequentially(SuiteRunner.java:371)
at org.testng.SuiteRunner.privateRun(SuiteRunner.java:332)
at org.testng.SuiteRunner.run(SuiteRunner.java:276)
at org.testng.SuiteRunnerWorker.runSuite(SuiteRunnerWorker.java:53)
at org.testng.SuiteRunnerWorker.run(SuiteRunnerWorker.java:96)
at org.testng.TestNG.runSuitesSequentially(TestNG.java:1212)
at org.testng.TestNG.runSuitesLocally(TestNG.java:1134)
at org.testng.TestNG.runSuites(TestNG.java:1063)
at org.testng.TestNG.run(TestNG.java:1031)
at org.testng.remote.AbstractRemoteTestNG.run(AbstractRemoteTestNG.java:115)
at org.testng.remote.RemoteTestNG.initAndRun(RemoteTestNG.java:251)
at org.testng.remote.RemoteTestNG.main(RemoteTestNG.java:77)
]]>
    </failure>
  </testcase> <!-- runScenario -->
  <testcase classname="io.cucumber.testng.AbstractTestNGCucumberTests" name="runScenario" time="0.005">
    <failure type="java.lang.IllegalArgumentException" message="Test name must not be null or empty">
      <![CDATA[java.lang.IllegalArgumentException: Test name must not be null or empty
at com.aventstack.extentreports.util.Assert.notEmpty(Assert.java:12)
at com.aventstack.extentreports.ExtentTest.<init>(ExtentTest.java:96)
at com.aventstack.extentreports.ExtentTest.createNode(ExtentTest.java:153)
at com.aventstack.extentreports.cucumber.adapter.ExtentCucumberAdapter.createScenarioOutline(ExtentCucumberAdapter.java:374)
at com.aventstack.extentreports.cucumber.adapter.ExtentCucumberAdapter.handleScenarioOutline(ExtentCucumberAdapter.java:353)
at com.aventstack.extentreports.cucumber.adapter.ExtentCucumberAdapter.handleTestCaseStarted(ExtentCucumberAdapter.java:162)
at com.aventstack.extentreports.cucumber.adapter.ExtentCucumberAdapter.access$100(ExtentCucumberAdapter.java:63)
at com.aventstack.extentreports.cucumber.adapter.ExtentCucumberAdapter$3.receive(ExtentCucumberAdapter.java:107)
at com.aventstack.extentreports.cucumber.adapter.ExtentCucumberAdapter$3.receive(ExtentCucumberAdapter.java:104)
at io.cucumber.core.eventbus.AbstractEventPublisher.send(AbstractEventPublisher.java:51)
at io.cucumber.core.eventbus.AbstractEventBus.send(AbstractEventBus.java:12)
at io.cucumber.core.runtime.SynchronizedEventBus.send(SynchronizedEventBus.java:47)
at io.cucumber.core.runtime.ThreadLocalRunnerSupplier$LocalEventBus.send(ThreadLocalRunnerSupplier.java:62)
at io.cucumber.core.runner.TestCase.emitTestCaseStarted(TestCase.java:206)
at io.cucumber.core.runner.TestCase.run(TestCase.java:72)
at io.cucumber.core.runner.Runner.runPickle(Runner.java:75)
at io.cucumber.testng.TestNGCucumberRunner.lambda$runScenario$1(TestNGCucumberRunner.java:132)
at io.cucumber.core.runtime.CucumberExecutionContext.lambda$runTestCase$5(CucumberExecutionContext.java:130)
at io.cucumber.core.runtime.RethrowingThrowableCollector.executeAndThrow(RethrowingThrowableCollector.java:23)
at io.cucumber.core.runtime.CucumberExecutionContext.runTestCase(CucumberExecutionContext.java:130)
at io.cucumber.testng.TestNGCucumberRunner.runScenario(TestNGCucumberRunner.java:129)
at io.cucumber.testng.AbstractTestNGCucumberTests.runScenario(AbstractTestNGCucumberTests.java:35)
at java.base/jdk.internal.reflect.DirectMethodHandleAccessor.invoke(DirectMethodHandleAccessor.java:104)
at java.base/java.lang.reflect.Method.invoke(Method.java:578)
at org.testng.internal.MethodInvocationHelper.invokeMethod(MethodInvocationHelper.java:133)
at org.testng.internal.TestInvoker.invokeMethod(TestInvoker.java:598)
at org.testng.internal.TestInvoker.invokeTestMethod(TestInvoker.java:173)
at org.testng.internal.MethodRunner.runInSequence(MethodRunner.java:46)
at org.testng.internal.TestInvoker$MethodInvocationAgent.invoke(TestInvoker.java:824)
at org.testng.internal.TestInvoker.invokeTestMethods(TestInvoker.java:146)
at org.testng.internal.TestMethodWorker.invokeTestMethods(TestMethodWorker.java:146)
at org.testng.internal.TestMethodWorker.run(TestMethodWorker.java:128)
at java.base/java.util.ArrayList.forEach(ArrayList.java:1511)
at org.testng.TestRunner.privateRun(TestRunner.java:794)
at org.testng.TestRunner.run(TestRunner.java:596)
at org.testng.SuiteRunner.runTest(SuiteRunner.java:377)
at org.testng.SuiteRunner.runSequentially(SuiteRunner.java:371)
at org.testng.SuiteRunner.privateRun(SuiteRunner.java:332)
at org.testng.SuiteRunner.run(SuiteRunner.java:276)
at org.testng.SuiteRunnerWorker.runSuite(SuiteRunnerWorker.java:53)
at org.testng.SuiteRunnerWorker.run(SuiteRunnerWorker.java:96)
at org.testng.TestNG.runSuitesSequentially(TestNG.java:1212)
at org.testng.TestNG.runSuitesLocally(TestNG.java:1134)
at org.testng.TestNG.runSuites(TestNG.java:1063)
at org.testng.TestNG.run(TestNG.java:1031)
at org.testng.remote.AbstractRemoteTestNG.run(AbstractRemoteTestNG.java:115)
at org.testng.remote.RemoteTestNG.initAndRun(RemoteTestNG.java:251)
at org.testng.remote.RemoteTestNG.main(RemoteTestNG.java:77)
]]>
    </failure>
  </testcase> <!-- runScenario -->
  <testcase classname="io.cucumber.testng.AbstractTestNGCucumberTests" name="runScenario" time="0.004">
    <failure type="java.lang.IllegalArgumentException" message="Test name must not be null or empty">
      <![CDATA[java.lang.IllegalArgumentException: Test name must not be null or empty
at com.aventstack.extentreports.util.Assert.notEmpty(Assert.java:12)
at com.aventstack.extentreports.ExtentTest.<init>(ExtentTest.java:96)
at com.aventstack.extentreports.ExtentTest.createNode(ExtentTest.java:153)
at com.aventstack.extentreports.cucumber.adapter.ExtentCucumberAdapter.createScenarioOutline(ExtentCucumberAdapter.java:374)
at com.aventstack.extentreports.cucumber.adapter.ExtentCucumberAdapter.handleScenarioOutline(ExtentCucumberAdapter.java:353)
at com.aventstack.extentreports.cucumber.adapter.ExtentCucumberAdapter.handleTestCaseStarted(ExtentCucumberAdapter.java:162)
at com.aventstack.extentreports.cucumber.adapter.ExtentCucumberAdapter.access$100(ExtentCucumberAdapter.java:63)
at com.aventstack.extentreports.cucumber.adapter.ExtentCucumberAdapter$3.receive(ExtentCucumberAdapter.java:107)
at com.aventstack.extentreports.cucumber.adapter.ExtentCucumberAdapter$3.receive(ExtentCucumberAdapter.java:104)
at io.cucumber.core.eventbus.AbstractEventPublisher.send(AbstractEventPublisher.java:51)
at io.cucumber.core.eventbus.AbstractEventBus.send(AbstractEventBus.java:12)
at io.cucumber.core.runtime.SynchronizedEventBus.send(SynchronizedEventBus.java:47)
at io.cucumber.core.runtime.ThreadLocalRunnerSupplier$LocalEventBus.send(ThreadLocalRunnerSupplier.java:62)
at io.cucumber.core.runner.TestCase.emitTestCaseStarted(TestCase.java:206)
at io.cucumber.core.runner.TestCase.run(TestCase.java:72)
at io.cucumber.core.runner.Runner.runPickle(Runner.java:75)
at io.cucumber.testng.TestNGCucumberRunner.lambda$runScenario$1(TestNGCucumberRunner.java:132)
at io.cucumber.core.runtime.CucumberExecutionContext.lambda$runTestCase$5(CucumberExecutionContext.java:130)
at io.cucumber.core.runtime.RethrowingThrowableCollector.executeAndThrow(RethrowingThrowableCollector.java:23)
at io.cucumber.core.runtime.CucumberExecutionContext.runTestCase(CucumberExecutionContext.java:130)
at io.cucumber.testng.TestNGCucumberRunner.runScenario(TestNGCucumberRunner.java:129)
at io.cucumber.testng.AbstractTestNGCucumberTests.runScenario(AbstractTestNGCucumberTests.java:35)
at java.base/jdk.internal.reflect.DirectMethodHandleAccessor.invoke(DirectMethodHandleAccessor.java:104)
at java.base/java.lang.reflect.Method.invoke(Method.java:578)
at org.testng.internal.MethodInvocationHelper.invokeMethod(MethodInvocationHelper.java:133)
at org.testng.internal.TestInvoker.invokeMethod(TestInvoker.java:598)
at org.testng.internal.TestInvoker.invokeTestMethod(TestInvoker.java:173)
at org.testng.internal.MethodRunner.runInSequence(MethodRunner.java:46)
at org.testng.internal.TestInvoker$MethodInvocationAgent.invoke(TestInvoker.java:824)
at org.testng.internal.TestInvoker.invokeTestMethods(TestInvoker.java:146)
at org.testng.internal.TestMethodWorker.invokeTestMethods(TestMethodWorker.java:146)
at org.testng.internal.TestMethodWorker.run(TestMethodWorker.java:128)
at java.base/java.util.ArrayList.forEach(ArrayList.java:1511)
at org.testng.TestRunner.privateRun(TestRunner.java:794)
at org.testng.TestRunner.run(TestRunner.java:596)
at org.testng.SuiteRunner.runTest(SuiteRunner.java:377)
at org.testng.SuiteRunner.runSequentially(SuiteRunner.java:371)
at org.testng.SuiteRunner.privateRun(SuiteRunner.java:332)
at org.testng.SuiteRunner.run(SuiteRunner.java:276)
at org.testng.SuiteRunnerWorker.runSuite(SuiteRunnerWorker.java:53)
at org.testng.SuiteRunnerWorker.run(SuiteRunnerWorker.java:96)
at org.testng.TestNG.runSuitesSequentially(TestNG.java:1212)
at org.testng.TestNG.runSuitesLocally(TestNG.java:1134)
at org.testng.TestNG.runSuites(TestNG.java:1063)
at org.testng.TestNG.run(TestNG.java:1031)
at org.testng.remote.AbstractRemoteTestNG.run(AbstractRemoteTestNG.java:115)
at org.testng.remote.RemoteTestNG.initAndRun(RemoteTestNG.java:251)
at org.testng.remote.RemoteTestNG.main(RemoteTestNG.java:77)
]]>
    </failure>
  </testcase> <!-- runScenario -->
  <testcase classname="io.cucumber.testng.AbstractTestNGCucumberTests" name="runScenario" time="0.005">
    <failure type="java.lang.IllegalArgumentException" message="Test name must not be null or empty">
      <![CDATA[java.lang.IllegalArgumentException: Test name must not be null or empty
at com.aventstack.extentreports.util.Assert.notEmpty(Assert.java:12)
at com.aventstack.extentreports.ExtentTest.<init>(ExtentTest.java:96)
at com.aventstack.extentreports.ExtentTest.createNode(ExtentTest.java:153)
at com.aventstack.extentreports.cucumber.adapter.ExtentCucumberAdapter.createTestCase(ExtentCucumberAdapter.java:424)
at com.aventstack.extentreports.cucumber.adapter.ExtentCucumberAdapter.handleTestCaseStarted(ExtentCucumberAdapter.java:163)
at com.aventstack.extentreports.cucumber.adapter.ExtentCucumberAdapter.access$100(ExtentCucumberAdapter.java:63)
at com.aventstack.extentreports.cucumber.adapter.ExtentCucumberAdapter$3.receive(ExtentCucumberAdapter.java:107)
at com.aventstack.extentreports.cucumber.adapter.ExtentCucumberAdapter$3.receive(ExtentCucumberAdapter.java:104)
at io.cucumber.core.eventbus.AbstractEventPublisher.send(AbstractEventPublisher.java:51)
at io.cucumber.core.eventbus.AbstractEventBus.send(AbstractEventBus.java:12)
at io.cucumber.core.runtime.SynchronizedEventBus.send(SynchronizedEventBus.java:47)
at io.cucumber.core.runtime.ThreadLocalRunnerSupplier$LocalEventBus.send(ThreadLocalRunnerSupplier.java:62)
at io.cucumber.core.runner.TestCase.emitTestCaseStarted(TestCase.java:206)
at io.cucumber.core.runner.TestCase.run(TestCase.java:72)
at io.cucumber.core.runner.Runner.runPickle(Runner.java:75)
at io.cucumber.testng.TestNGCucumberRunner.lambda$runScenario$1(TestNGCucumberRunner.java:132)
at io.cucumber.core.runtime.CucumberExecutionContext.lambda$runTestCase$5(CucumberExecutionContext.java:130)
at io.cucumber.core.runtime.RethrowingThrowableCollector.executeAndThrow(RethrowingThrowableCollector.java:23)
at io.cucumber.core.runtime.CucumberExecutionContext.runTestCase(CucumberExecutionContext.java:130)
at io.cucumber.testng.TestNGCucumberRunner.runScenario(TestNGCucumberRunner.java:129)
at io.cucumber.testng.AbstractTestNGCucumberTests.runScenario(AbstractTestNGCucumberTests.java:35)
at java.base/jdk.internal.reflect.DirectMethodHandleAccessor.invoke(DirectMethodHandleAccessor.java:104)
at java.base/java.lang.reflect.Method.invoke(Method.java:578)
at org.testng.internal.MethodInvocationHelper.invokeMethod(MethodInvocationHelper.java:133)
at org.testng.internal.TestInvoker.invokeMethod(TestInvoker.java:598)
at org.testng.internal.TestInvoker.invokeTestMethod(TestInvoker.java:173)
at org.testng.internal.MethodRunner.runInSequence(MethodRunner.java:46)
at org.testng.internal.TestInvoker$MethodInvocationAgent.invoke(TestInvoker.java:824)
at org.testng.internal.TestInvoker.invokeTestMethods(TestInvoker.java:146)
at org.testng.internal.TestMethodWorker.invokeTestMethods(TestMethodWorker.java:146)
at org.testng.internal.TestMethodWorker.run(TestMethodWorker.java:128)
at java.base/java.util.ArrayList.forEach(ArrayList.java:1511)
at org.testng.TestRunner.privateRun(TestRunner.java:794)
at org.testng.TestRunner.run(TestRunner.java:596)
at org.testng.SuiteRunner.runTest(SuiteRunner.java:377)
at org.testng.SuiteRunner.runSequentially(SuiteRunner.java:371)
at org.testng.SuiteRunner.privateRun(SuiteRunner.java:332)
at org.testng.SuiteRunner.run(SuiteRunner.java:276)
at org.testng.SuiteRunnerWorker.runSuite(SuiteRunnerWorker.java:53)
at org.testng.SuiteRunnerWorker.run(SuiteRunnerWorker.java:96)
at org.testng.TestNG.runSuitesSequentially(TestNG.java:1212)
at org.testng.TestNG.runSuitesLocally(TestNG.java:1134)
at org.testng.TestNG.runSuites(TestNG.java:1063)
at org.testng.TestNG.run(TestNG.java:1031)
at org.testng.remote.AbstractRemoteTestNG.run(AbstractRemoteTestNG.java:115)
at org.testng.remote.RemoteTestNG.initAndRun(RemoteTestNG.java:251)
at org.testng.remote.RemoteTestNG.main(RemoteTestNG.java:77)
]]>
    </failure>
  </testcase> <!-- runScenario -->
  <testcase classname="io.cucumber.testng.AbstractTestNGCucumberTests" name="runScenario" time="0.005">
    <failure type="java.lang.IllegalArgumentException" message="Test name must not be null or empty">
      <![CDATA[java.lang.IllegalArgumentException: Test name must not be null or empty
at com.aventstack.extentreports.util.Assert.notEmpty(Assert.java:12)
at com.aventstack.extentreports.ExtentTest.<init>(ExtentTest.java:96)
at com.aventstack.extentreports.ExtentTest.createNode(ExtentTest.java:153)
at com.aventstack.extentreports.cucumber.adapter.ExtentCucumberAdapter.createTestCase(ExtentCucumberAdapter.java:424)
at com.aventstack.extentreports.cucumber.adapter.ExtentCucumberAdapter.handleTestCaseStarted(ExtentCucumberAdapter.java:163)
at com.aventstack.extentreports.cucumber.adapter.ExtentCucumberAdapter.access$100(ExtentCucumberAdapter.java:63)
at com.aventstack.extentreports.cucumber.adapter.ExtentCucumberAdapter$3.receive(ExtentCucumberAdapter.java:107)
at com.aventstack.extentreports.cucumber.adapter.ExtentCucumberAdapter$3.receive(ExtentCucumberAdapter.java:104)
at io.cucumber.core.eventbus.AbstractEventPublisher.send(AbstractEventPublisher.java:51)
at io.cucumber.core.eventbus.AbstractEventBus.send(AbstractEventBus.java:12)
at io.cucumber.core.runtime.SynchronizedEventBus.send(SynchronizedEventBus.java:47)
at io.cucumber.core.runtime.ThreadLocalRunnerSupplier$LocalEventBus.send(ThreadLocalRunnerSupplier.java:62)
at io.cucumber.core.runner.TestCase.emitTestCaseStarted(TestCase.java:206)
at io.cucumber.core.runner.TestCase.run(TestCase.java:72)
at io.cucumber.core.runner.Runner.runPickle(Runner.java:75)
at io.cucumber.testng.TestNGCucumberRunner.lambda$runScenario$1(TestNGCucumberRunner.java:132)
at io.cucumber.core.runtime.CucumberExecutionContext.lambda$runTestCase$5(CucumberExecutionContext.java:130)
at io.cucumber.core.runtime.RethrowingThrowableCollector.executeAndThrow(RethrowingThrowableCollector.java:23)
at io.cucumber.core.runtime.CucumberExecutionContext.runTestCase(CucumberExecutionContext.java:130)
at io.cucumber.testng.TestNGCucumberRunner.runScenario(TestNGCucumberRunner.java:129)
at io.cucumber.testng.AbstractTestNGCucumberTests.runScenario(AbstractTestNGCucumberTests.java:35)
at java.base/jdk.internal.reflect.DirectMethodHandleAccessor.invoke(DirectMethodHandleAccessor.java:104)
at java.base/java.lang.reflect.Method.invoke(Method.java:578)
at org.testng.internal.MethodInvocationHelper.invokeMethod(MethodInvocationHelper.java:133)
at org.testng.internal.TestInvoker.invokeMethod(TestInvoker.java:598)
at org.testng.internal.TestInvoker.invokeTestMethod(TestInvoker.java:173)
at org.testng.internal.MethodRunner.runInSequence(MethodRunner.java:46)
at org.testng.internal.TestInvoker$MethodInvocationAgent.invoke(TestInvoker.java:824)
at org.testng.internal.TestInvoker.invokeTestMethods(TestInvoker.java:146)
at org.testng.internal.TestMethodWorker.invokeTestMethods(TestMethodWorker.java:146)
at org.testng.internal.TestMethodWorker.run(TestMethodWorker.java:128)
at java.base/java.util.ArrayList.forEach(ArrayList.java:1511)
at org.testng.TestRunner.privateRun(TestRunner.java:794)
at org.testng.TestRunner.run(TestRunner.java:596)
at org.testng.SuiteRunner.runTest(SuiteRunner.java:377)
at org.testng.SuiteRunner.runSequentially(SuiteRunner.java:371)
at org.testng.SuiteRunner.privateRun(SuiteRunner.java:332)
at org.testng.SuiteRunner.run(SuiteRunner.java:276)
at org.testng.SuiteRunnerWorker.runSuite(SuiteRunnerWorker.java:53)
at org.testng.SuiteRunnerWorker.run(SuiteRunnerWorker.java:96)
at org.testng.TestNG.runSuitesSequentially(TestNG.java:1212)
at org.testng.TestNG.runSuitesLocally(TestNG.java:1134)
at org.testng.TestNG.runSuites(TestNG.java:1063)
at org.testng.TestNG.run(TestNG.java:1031)
at org.testng.remote.AbstractRemoteTestNG.run(AbstractRemoteTestNG.java:115)
at org.testng.remote.RemoteTestNG.initAndRun(RemoteTestNG.java:251)
at org.testng.remote.RemoteTestNG.main(RemoteTestNG.java:77)
]]>
    </failure>
  </testcase> <!-- runScenario -->
  <testcase classname="io.cucumber.testng.AbstractTestNGCucumberTests" name="runScenario" time="0.005">
    <failure type="java.lang.IllegalArgumentException" message="Test name must not be null or empty">
      <![CDATA[java.lang.IllegalArgumentException: Test name must not be null or empty
at com.aventstack.extentreports.util.Assert.notEmpty(Assert.java:12)
at com.aventstack.extentreports.ExtentTest.<init>(ExtentTest.java:96)
at com.aventstack.extentreports.ExtentTest.createNode(ExtentTest.java:153)
at com.aventstack.extentreports.cucumber.adapter.ExtentCucumberAdapter.createTestCase(ExtentCucumberAdapter.java:424)
at com.aventstack.extentreports.cucumber.adapter.ExtentCucumberAdapter.handleTestCaseStarted(ExtentCucumberAdapter.java:163)
at com.aventstack.extentreports.cucumber.adapter.ExtentCucumberAdapter.access$100(ExtentCucumberAdapter.java:63)
at com.aventstack.extentreports.cucumber.adapter.ExtentCucumberAdapter$3.receive(ExtentCucumberAdapter.java:107)
at com.aventstack.extentreports.cucumber.adapter.ExtentCucumberAdapter$3.receive(ExtentCucumberAdapter.java:104)
at io.cucumber.core.eventbus.AbstractEventPublisher.send(AbstractEventPublisher.java:51)
at io.cucumber.core.eventbus.AbstractEventBus.send(AbstractEventBus.java:12)
at io.cucumber.core.runtime.SynchronizedEventBus.send(SynchronizedEventBus.java:47)
at io.cucumber.core.runtime.ThreadLocalRunnerSupplier$LocalEventBus.send(ThreadLocalRunnerSupplier.java:62)
at io.cucumber.core.runner.TestCase.emitTestCaseStarted(TestCase.java:206)
at io.cucumber.core.runner.TestCase.run(TestCase.java:72)
at io.cucumber.core.runner.Runner.runPickle(Runner.java:75)
at io.cucumber.testng.TestNGCucumberRunner.lambda$runScenario$1(TestNGCucumberRunner.java:132)
at io.cucumber.core.runtime.CucumberExecutionContext.lambda$runTestCase$5(CucumberExecutionContext.java:130)
at io.cucumber.core.runtime.RethrowingThrowableCollector.executeAndThrow(RethrowingThrowableCollector.java:23)
at io.cucumber.core.runtime.CucumberExecutionContext.runTestCase(CucumberExecutionContext.java:130)
at io.cucumber.testng.TestNGCucumberRunner.runScenario(TestNGCucumberRunner.java:129)
at io.cucumber.testng.AbstractTestNGCucumberTests.runScenario(AbstractTestNGCucumberTests.java:35)
at java.base/jdk.internal.reflect.DirectMethodHandleAccessor.invoke(DirectMethodHandleAccessor.java:104)
at java.base/java.lang.reflect.Method.invoke(Method.java:578)
at org.testng.internal.MethodInvocationHelper.invokeMethod(MethodInvocationHelper.java:133)
at org.testng.internal.TestInvoker.invokeMethod(TestInvoker.java:598)
at org.testng.internal.TestInvoker.invokeTestMethod(TestInvoker.java:173)
at org.testng.internal.MethodRunner.runInSequence(MethodRunner.java:46)
at org.testng.internal.TestInvoker$MethodInvocationAgent.invoke(TestInvoker.java:824)
at org.testng.internal.TestInvoker.invokeTestMethods(TestInvoker.java:146)
at org.testng.internal.TestMethodWorker.invokeTestMethods(TestMethodWorker.java:146)
at org.testng.internal.TestMethodWorker.run(TestMethodWorker.java:128)
at java.base/java.util.ArrayList.forEach(ArrayList.java:1511)
at org.testng.TestRunner.privateRun(TestRunner.java:794)
at org.testng.TestRunner.run(TestRunner.java:596)
at org.testng.SuiteRunner.runTest(SuiteRunner.java:377)
at org.testng.SuiteRunner.runSequentially(SuiteRunner.java:371)
at org.testng.SuiteRunner.privateRun(SuiteRunner.java:332)
at org.testng.SuiteRunner.run(SuiteRunner.java:276)
at org.testng.SuiteRunnerWorker.runSuite(SuiteRunnerWorker.java:53)
at org.testng.SuiteRunnerWorker.run(SuiteRunnerWorker.java:96)
at org.testng.TestNG.runSuitesSequentially(TestNG.java:1212)
at org.testng.TestNG.runSuitesLocally(TestNG.java:1134)
at org.testng.TestNG.runSuites(TestNG.java:1063)
at org.testng.TestNG.run(TestNG.java:1031)
at org.testng.remote.AbstractRemoteTestNG.run(AbstractRemoteTestNG.java:115)
at org.testng.remote.RemoteTestNG.initAndRun(RemoteTestNG.java:251)
at org.testng.remote.RemoteTestNG.main(RemoteTestNG.java:77)
]]>
    </failure>
  </testcase> <!-- runScenario -->
  <testcase classname="io.cucumber.testng.AbstractTestNGCucumberTests" name="runScenario" time="0.003">
    <failure type="java.lang.IllegalArgumentException" message="Test name must not be null or empty">
      <![CDATA[java.lang.IllegalArgumentException: Test name must not be null or empty
at com.aventstack.extentreports.util.Assert.notEmpty(Assert.java:12)
at com.aventstack.extentreports.ExtentTest.<init>(ExtentTest.java:96)
at com.aventstack.extentreports.ExtentTest.createNode(ExtentTest.java:153)
at com.aventstack.extentreports.cucumber.adapter.ExtentCucumberAdapter.createTestCase(ExtentCucumberAdapter.java:424)
at com.aventstack.extentreports.cucumber.adapter.ExtentCucumberAdapter.handleTestCaseStarted(ExtentCucumberAdapter.java:163)
at com.aventstack.extentreports.cucumber.adapter.ExtentCucumberAdapter.access$100(ExtentCucumberAdapter.java:63)
at com.aventstack.extentreports.cucumber.adapter.ExtentCucumberAdapter$3.receive(ExtentCucumberAdapter.java:107)
at com.aventstack.extentreports.cucumber.adapter.ExtentCucumberAdapter$3.receive(ExtentCucumberAdapter.java:104)
at io.cucumber.core.eventbus.AbstractEventPublisher.send(AbstractEventPublisher.java:51)
at io.cucumber.core.eventbus.AbstractEventBus.send(AbstractEventBus.java:12)
at io.cucumber.core.runtime.SynchronizedEventBus.send(SynchronizedEventBus.java:47)
at io.cucumber.core.runtime.ThreadLocalRunnerSupplier$LocalEventBus.send(ThreadLocalRunnerSupplier.java:62)
at io.cucumber.core.runner.TestCase.emitTestCaseStarted(TestCase.java:206)
at io.cucumber.core.runner.TestCase.run(TestCase.java:72)
at io.cucumber.core.runner.Runner.runPickle(Runner.java:75)
at io.cucumber.testng.TestNGCucumberRunner.lambda$runScenario$1(TestNGCucumberRunner.java:132)
at io.cucumber.core.runtime.CucumberExecutionContext.lambda$runTestCase$5(CucumberExecutionContext.java:130)
at io.cucumber.core.runtime.RethrowingThrowableCollector.executeAndThrow(RethrowingThrowableCollector.java:23)
at io.cucumber.core.runtime.CucumberExecutionContext.runTestCase(CucumberExecutionContext.java:130)
at io.cucumber.testng.TestNGCucumberRunner.runScenario(TestNGCucumberRunner.java:129)
at io.cucumber.testng.AbstractTestNGCucumberTests.runScenario(AbstractTestNGCucumberTests.java:35)
at java.base/jdk.internal.reflect.DirectMethodHandleAccessor.invoke(DirectMethodHandleAccessor.java:104)
at java.base/java.lang.reflect.Method.invoke(Method.java:578)
at org.testng.internal.MethodInvocationHelper.invokeMethod(MethodInvocationHelper.java:133)
at org.testng.internal.TestInvoker.invokeMethod(TestInvoker.java:598)
at org.testng.internal.TestInvoker.invokeTestMethod(TestInvoker.java:173)
at org.testng.internal.MethodRunner.runInSequence(MethodRunner.java:46)
at org.testng.internal.TestInvoker$MethodInvocationAgent.invoke(TestInvoker.java:824)
at org.testng.internal.TestInvoker.invokeTestMethods(TestInvoker.java:146)
at org.testng.internal.TestMethodWorker.invokeTestMethods(TestMethodWorker.java:146)
at org.testng.internal.TestMethodWorker.run(TestMethodWorker.java:128)
at java.base/java.util.ArrayList.forEach(ArrayList.java:1511)
at org.testng.TestRunner.privateRun(TestRunner.java:794)
at org.testng.TestRunner.run(TestRunner.java:596)
at org.testng.SuiteRunner.runTest(SuiteRunner.java:377)
at org.testng.SuiteRunner.runSequentially(SuiteRunner.java:371)
at org.testng.SuiteRunner.privateRun(SuiteRunner.java:332)
at org.testng.SuiteRunner.run(SuiteRunner.java:276)
at org.testng.SuiteRunnerWorker.runSuite(SuiteRunnerWorker.java:53)
at org.testng.SuiteRunnerWorker.run(SuiteRunnerWorker.java:96)
at org.testng.TestNG.runSuitesSequentially(TestNG.java:1212)
at org.testng.TestNG.runSuitesLocally(TestNG.java:1134)
at org.testng.TestNG.runSuites(TestNG.java:1063)
at org.testng.TestNG.run(TestNG.java:1031)
at org.testng.remote.AbstractRemoteTestNG.run(AbstractRemoteTestNG.java:115)
at org.testng.remote.RemoteTestNG.initAndRun(RemoteTestNG.java:251)
at org.testng.remote.RemoteTestNG.main(RemoteTestNG.java:77)
]]>
    </failure>
  </testcase> <!-- runScenario -->
  <testcase classname="io.cucumber.testng.AbstractTestNGCucumberTests" name="runScenario" time="0.005">
    <failure type="java.lang.IllegalArgumentException" message="Test name must not be null or empty">
      <![CDATA[java.lang.IllegalArgumentException: Test name must not be null or empty
at com.aventstack.extentreports.util.Assert.notEmpty(Assert.java:12)
at com.aventstack.extentreports.ExtentTest.<init>(ExtentTest.java:96)
at com.aventstack.extentreports.ExtentTest.createNode(ExtentTest.java:153)
at com.aventstack.extentreports.cucumber.adapter.ExtentCucumberAdapter.createScenarioOutline(ExtentCucumberAdapter.java:374)
at com.aventstack.extentreports.cucumber.adapter.ExtentCucumberAdapter.handleScenarioOutline(ExtentCucumberAdapter.java:353)
at com.aventstack.extentreports.cucumber.adapter.ExtentCucumberAdapter.handleTestCaseStarted(ExtentCucumberAdapter.java:162)
at com.aventstack.extentreports.cucumber.adapter.ExtentCucumberAdapter.access$100(ExtentCucumberAdapter.java:63)
at com.aventstack.extentreports.cucumber.adapter.ExtentCucumberAdapter$3.receive(ExtentCucumberAdapter.java:107)
at com.aventstack.extentreports.cucumber.adapter.ExtentCucumberAdapter$3.receive(ExtentCucumberAdapter.java:104)
at io.cucumber.core.eventbus.AbstractEventPublisher.send(AbstractEventPublisher.java:51)
at io.cucumber.core.eventbus.AbstractEventBus.send(AbstractEventBus.java:12)
at io.cucumber.core.runtime.SynchronizedEventBus.send(SynchronizedEventBus.java:47)
at io.cucumber.core.runtime.ThreadLocalRunnerSupplier$LocalEventBus.send(ThreadLocalRunnerSupplier.java:62)
at io.cucumber.core.runner.TestCase.emitTestCaseStarted(TestCase.java:206)
at io.cucumber.core.runner.TestCase.run(TestCase.java:72)
at io.cucumber.core.runner.Runner.runPickle(Runner.java:75)
at io.cucumber.testng.TestNGCucumberRunner.lambda$runScenario$1(TestNGCucumberRunner.java:132)
at io.cucumber.core.runtime.CucumberExecutionContext.lambda$runTestCase$5(CucumberExecutionContext.java:130)
at io.cucumber.core.runtime.RethrowingThrowableCollector.executeAndThrow(RethrowingThrowableCollector.java:23)
at io.cucumber.core.runtime.CucumberExecutionContext.runTestCase(CucumberExecutionContext.java:130)
at io.cucumber.testng.TestNGCucumberRunner.runScenario(TestNGCucumberRunner.java:129)
at io.cucumber.testng.AbstractTestNGCucumberTests.runScenario(AbstractTestNGCucumberTests.java:35)
at java.base/jdk.internal.reflect.DirectMethodHandleAccessor.invoke(DirectMethodHandleAccessor.java:104)
at java.base/java.lang.reflect.Method.invoke(Method.java:578)
at org.testng.internal.MethodInvocationHelper.invokeMethod(MethodInvocationHelper.java:133)
at org.testng.internal.TestInvoker.invokeMethod(TestInvoker.java:598)
at org.testng.internal.TestInvoker.invokeTestMethod(TestInvoker.java:173)
at org.testng.internal.MethodRunner.runInSequence(MethodRunner.java:46)
at org.testng.internal.TestInvoker$MethodInvocationAgent.invoke(TestInvoker.java:824)
at org.testng.internal.TestInvoker.invokeTestMethods(TestInvoker.java:146)
at org.testng.internal.TestMethodWorker.invokeTestMethods(TestMethodWorker.java:146)
at org.testng.internal.TestMethodWorker.run(TestMethodWorker.java:128)
at java.base/java.util.ArrayList.forEach(ArrayList.java:1511)
at org.testng.TestRunner.privateRun(TestRunner.java:794)
at org.testng.TestRunner.run(TestRunner.java:596)
at org.testng.SuiteRunner.runTest(SuiteRunner.java:377)
at org.testng.SuiteRunner.runSequentially(SuiteRunner.java:371)
at org.testng.SuiteRunner.privateRun(SuiteRunner.java:332)
at org.testng.SuiteRunner.run(SuiteRunner.java:276)
at org.testng.SuiteRunnerWorker.runSuite(SuiteRunnerWorker.java:53)
at org.testng.SuiteRunnerWorker.run(SuiteRunnerWorker.java:96)
at org.testng.TestNG.runSuitesSequentially(TestNG.java:1212)
at org.testng.TestNG.runSuitesLocally(TestNG.java:1134)
at org.testng.TestNG.runSuites(TestNG.java:1063)
at org.testng.TestNG.run(TestNG.java:1031)
at org.testng.remote.AbstractRemoteTestNG.run(AbstractRemoteTestNG.java:115)
at org.testng.remote.RemoteTestNG.initAndRun(RemoteTestNG.java:251)
at org.testng.remote.RemoteTestNG.main(RemoteTestNG.java:77)
]]>
    </failure>
  </testcase> <!-- runScenario -->
  <testcase classname="io.cucumber.testng.AbstractTestNGCucumberTests" name="runScenario" time="0.006">
    <failure type="java.lang.IllegalArgumentException" message="Test name must not be null or empty">
      <![CDATA[java.lang.IllegalArgumentException: Test name must not be null or empty
at com.aventstack.extentreports.util.Assert.notEmpty(Assert.java:12)
at com.aventstack.extentreports.ExtentTest.<init>(ExtentTest.java:96)
at com.aventstack.extentreports.ExtentTest.createNode(ExtentTest.java:153)
at com.aventstack.extentreports.cucumber.adapter.ExtentCucumberAdapter.createTestCase(ExtentCucumberAdapter.java:424)
at com.aventstack.extentreports.cucumber.adapter.ExtentCucumberAdapter.handleTestCaseStarted(ExtentCucumberAdapter.java:163)
at com.aventstack.extentreports.cucumber.adapter.ExtentCucumberAdapter.access$100(ExtentCucumberAdapter.java:63)
at com.aventstack.extentreports.cucumber.adapter.ExtentCucumberAdapter$3.receive(ExtentCucumberAdapter.java:107)
at com.aventstack.extentreports.cucumber.adapter.ExtentCucumberAdapter$3.receive(ExtentCucumberAdapter.java:104)
at io.cucumber.core.eventbus.AbstractEventPublisher.send(AbstractEventPublisher.java:51)
at io.cucumber.core.eventbus.AbstractEventBus.send(AbstractEventBus.java:12)
at io.cucumber.core.runtime.SynchronizedEventBus.send(SynchronizedEventBus.java:47)
at io.cucumber.core.runtime.ThreadLocalRunnerSupplier$LocalEventBus.send(ThreadLocalRunnerSupplier.java:62)
at io.cucumber.core.runner.TestCase.emitTestCaseStarted(TestCase.java:206)
at io.cucumber.core.runner.TestCase.run(TestCase.java:72)
at io.cucumber.core.runner.Runner.runPickle(Runner.java:75)
at io.cucumber.testng.TestNGCucumberRunner.lambda$runScenario$1(TestNGCucumberRunner.java:132)
at io.cucumber.core.runtime.CucumberExecutionContext.lambda$runTestCase$5(CucumberExecutionContext.java:130)
at io.cucumber.core.runtime.RethrowingThrowableCollector.executeAndThrow(RethrowingThrowableCollector.java:23)
at io.cucumber.core.runtime.CucumberExecutionContext.runTestCase(CucumberExecutionContext.java:130)
at io.cucumber.testng.TestNGCucumberRunner.runScenario(TestNGCucumberRunner.java:129)
at io.cucumber.testng.AbstractTestNGCucumberTests.runScenario(AbstractTestNGCucumberTests.java:35)
at java.base/jdk.internal.reflect.DirectMethodHandleAccessor.invoke(DirectMethodHandleAccessor.java:104)
at java.base/java.lang.reflect.Method.invoke(Method.java:578)
at org.testng.internal.MethodInvocationHelper.invokeMethod(MethodInvocationHelper.java:133)
at org.testng.internal.TestInvoker.invokeMethod(TestInvoker.java:598)
at org.testng.internal.TestInvoker.invokeTestMethod(TestInvoker.java:173)
at org.testng.internal.MethodRunner.runInSequence(MethodRunner.java:46)
at org.testng.internal.TestInvoker$MethodInvocationAgent.invoke(TestInvoker.java:824)
at org.testng.internal.TestInvoker.invokeTestMethods(TestInvoker.java:146)
at org.testng.internal.TestMethodWorker.invokeTestMethods(TestMethodWorker.java:146)
at org.testng.internal.TestMethodWorker.run(TestMethodWorker.java:128)
at java.base/java.util.ArrayList.forEach(ArrayList.java:1511)
at org.testng.TestRunner.privateRun(TestRunner.java:794)
at org.testng.TestRunner.run(TestRunner.java:596)
at org.testng.SuiteRunner.runTest(SuiteRunner.java:377)
at org.testng.SuiteRunner.runSequentially(SuiteRunner.java:371)
at org.testng.SuiteRunner.privateRun(SuiteRunner.java:332)
at org.testng.SuiteRunner.run(SuiteRunner.java:276)
at org.testng.SuiteRunnerWorker.runSuite(SuiteRunnerWorker.java:53)
at org.testng.SuiteRunnerWorker.run(SuiteRunnerWorker.java:96)
at org.testng.TestNG.runSuitesSequentially(TestNG.java:1212)
at org.testng.TestNG.runSuitesLocally(TestNG.java:1134)
at org.testng.TestNG.runSuites(TestNG.java:1063)
at org.testng.TestNG.run(TestNG.java:1031)
at org.testng.remote.AbstractRemoteTestNG.run(AbstractRemoteTestNG.java:115)
at org.testng.remote.RemoteTestNG.initAndRun(RemoteTestNG.java:251)
at org.testng.remote.RemoteTestNG.main(RemoteTestNG.java:77)
]]>
    </failure>
  </testcase> <!-- runScenario -->
  <testcase classname="io.cucumber.testng.AbstractTestNGCucumberTests" name="runScenario" time="0.005">
    <failure type="java.lang.IllegalArgumentException" message="Test name must not be null or empty">
      <![CDATA[java.lang.IllegalArgumentException: Test name must not be null or empty
at com.aventstack.extentreports.util.Assert.notEmpty(Assert.java:12)
at com.aventstack.extentreports.ExtentTest.<init>(ExtentTest.java:96)
at com.aventstack.extentreports.ExtentTest.createNode(ExtentTest.java:153)
at com.aventstack.extentreports.cucumber.adapter.ExtentCucumberAdapter.createTestCase(ExtentCucumberAdapter.java:424)
at com.aventstack.extentreports.cucumber.adapter.ExtentCucumberAdapter.handleTestCaseStarted(ExtentCucumberAdapter.java:163)
at com.aventstack.extentreports.cucumber.adapter.ExtentCucumberAdapter.access$100(ExtentCucumberAdapter.java:63)
at com.aventstack.extentreports.cucumber.adapter.ExtentCucumberAdapter$3.receive(ExtentCucumberAdapter.java:107)
at com.aventstack.extentreports.cucumber.adapter.ExtentCucumberAdapter$3.receive(ExtentCucumberAdapter.java:104)
at io.cucumber.core.eventbus.AbstractEventPublisher.send(AbstractEventPublisher.java:51)
at io.cucumber.core.eventbus.AbstractEventBus.send(AbstractEventBus.java:12)
at io.cucumber.core.runtime.SynchronizedEventBus.send(SynchronizedEventBus.java:47)
at io.cucumber.core.runtime.ThreadLocalRunnerSupplier$LocalEventBus.send(ThreadLocalRunnerSupplier.java:62)
at io.cucumber.core.runner.TestCase.emitTestCaseStarted(TestCase.java:206)
at io.cucumber.core.runner.TestCase.run(TestCase.java:72)
at io.cucumber.core.runner.Runner.runPickle(Runner.java:75)
at io.cucumber.testng.TestNGCucumberRunner.lambda$runScenario$1(TestNGCucumberRunner.java:132)
at io.cucumber.core.runtime.CucumberExecutionContext.lambda$runTestCase$5(CucumberExecutionContext.java:130)
at io.cucumber.core.runtime.RethrowingThrowableCollector.executeAndThrow(RethrowingThrowableCollector.java:23)
at io.cucumber.core.runtime.CucumberExecutionContext.runTestCase(CucumberExecutionContext.java:130)
at io.cucumber.testng.TestNGCucumberRunner.runScenario(TestNGCucumberRunner.java:129)
at io.cucumber.testng.AbstractTestNGCucumberTests.runScenario(AbstractTestNGCucumberTests.java:35)
at java.base/jdk.internal.reflect.DirectMethodHandleAccessor.invoke(DirectMethodHandleAccessor.java:104)
at java.base/java.lang.reflect.Method.invoke(Method.java:578)
at org.testng.internal.MethodInvocationHelper.invokeMethod(MethodInvocationHelper.java:133)
at org.testng.internal.TestInvoker.invokeMethod(TestInvoker.java:598)
at org.testng.internal.TestInvoker.invokeTestMethod(TestInvoker.java:173)
at org.testng.internal.MethodRunner.runInSequence(MethodRunner.java:46)
at org.testng.internal.TestInvoker$MethodInvocationAgent.invoke(TestInvoker.java:824)
at org.testng.internal.TestInvoker.invokeTestMethods(TestInvoker.java:146)
at org.testng.internal.TestMethodWorker.invokeTestMethods(TestMethodWorker.java:146)
at org.testng.internal.TestMethodWorker.run(TestMethodWorker.java:128)
at java.base/java.util.ArrayList.forEach(ArrayList.java:1511)
at org.testng.TestRunner.privateRun(TestRunner.java:794)
at org.testng.TestRunner.run(TestRunner.java:596)
at org.testng.SuiteRunner.runTest(SuiteRunner.java:377)
at org.testng.SuiteRunner.runSequentially(SuiteRunner.java:371)
at org.testng.SuiteRunner.privateRun(SuiteRunner.java:332)
at org.testng.SuiteRunner.run(SuiteRunner.java:276)
at org.testng.SuiteRunnerWorker.runSuite(SuiteRunnerWorker.java:53)
at org.testng.SuiteRunnerWorker.run(SuiteRunnerWorker.java:96)
at org.testng.TestNG.runSuitesSequentially(TestNG.java:1212)
at org.testng.TestNG.runSuitesLocally(TestNG.java:1134)
at org.testng.TestNG.runSuites(TestNG.java:1063)
at org.testng.TestNG.run(TestNG.java:1031)
at org.testng.remote.AbstractRemoteTestNG.run(AbstractRemoteTestNG.java:115)
at org.testng.remote.RemoteTestNG.initAndRun(RemoteTestNG.java:251)
at org.testng.remote.RemoteTestNG.main(RemoteTestNG.java:77)
]]>
    </failure>
  </testcase> <!-- runScenario -->
  <testcase classname="io.cucumber.testng.AbstractTestNGCucumberTests" name="runScenario" time="0.889">
    <failure type="java.lang.AssertionError" message="expected [201] but found [400]">
      <![CDATA[java.lang.AssertionError: expected [201] but found [400]
at org.testng.Assert.fail(Assert.java:99)
at org.testng.Assert.failNotEquals(Assert.java:1037)
at org.testng.Assert.assertEqualsImpl(Assert.java:140)
at org.testng.Assert.assertEquals(Assert.java:122)
at org.testng.Assert.assertEquals(Assert.java:907)
at org.testng.Assert.assertEquals(Assert.java:917)
at api.test.AssignmentTests.verify_update_status(AssignmentTests.java:193)
at stepdefinitions.AssignmentPositiveScenarios_SD.user_receives_created_status_with_response_body(AssignmentPositiveScenarios_SD.java:73)
at ✽.User receives created Status with response body(file:///C:/Users/sreej/eclipse-NumpyNinja/APITrekkers-Team13/src/test/resources/Features/04AssignmentPositiveScenarios.feature:9)
]]>
    </failure>
  </testcase> <!-- runScenario -->
  <testcase classname="io.cucumber.testng.AbstractTestNGCucumberTests" name="runScenario" time="1.145"/>
  <testcase classname="io.cucumber.testng.AbstractTestNGCucumberTests" name="runScenario" time="0.392">
    <failure type="java.lang.AssertionError" message="expected [200] but found [404]">
      <![CDATA[java.lang.AssertionError: expected [200] but found [404]
at org.testng.Assert.fail(Assert.java:99)
at org.testng.Assert.failNotEquals(Assert.java:1037)
at org.testng.Assert.assertEqualsImpl(Assert.java:140)
at org.testng.Assert.assertEquals(Assert.java:122)
at org.testng.Assert.assertEquals(Assert.java:907)
at org.testng.Assert.assertEquals(Assert.java:917)
at api.test.AssignmentTests.verify_get_status(AssignmentTests.java:151)
at stepdefinitions.AssignmentPositiveScenarios_SD.User_gets_data_by_assignment_id_in_response(AssignmentPositiveScenarios_SD.java:116)
at ✽.User gets data by assignment id in response(file:///C:/Users/sreej/eclipse-NumpyNinja/APITrekkers-Team13/src/test/resources/Features/04AssignmentPositiveScenarios.feature:21)
]]>
    </failure>
  </testcase> <!-- runScenario -->
  <testcase classname="io.cucumber.testng.AbstractTestNGCucumberTests" name="runScenario" time="0.25">
    <failure type="java.lang.AssertionError" message="expected [200] but found [404]">
      <![CDATA[java.lang.AssertionError: expected [200] but found [404]
at org.testng.Assert.fail(Assert.java:99)
at org.testng.Assert.failNotEquals(Assert.java:1037)
at org.testng.Assert.assertEqualsImpl(Assert.java:140)
at org.testng.Assert.assertEquals(Assert.java:122)
at org.testng.Assert.assertEquals(Assert.java:907)
at org.testng.Assert.assertEquals(Assert.java:917)
at api.test.AssignmentTests.verify_get_status(AssignmentTests.java:151)
at stepdefinitions.AssignmentPositiveScenarios_SD.User_gets_data_by_batch_id_in_response(AssignmentPositiveScenarios_SD.java:125)
at ✽.User gets data by batch id in response(file:///C:/Users/sreej/eclipse-NumpyNinja/APITrekkers-Team13/src/test/resources/Features/04AssignmentPositiveScenarios.feature:27)
]]>
    </failure>
  </testcase> <!-- runScenario -->
  <testcase classname="io.cucumber.testng.AbstractTestNGCucumberTests" name="runScenario" time="0.284">
    <failure type="java.lang.AssertionError" message="expected [200] but found [400]">
      <![CDATA[java.lang.AssertionError: expected [200] but found [400]
at org.testng.Assert.fail(Assert.java:99)
at org.testng.Assert.failNotEquals(Assert.java:1037)
at org.testng.Assert.assertEqualsImpl(Assert.java:140)
at org.testng.Assert.assertEquals(Assert.java:122)
at org.testng.Assert.assertEquals(Assert.java:907)
at org.testng.Assert.assertEquals(Assert.java:917)
at api.test.AssignmentTests.verify_update_status(AssignmentTests.java:193)
at stepdefinitions.AssignmentPositiveScenarios_SD.Assignment_gets_updated(AssignmentPositiveScenarios_SD.java:186)
at ✽.Assignment gets updated(file:///C:/Users/sreej/eclipse-NumpyNinja/APITrekkers-Team13/src/test/resources/Features/04AssignmentPositiveScenarios.feature:33)
]]>
    </failure>
  </testcase> <!-- runScenario -->
  <testcase classname="io.cucumber.testng.AbstractTestNGCucumberTests" name="runScenario" time="0.01">
    <failure type="java.lang.IllegalArgumentException" message="Test name must not be null or empty">
      <![CDATA[java.lang.IllegalArgumentException: Test name must not be null or empty
at com.aventstack.extentreports.util.Assert.notEmpty(Assert.java:12)
at com.aventstack.extentreports.ExtentTest.<init>(ExtentTest.java:96)
at com.aventstack.extentreports.ExtentTest.createNode(ExtentTest.java:153)
at com.aventstack.extentreports.cucumber.adapter.ExtentCucumberAdapter.createScenarioOutline(ExtentCucumberAdapter.java:374)
at com.aventstack.extentreports.cucumber.adapter.ExtentCucumberAdapter.handleScenarioOutline(ExtentCucumberAdapter.java:353)
at com.aventstack.extentreports.cucumber.adapter.ExtentCucumberAdapter.handleTestCaseStarted(ExtentCucumberAdapter.java:162)
at com.aventstack.extentreports.cucumber.adapter.ExtentCucumberAdapter.access$100(ExtentCucumberAdapter.java:63)
at com.aventstack.extentreports.cucumber.adapter.ExtentCucumberAdapter$3.receive(ExtentCucumberAdapter.java:107)
at com.aventstack.extentreports.cucumber.adapter.ExtentCucumberAdapter$3.receive(ExtentCucumberAdapter.java:104)
at io.cucumber.core.eventbus.AbstractEventPublisher.send(AbstractEventPublisher.java:51)
at io.cucumber.core.eventbus.AbstractEventBus.send(AbstractEventBus.java:12)
at io.cucumber.core.runtime.SynchronizedEventBus.send(SynchronizedEventBus.java:47)
at io.cucumber.core.runtime.ThreadLocalRunnerSupplier$LocalEventBus.send(ThreadLocalRunnerSupplier.java:62)
at io.cucumber.core.runner.TestCase.emitTestCaseStarted(TestCase.java:206)
at io.cucumber.core.runner.TestCase.run(TestCase.java:72)
at io.cucumber.core.runner.Runner.runPickle(Runner.java:75)
at io.cucumber.testng.TestNGCucumberRunner.lambda$runScenario$1(TestNGCucumberRunner.java:132)
at io.cucumber.core.runtime.CucumberExecutionContext.lambda$runTestCase$5(CucumberExecutionContext.java:130)
at io.cucumber.core.runtime.RethrowingThrowableCollector.executeAndThrow(RethrowingThrowableCollector.java:23)
at io.cucumber.core.runtime.CucumberExecutionContext.runTestCase(CucumberExecutionContext.java:130)
at io.cucumber.testng.TestNGCucumberRunner.runScenario(TestNGCucumberRunner.java:129)
at io.cucumber.testng.AbstractTestNGCucumberTests.runScenario(AbstractTestNGCucumberTests.java:35)
at java.base/jdk.internal.reflect.DirectMethodHandleAccessor.invoke(DirectMethodHandleAccessor.java:104)
at java.base/java.lang.reflect.Method.invoke(Method.java:578)
at org.testng.internal.MethodInvocationHelper.invokeMethod(MethodInvocationHelper.java:133)
at org.testng.internal.TestInvoker.invokeMethod(TestInvoker.java:598)
at org.testng.internal.TestInvoker.invokeTestMethod(TestInvoker.java:173)
at org.testng.internal.MethodRunner.runInSequence(MethodRunner.java:46)
at org.testng.internal.TestInvoker$MethodInvocationAgent.invoke(TestInvoker.java:824)
at org.testng.internal.TestInvoker.invokeTestMethods(TestInvoker.java:146)
at org.testng.internal.TestMethodWorker.invokeTestMethods(TestMethodWorker.java:146)
at org.testng.internal.TestMethodWorker.run(TestMethodWorker.java:128)
at java.base/java.util.ArrayList.forEach(ArrayList.java:1511)
at org.testng.TestRunner.privateRun(TestRunner.java:794)
at org.testng.TestRunner.run(TestRunner.java:596)
at org.testng.SuiteRunner.runTest(SuiteRunner.java:377)
at org.testng.SuiteRunner.runSequentially(SuiteRunner.java:371)
at org.testng.SuiteRunner.privateRun(SuiteRunner.java:332)
at org.testng.SuiteRunner.run(SuiteRunner.java:276)
at org.testng.SuiteRunnerWorker.runSuite(SuiteRunnerWorker.java:53)
at org.testng.SuiteRunnerWorker.run(SuiteRunnerWorker.java:96)
at org.testng.TestNG.runSuitesSequentially(TestNG.java:1212)
at org.testng.TestNG.runSuitesLocally(TestNG.java:1134)
at org.testng.TestNG.runSuites(TestNG.java:1063)
at org.testng.TestNG.run(TestNG.java:1031)
at org.testng.remote.AbstractRemoteTestNG.run(AbstractRemoteTestNG.java:115)
at org.testng.remote.RemoteTestNG.initAndRun(RemoteTestNG.java:251)
at org.testng.remote.RemoteTestNG.main(RemoteTestNG.java:77)
]]>
    </failure>
  </testcase> <!-- runScenario -->
  <testcase classname="io.cucumber.testng.AbstractTestNGCucumberTests" name="runScenario" time="0.749">
    <failure type="java.lang.AssertionError" message="1 expectation failed.
Response body doesn&amp;apos;t match expectation.
Expected: The content to match the given JSON schema.
error: instance type (array) does not match any allowed primitive type (allowed: [&amp;quot;object&amp;quot;])
    level: &amp;quot;error&amp;quot;
    schema: {&amp;quot;loadingURI&amp;quot;:&amp;quot;file:/C:/Users/sreej/eclipse-NumpyNinja/APITrekkers-Team13/target/test-classes/assignmentsubschema.json#&amp;quot;,&amp;quot;pointer&amp;quot;:&amp;quot;/definitions/Welcome6&amp;quot;}
    instance: {&amp;quot;pointer&amp;quot;:&amp;quot;&amp;quot;}
    domain: &amp;quot;validation&amp;quot;
    keyword: &amp;quot;type&amp;quot;
    found: &amp;quot;array&amp;quot;
    expected: [&amp;quot;object&amp;quot;]

[...]
at org.testng.internal.MethodRunner.runInSequence(MethodRunner.java:46)
at org.testng.internal.TestInvoker$MethodInvocationAgent.invoke(TestInvoker.java:824)
at org.testng.internal.TestInvoker.invokeTestMethods(TestInvoker.java:146)
at org.testng.internal.TestMethodWorker.invokeTestMethods(TestMethodWorker.java:146)
at org.testng.internal.TestMethodWorker.run(TestMethodWorker.java:128)
at java.base/java.util.ArrayList.forEach(ArrayList.java:1511)
at org.testng.TestRunner.privateRun(TestRunner.java:794)
at org.testng.TestRunner.run(TestRunner.java:596)
at org.testng.SuiteRunner.runTest(SuiteRunner.java:377)
at org.testng.SuiteRunner.runSequentially(SuiteRunner.java:371)
at org.testng.SuiteRunner.privateRun(SuiteRunner.java:332)
at org.testng.SuiteRunner.run(SuiteRunner.java:276)
at org.testng.SuiteRunnerWorker.runSuite(SuiteRunnerWorker.java:53)
at org.testng.SuiteRunnerWorker.run(SuiteRunnerWorker.java:96)
at org.testng.TestNG.runSuitesSequentially(TestNG.java:1212)
at org.testng.TestNG.runSuitesLocally(TestNG.java:1134)
at org.testng.TestNG.runSuites(TestNG.java:1063)
at org.testng.TestNG.run(TestNG.java:1031)
at org.testng.remote.AbstractRemoteTestNG.run(AbstractRemoteTestNG.java:115)
at org.testng.remote.RemoteTestNG.initAndRun(RemoteTestNG.java:251)
at org.testng.remote.RemoteTestNG.main(RemoteTestNG.java:77)
]]>
    </failure>
  </testcase> <!-- runScenario -->
  <testcase classname="io.cucumber.testng.AbstractTestNGCucumberTests" name="runScenario" time="0.003">
    <failure type="java.lang.IllegalArgumentException" message="Test name must not be null or empty">
      <![CDATA[java.lang.IllegalArgumentException: Test name must not be null or empty
at com.aventstack.extentreports.util.Assert.notEmpty(Assert.java:12)
at com.aventstack.extentreports.ExtentTest.<init>(ExtentTest.java:96)
at com.aventstack.extentreports.ExtentTest.createNode(ExtentTest.java:153)
at com.aventstack.extentreports.cucumber.adapter.ExtentCucumberAdapter.createTestCase(ExtentCucumberAdapter.java:424)
at com.aventstack.extentreports.cucumber.adapter.ExtentCucumberAdapter.handleTestCaseStarted(ExtentCucumberAdapter.java:163)
at com.aventstack.extentreports.cucumber.adapter.ExtentCucumberAdapter.access$100(ExtentCucumberAdapter.java:63)
at com.aventstack.extentreports.cucumber.adapter.ExtentCucumberAdapter$3.receive(ExtentCucumberAdapter.java:107)
at com.aventstack.extentreports.cucumber.adapter.ExtentCucumberAdapter$3.receive(ExtentCucumberAdapter.java:104)
at io.cucumber.core.eventbus.AbstractEventPublisher.send(AbstractEventPublisher.java:51)
at io.cucumber.core.eventbus.AbstractEventBus.send(AbstractEventBus.java:12)
at io.cucumber.core.runtime.SynchronizedEventBus.send(SynchronizedEventBus.java:47)
at io.cucumber.core.runtime.ThreadLocalRunnerSupplier$LocalEventBus.send(ThreadLocalRunnerSupplier.java:62)
at io.cucumber.core.runner.TestCase.emitTestCaseStarted(TestCase.java:206)
at io.cucumber.core.runner.TestCase.run(TestCase.java:72)
at io.cucumber.core.runner.Runner.runPickle(Runner.java:75)
at io.cucumber.testng.TestNGCucumberRunner.lambda$runScenario$1(TestNGCucumberRunner.java:132)
at io.cucumber.core.runtime.CucumberExecutionContext.lambda$runTestCase$5(CucumberExecutionContext.java:130)
at io.cucumber.core.runtime.RethrowingThrowableCollector.executeAndThrow(RethrowingThrowableCollector.java:23)
at io.cucumber.core.runtime.CucumberExecutionContext.runTestCase(CucumberExecutionContext.java:130)
at io.cucumber.testng.TestNGCucumberRunner.runScenario(TestNGCucumberRunner.java:129)
at io.cucumber.testng.AbstractTestNGCucumberTests.runScenario(AbstractTestNGCucumberTests.java:35)
at java.base/jdk.internal.reflect.DirectMethodHandleAccessor.invoke(DirectMethodHandleAccessor.java:104)
at java.base/java.lang.reflect.Method.invoke(Method.java:578)
at org.testng.internal.MethodInvocationHelper.invokeMethod(MethodInvocationHelper.java:133)
at org.testng.internal.TestInvoker.invokeMethod(TestInvoker.java:598)
at org.testng.internal.TestInvoker.invokeTestMethod(TestInvoker.java:173)
at org.testng.internal.MethodRunner.runInSequence(MethodRunner.java:46)
at org.testng.internal.TestInvoker$MethodInvocationAgent.invoke(TestInvoker.java:824)
at org.testng.internal.TestInvoker.invokeTestMethods(TestInvoker.java:146)
at org.testng.internal.TestMethodWorker.invokeTestMethods(TestMethodWorker.java:146)
at org.testng.internal.TestMethodWorker.run(TestMethodWorker.java:128)
at java.base/java.util.ArrayList.forEach(ArrayList.java:1511)
at org.testng.TestRunner.privateRun(TestRunner.java:794)
at org.testng.TestRunner.run(TestRunner.java:596)
at org.testng.SuiteRunner.runTest(SuiteRunner.java:377)
at org.testng.SuiteRunner.runSequentially(SuiteRunner.java:371)
at org.testng.SuiteRunner.privateRun(SuiteRunner.java:332)
at org.testng.SuiteRunner.run(SuiteRunner.java:276)
at org.testng.SuiteRunnerWorker.runSuite(SuiteRunnerWorker.java:53)
at org.testng.SuiteRunnerWorker.run(SuiteRunnerWorker.java:96)
at org.testng.TestNG.runSuitesSequentially(TestNG.java:1212)
at org.testng.TestNG.runSuitesLocally(TestNG.java:1134)
at org.testng.TestNG.runSuites(TestNG.java:1063)
at org.testng.TestNG.run(TestNG.java:1031)
at org.testng.remote.AbstractRemoteTestNG.run(AbstractRemoteTestNG.java:115)
at org.testng.remote.RemoteTestNG.initAndRun(RemoteTestNG.java:251)
at org.testng.remote.RemoteTestNG.main(RemoteTestNG.java:77)
]]>
    </failure>
  </testcase> <!-- runScenario -->
  <testcase classname="io.cucumber.testng.AbstractTestNGCucumberTests" name="runScenario" time="0.004">
    <failure type="java.lang.IllegalArgumentException" message="Test name must not be null or empty">
      <![CDATA[java.lang.IllegalArgumentException: Test name must not be null or empty
at com.aventstack.extentreports.util.Assert.notEmpty(Assert.java:12)
at com.aventstack.extentreports.ExtentTest.<init>(ExtentTest.java:96)
at com.aventstack.extentreports.ExtentTest.createNode(ExtentTest.java:153)
at com.aventstack.extentreports.cucumber.adapter.ExtentCucumberAdapter.createTestCase(ExtentCucumberAdapter.java:424)
at com.aventstack.extentreports.cucumber.adapter.ExtentCucumberAdapter.handleTestCaseStarted(ExtentCucumberAdapter.java:163)
at com.aventstack.extentreports.cucumber.adapter.ExtentCucumberAdapter.access$100(ExtentCucumberAdapter.java:63)
at com.aventstack.extentreports.cucumber.adapter.ExtentCucumberAdapter$3.receive(ExtentCucumberAdapter.java:107)
at com.aventstack.extentreports.cucumber.adapter.ExtentCucumberAdapter$3.receive(ExtentCucumberAdapter.java:104)
at io.cucumber.core.eventbus.AbstractEventPublisher.send(AbstractEventPublisher.java:51)
at io.cucumber.core.eventbus.AbstractEventBus.send(AbstractEventBus.java:12)
at io.cucumber.core.runtime.SynchronizedEventBus.send(SynchronizedEventBus.java:47)
at io.cucumber.core.runtime.ThreadLocalRunnerSupplier$LocalEventBus.send(ThreadLocalRunnerSupplier.java:62)
at io.cucumber.core.runner.TestCase.emitTestCaseStarted(TestCase.java:206)
at io.cucumber.core.runner.TestCase.run(TestCase.java:72)
at io.cucumber.core.runner.Runner.runPickle(Runner.java:75)
at io.cucumber.testng.TestNGCucumberRunner.lambda$runScenario$1(TestNGCucumberRunner.java:132)
at io.cucumber.core.runtime.CucumberExecutionContext.lambda$runTestCase$5(CucumberExecutionContext.java:130)
at io.cucumber.core.runtime.RethrowingThrowableCollector.executeAndThrow(RethrowingThrowableCollector.java:23)
at io.cucumber.core.runtime.CucumberExecutionContext.runTestCase(CucumberExecutionContext.java:130)
at io.cucumber.testng.TestNGCucumberRunner.runScenario(TestNGCucumberRunner.java:129)
at io.cucumber.testng.AbstractTestNGCucumberTests.runScenario(AbstractTestNGCucumberTests.java:35)
at java.base/jdk.internal.reflect.DirectMethodHandleAccessor.invoke(DirectMethodHandleAccessor.java:104)
at java.base/java.lang.reflect.Method.invoke(Method.java:578)
at org.testng.internal.MethodInvocationHelper.invokeMethod(MethodInvocationHelper.java:133)
at org.testng.internal.TestInvoker.invokeMethod(TestInvoker.java:598)
at org.testng.internal.TestInvoker.invokeTestMethod(TestInvoker.java:173)
at org.testng.internal.MethodRunner.runInSequence(MethodRunner.java:46)
at org.testng.internal.TestInvoker$MethodInvocationAgent.invoke(TestInvoker.java:824)
at org.testng.internal.TestInvoker.invokeTestMethods(TestInvoker.java:146)
at org.testng.internal.TestMethodWorker.invokeTestMethods(TestMethodWorker.java:146)
at org.testng.internal.TestMethodWorker.run(TestMethodWorker.java:128)
at java.base/java.util.ArrayList.forEach(ArrayList.java:1511)
at org.testng.TestRunner.privateRun(TestRunner.java:794)
at org.testng.TestRunner.run(TestRunner.java:596)
at org.testng.SuiteRunner.runTest(SuiteRunner.java:377)
at org.testng.SuiteRunner.runSequentially(SuiteRunner.java:371)
at org.testng.SuiteRunner.privateRun(SuiteRunner.java:332)
at org.testng.SuiteRunner.run(SuiteRunner.java:276)
at org.testng.SuiteRunnerWorker.runSuite(SuiteRunnerWorker.java:53)
at org.testng.SuiteRunnerWorker.run(SuiteRunnerWorker.java:96)
at org.testng.TestNG.runSuitesSequentially(TestNG.java:1212)
at org.testng.TestNG.runSuitesLocally(TestNG.java:1134)
at org.testng.TestNG.runSuites(TestNG.java:1063)
at org.testng.TestNG.run(TestNG.java:1031)
at org.testng.remote.AbstractRemoteTestNG.run(AbstractRemoteTestNG.java:115)
at org.testng.remote.RemoteTestNG.initAndRun(RemoteTestNG.java:251)
at org.testng.remote.RemoteTestNG.main(RemoteTestNG.java:77)
]]>
    </failure>
  </testcase> <!-- runScenario -->
  <testcase classname="io.cucumber.testng.AbstractTestNGCucumberTests" name="runScenario" time="0.003">
    <failure type="java.lang.IllegalArgumentException" message="Test name must not be null or empty">
      <![CDATA[java.lang.IllegalArgumentException: Test name must not be null or empty
at com.aventstack.extentreports.util.Assert.notEmpty(Assert.java:12)
at com.aventstack.extentreports.ExtentTest.<init>(ExtentTest.java:96)
at com.aventstack.extentreports.ExtentTest.createNode(ExtentTest.java:153)
at com.aventstack.extentreports.cucumber.adapter.ExtentCucumberAdapter.createTestCase(ExtentCucumberAdapter.java:424)
at com.aventstack.extentreports.cucumber.adapter.ExtentCucumberAdapter.handleTestCaseStarted(ExtentCucumberAdapter.java:163)
at com.aventstack.extentreports.cucumber.adapter.ExtentCucumberAdapter.access$100(ExtentCucumberAdapter.java:63)
at com.aventstack.extentreports.cucumber.adapter.ExtentCucumberAdapter$3.receive(ExtentCucumberAdapter.java:107)
at com.aventstack.extentreports.cucumber.adapter.ExtentCucumberAdapter$3.receive(ExtentCucumberAdapter.java:104)
at io.cucumber.core.eventbus.AbstractEventPublisher.send(AbstractEventPublisher.java:51)
at io.cucumber.core.eventbus.AbstractEventBus.send(AbstractEventBus.java:12)
at io.cucumber.core.runtime.SynchronizedEventBus.send(SynchronizedEventBus.java:47)
at io.cucumber.core.runtime.ThreadLocalRunnerSupplier$LocalEventBus.send(ThreadLocalRunnerSupplier.java:62)
at io.cucumber.core.runner.TestCase.emitTestCaseStarted(TestCase.java:206)
at io.cucumber.core.runner.TestCase.run(TestCase.java:72)
at io.cucumber.core.runner.Runner.runPickle(Runner.java:75)
at io.cucumber.testng.TestNGCucumberRunner.lambda$runScenario$1(TestNGCucumberRunner.java:132)
at io.cucumber.core.runtime.CucumberExecutionContext.lambda$runTestCase$5(CucumberExecutionContext.java:130)
at io.cucumber.core.runtime.RethrowingThrowableCollector.executeAndThrow(RethrowingThrowableCollector.java:23)
at io.cucumber.core.runtime.CucumberExecutionContext.runTestCase(CucumberExecutionContext.java:130)
at io.cucumber.testng.TestNGCucumberRunner.runScenario(TestNGCucumberRunner.java:129)
at io.cucumber.testng.AbstractTestNGCucumberTests.runScenario(AbstractTestNGCucumberTests.java:35)
at java.base/jdk.internal.reflect.DirectMethodHandleAccessor.invoke(DirectMethodHandleAccessor.java:104)
at java.base/java.lang.reflect.Method.invoke(Method.java:578)
at org.testng.internal.MethodInvocationHelper.invokeMethod(MethodInvocationHelper.java:133)
at org.testng.internal.TestInvoker.invokeMethod(TestInvoker.java:598)
at org.testng.internal.TestInvoker.invokeTestMethod(TestInvoker.java:173)
at org.testng.internal.MethodRunner.runInSequence(MethodRunner.java:46)
at org.testng.internal.TestInvoker$MethodInvocationAgent.invoke(TestInvoker.java:824)
at org.testng.internal.TestInvoker.invokeTestMethods(TestInvoker.java:146)
at org.testng.internal.TestMethodWorker.invokeTestMethods(TestMethodWorker.java:146)
at org.testng.internal.TestMethodWorker.run(TestMethodWorker.java:128)
at java.base/java.util.ArrayList.forEach(ArrayList.java:1511)
at org.testng.TestRunner.privateRun(TestRunner.java:794)
at org.testng.TestRunner.run(TestRunner.java:596)
at org.testng.SuiteRunner.runTest(SuiteRunner.java:377)
at org.testng.SuiteRunner.runSequentially(SuiteRunner.java:371)
at org.testng.SuiteRunner.privateRun(SuiteRunner.java:332)
at org.testng.SuiteRunner.run(SuiteRunner.java:276)
at org.testng.SuiteRunnerWorker.runSuite(SuiteRunnerWorker.java:53)
at org.testng.SuiteRunnerWorker.run(SuiteRunnerWorker.java:96)
at org.testng.TestNG.runSuitesSequentially(TestNG.java:1212)
at org.testng.TestNG.runSuitesLocally(TestNG.java:1134)
at org.testng.TestNG.runSuites(TestNG.java:1063)
at org.testng.TestNG.run(TestNG.java:1031)
at org.testng.remote.AbstractRemoteTestNG.run(AbstractRemoteTestNG.java:115)
at org.testng.remote.RemoteTestNG.initAndRun(RemoteTestNG.java:251)
at org.testng.remote.RemoteTestNG.main(RemoteTestNG.java:77)
]]>
    </failure>
  </testcase> <!-- runScenario -->
  <testcase classname="io.cucumber.testng.AbstractTestNGCucumberTests" name="runScenario" time="0.239"/>
  <testcase classname="io.cucumber.testng.AbstractTestNGCucumberTests" name="runScenario" time="0.211"/>
  <testcase classname="io.cucumber.testng.AbstractTestNGCucumberTests" name="runScenario" time="0.396"/>
  <testcase classname="io.cucumber.testng.AbstractTestNGCucumberTests" name="runScenario" time="0.36"/>
  <testcase classname="io.cucumber.testng.AbstractTestNGCucumberTests" name="runScenario" time="0.353"/>
  <testcase classname="io.cucumber.testng.AbstractTestNGCucumberTests" name="runScenario" time="0.008">
    <failure type="java.lang.IllegalArgumentException" message="Test name must not be null or empty">
      <![CDATA[java.lang.IllegalArgumentException: Test name must not be null or empty
at com.aventstack.extentreports.util.Assert.notEmpty(Assert.java:12)
at com.aventstack.extentreports.ExtentTest.<init>(ExtentTest.java:96)
at com.aventstack.extentreports.ExtentTest.createNode(ExtentTest.java:153)
at com.aventstack.extentreports.cucumber.adapter.ExtentCucumberAdapter.createScenarioOutline(ExtentCucumberAdapter.java:374)
at com.aventstack.extentreports.cucumber.adapter.ExtentCucumberAdapter.handleScenarioOutline(ExtentCucumberAdapter.java:353)
at com.aventstack.extentreports.cucumber.adapter.ExtentCucumberAdapter.handleTestCaseStarted(ExtentCucumberAdapter.java:162)
at com.aventstack.extentreports.cucumber.adapter.ExtentCucumberAdapter.access$100(ExtentCucumberAdapter.java:63)
at com.aventstack.extentreports.cucumber.adapter.ExtentCucumberAdapter$3.receive(ExtentCucumberAdapter.java:107)
at com.aventstack.extentreports.cucumber.adapter.ExtentCucumberAdapter$3.receive(ExtentCucumberAdapter.java:104)
at io.cucumber.core.eventbus.AbstractEventPublisher.send(AbstractEventPublisher.java:51)
at io.cucumber.core.eventbus.AbstractEventBus.send(AbstractEventBus.java:12)
at io.cucumber.core.runtime.SynchronizedEventBus.send(SynchronizedEventBus.java:47)
at io.cucumber.core.runtime.ThreadLocalRunnerSupplier$LocalEventBus.send(ThreadLocalRunnerSupplier.java:62)
at io.cucumber.core.runner.TestCase.emitTestCaseStarted(TestCase.java:206)
at io.cucumber.core.runner.TestCase.run(TestCase.java:72)
at io.cucumber.core.runner.Runner.runPickle(Runner.java:75)
at io.cucumber.testng.TestNGCucumberRunner.lambda$runScenario$1(TestNGCucumberRunner.java:132)
at io.cucumber.core.runtime.CucumberExecutionContext.lambda$runTestCase$5(CucumberExecutionContext.java:130)
at io.cucumber.core.runtime.RethrowingThrowableCollector.executeAndThrow(RethrowingThrowableCollector.java:23)
at io.cucumber.core.runtime.CucumberExecutionContext.runTestCase(CucumberExecutionContext.java:130)
at io.cucumber.testng.TestNGCucumberRunner.runScenario(TestNGCucumberRunner.java:129)
at io.cucumber.testng.AbstractTestNGCucumberTests.runScenario(AbstractTestNGCucumberTests.java:35)
at java.base/jdk.internal.reflect.DirectMethodHandleAccessor.invoke(DirectMethodHandleAccessor.java:104)
at java.base/java.lang.reflect.Method.invoke(Method.java:578)
at org.testng.internal.MethodInvocationHelper.invokeMethod(MethodInvocationHelper.java:133)
at org.testng.internal.TestInvoker.invokeMethod(TestInvoker.java:598)
at org.testng.internal.TestInvoker.invokeTestMethod(TestInvoker.java:173)
at org.testng.internal.MethodRunner.runInSequence(MethodRunner.java:46)
at org.testng.internal.TestInvoker$MethodInvocationAgent.invoke(TestInvoker.java:824)
at org.testng.internal.TestInvoker.invokeTestMethods(TestInvoker.java:146)
at org.testng.internal.TestMethodWorker.invokeTestMethods(TestMethodWorker.java:146)
at org.testng.internal.TestMethodWorker.run(TestMethodWorker.java:128)
at java.base/java.util.ArrayList.forEach(ArrayList.java:1511)
at org.testng.TestRunner.privateRun(TestRunner.java:794)
at org.testng.TestRunner.run(TestRunner.java:596)
at org.testng.SuiteRunner.runTest(SuiteRunner.java:377)
at org.testng.SuiteRunner.runSequentially(SuiteRunner.java:371)
at org.testng.SuiteRunner.privateRun(SuiteRunner.java:332)
at org.testng.SuiteRunner.run(SuiteRunner.java:276)
at org.testng.SuiteRunnerWorker.runSuite(SuiteRunnerWorker.java:53)
at org.testng.SuiteRunnerWorker.run(SuiteRunnerWorker.java:96)
at org.testng.TestNG.runSuitesSequentially(TestNG.java:1212)
at org.testng.TestNG.runSuitesLocally(TestNG.java:1134)
at org.testng.TestNG.runSuites(TestNG.java:1063)
at org.testng.TestNG.run(TestNG.java:1031)
at org.testng.remote.AbstractRemoteTestNG.run(AbstractRemoteTestNG.java:115)
at org.testng.remote.RemoteTestNG.initAndRun(RemoteTestNG.java:251)
at org.testng.remote.RemoteTestNG.main(RemoteTestNG.java:77)
]]>
    </failure>
  </testcase> <!-- runScenario -->
  <testcase classname="io.cucumber.testng.AbstractTestNGCucumberTests" name="runScenario" time="0.655"/>
  <testcase classname="io.cucumber.testng.AbstractTestNGCucumberTests" name="runScenario" time="0.337"/>
  <testcase classname="io.cucumber.testng.AbstractTestNGCucumberTests" name="runScenario" time="0.23"/>
  <testcase classname="io.cucumber.testng.AbstractTestNGCucumberTests" name="runScenario" time="0.243"/>
  <testcase classname="io.cucumber.testng.AbstractTestNGCucumberTests" name="runScenario" time="0.276">
    <failure type="java.lang.AssertionError" message="expected [404] but found [200]">
      <![CDATA[java.lang.AssertionError: expected [404] but found [200]
at org.testng.Assert.fail(Assert.java:99)
at org.testng.Assert.failNotEquals(Assert.java:1037)
at org.testng.Assert.assertEqualsImpl(Assert.java:140)
at org.testng.Assert.assertEquals(Assert.java:122)
at org.testng.Assert.assertEquals(Assert.java:907)
at org.testng.Assert.assertEquals(Assert.java:917)
at api.test.DDtestcase.Testnegscenario(DDtestcase.java:310)
at stepdefinitions.NegativeassignSubmit.user_recieves_the_list_of_data_which_can_be_validated_for_negative_scenario(NegativeassignSubmit.java:96)
at ✽.: user recieves the list of data which can be validated for negative scenario.(file:///C:/Users/sreej/eclipse-NumpyNinja/APITrekkers-Team13/src/test/resources/Features/11Negativepostsubassignment.feature:62)
]]>
    </failure>
  </testcase> <!-- runScenario -->
  <testcase classname="io.cucumber.testng.AbstractTestNGCucumberTests" name="runScenario" time="0.364"/>
  <testcase classname="io.cucumber.testng.AbstractTestNGCucumberTests" name="runScenario" time="0.29"/>
  <testcase classname="io.cucumber.testng.AbstractTestNGCucumberTests" name="runScenario" time="0.297"/>
</testsuite> <!-- Default test -->
