<?xml version="1.0" encoding="UTF-8"?>
<!-- Generated by org.testng.reporters.JUnitReportReporter -->
<testsuite hostname="deepika-evo" failures="13" tests="80" name="runnerfile.Testrunner" time="16.174" errors="44" timestamp="2023-07-27T15:30:29 EDT" skipped="0">
  <testcase classname="runnerfile.Testrunner" name="runScenario" time="0.005">
    <error message="Test name must not be null or empty" type="java.lang.IllegalArgumentException">
      <![CDATA[java.lang.IllegalArgumentException: Test name must not be null or empty
at com.aventstack.extentreports.util.Assert.notEmpty(Assert.java:12)
at com.aventstack.extentreports.ExtentTest.<init>(ExtentTest.java:96)
at com.aventstack.extentreports.ExtentTest.createNode(ExtentTest.java:153)
at com.aventstack.extentreports.cucumber.adapter.ExtentCucumberAdapter.createScenarioOutline(ExtentCucumberAdapter.java:374)
at com.aventstack.extentreports.cucumber.adapter.ExtentCucumberAdapter.handleScenarioOutline(ExtentCucumberAdapter.java:353)
at com.aventstack.extentreports.cucumber.adapter.ExtentCucumberAdapter.handleTestCaseStarted(ExtentCucumberAdapter.java:162)
at com.aventstack.extentreports.cucumber.adapter.ExtentCucumberAdapter.access$100(ExtentCucumberAdapter.java:63)
at com.aventstack.extentreports.cucumber.adapter.ExtentCucumberAdapter$3.receive(ExtentCucumberAdapter.java:107)
at com.aventstack.extentreports.cucumber.adapter.ExtentCucumberAdapter$3.receive(ExtentCucumberAdapter.java:104)
at io.cucumber.core.eventbus.AbstractEventPublisher.send(AbstractEventPublisher.java:51)
at io.cucumber.core.eventbus.AbstractEventBus.send(AbstractEventBus.java:12)
at io.cucumber.core.runtime.SynchronizedEventBus.send(SynchronizedEventBus.java:47)
at io.cucumber.core.runtime.ThreadLocalRunnerSupplier$LocalEventBus.send(ThreadLocalRunnerSupplier.java:62)
at io.cucumber.core.runner.TestCase.emitTestCaseStarted(TestCase.java:206)
at io.cucumber.core.runner.TestCase.run(TestCase.java:72)
at io.cucumber.core.runner.Runner.runPickle(Runner.java:75)
at io.cucumber.testng.TestNGCucumberRunner.lambda$runScenario$1(TestNGCucumberRunner.java:132)
at io.cucumber.core.runtime.CucumberExecutionContext.lambda$runTestCase$5(CucumberExecutionContext.java:130)
at io.cucumber.core.runtime.RethrowingThrowableCollector.executeAndThrow(RethrowingThrowableCollector.java:23)
at io.cucumber.core.runtime.CucumberExecutionContext.runTestCase(CucumberExecutionContext.java:130)
at io.cucumber.testng.TestNGCucumberRunner.runScenario(TestNGCucumberRunner.java:129)
at io.cucumber.testng.AbstractTestNGCucumberTests.runScenario(AbstractTestNGCucumberTests.java:35)
at java.base/jdk.internal.reflect.DirectMethodHandleAccessor.invoke(DirectMethodHandleAccessor.java:104)
at java.base/java.lang.reflect.Method.invoke(Method.java:578)
at org.testng.internal.MethodInvocationHelper.invokeMethod(MethodInvocationHelper.java:133)
at org.testng.internal.TestInvoker.invokeMethod(TestInvoker.java:598)
at org.testng.internal.TestInvoker.invokeTestMethod(TestInvoker.java:173)
at org.testng.internal.MethodRunner.runInSequence(MethodRunner.java:46)
at org.testng.internal.TestInvoker$MethodInvocationAgent.invoke(TestInvoker.java:824)
at org.testng.internal.TestInvoker.invokeTestMethods(TestInvoker.java:146)
at org.testng.internal.TestMethodWorker.invokeTestMethods(TestMethodWorker.java:146)
at org.testng.internal.TestMethodWorker.run(TestMethodWorker.java:128)
at java.base/java.util.ArrayList.forEach(ArrayList.java:1511)
at org.testng.TestRunner.privateRun(TestRunner.java:794)
at org.testng.TestRunner.run(TestRunner.java:596)
at org.testng.SuiteRunner.runTest(SuiteRunner.java:377)
at org.testng.SuiteRunner.runSequentially(SuiteRunner.java:371)
at org.testng.SuiteRunner.privateRun(SuiteRunner.java:332)
at org.testng.SuiteRunner.run(SuiteRunner.java:276)
at org.testng.SuiteRunnerWorker.runSuite(SuiteRunnerWorker.java:53)
at org.testng.SuiteRunnerWorker.run(SuiteRunnerWorker.java:96)
at org.testng.TestNG.runSuitesSequentially(TestNG.java:1212)
at org.testng.TestNG.runSuitesLocally(TestNG.java:1134)
at org.testng.TestNG.runSuites(TestNG.java:1063)
at org.testng.TestNG.run(TestNG.java:1031)
at org.testng.remote.AbstractRemoteTestNG.run(AbstractRemoteTestNG.java:115)
at org.testng.remote.RemoteTestNG.initAndRun(RemoteTestNG.java:251)
at org.testng.remote.RemoteTestNG.main(RemoteTestNG.java:77)
]]>
    </error>
  </testcase> <!-- runScenario -->
  <system-out/>
  <testcase classname="runnerfile.Testrunner" name="runScenario" time="0.005">
    <error message="Test name must not be null or empty" type="java.lang.IllegalArgumentException">
      <![CDATA[java.lang.IllegalArgumentException: Test name must not be null or empty
at com.aventstack.extentreports.util.Assert.notEmpty(Assert.java:12)
at com.aventstack.extentreports.ExtentTest.<init>(ExtentTest.java:96)
at com.aventstack.extentreports.ExtentTest.createNode(ExtentTest.java:153)
at com.aventstack.extentreports.cucumber.adapter.ExtentCucumberAdapter.createTestCase(ExtentCucumberAdapter.java:424)
at com.aventstack.extentreports.cucumber.adapter.ExtentCucumberAdapter.handleTestCaseStarted(ExtentCucumberAdapter.java:163)
at com.aventstack.extentreports.cucumber.adapter.ExtentCucumberAdapter.access$100(ExtentCucumberAdapter.java:63)
at com.aventstack.extentreports.cucumber.adapter.ExtentCucumberAdapter$3.receive(ExtentCucumberAdapter.java:107)
at com.aventstack.extentreports.cucumber.adapter.ExtentCucumberAdapter$3.receive(ExtentCucumberAdapter.java:104)
at io.cucumber.core.eventbus.AbstractEventPublisher.send(AbstractEventPublisher.java:51)
at io.cucumber.core.eventbus.AbstractEventBus.send(AbstractEventBus.java:12)
at io.cucumber.core.runtime.SynchronizedEventBus.send(SynchronizedEventBus.java:47)
at io.cucumber.core.runtime.ThreadLocalRunnerSupplier$LocalEventBus.send(ThreadLocalRunnerSupplier.java:62)
at io.cucumber.core.runner.TestCase.emitTestCaseStarted(TestCase.java:206)
at io.cucumber.core.runner.TestCase.run(TestCase.java:72)
at io.cucumber.core.runner.Runner.runPickle(Runner.java:75)
at io.cucumber.testng.TestNGCucumberRunner.lambda$runScenario$1(TestNGCucumberRunner.java:132)
at io.cucumber.core.runtime.CucumberExecutionContext.lambda$runTestCase$5(CucumberExecutionContext.java:130)
at io.cucumber.core.runtime.RethrowingThrowableCollector.executeAndThrow(RethrowingThrowableCollector.java:23)
at io.cucumber.core.runtime.CucumberExecutionContext.runTestCase(CucumberExecutionContext.java:130)
at io.cucumber.testng.TestNGCucumberRunner.runScenario(TestNGCucumberRunner.java:129)
at io.cucumber.testng.AbstractTestNGCucumberTests.runScenario(AbstractTestNGCucumberTests.java:35)
at java.base/jdk.internal.reflect.DirectMethodHandleAccessor.invoke(DirectMethodHandleAccessor.java:104)
at java.base/java.lang.reflect.Method.invoke(Method.java:578)
at org.testng.internal.MethodInvocationHelper.invokeMethod(MethodInvocationHelper.java:133)
at org.testng.internal.TestInvoker.invokeMethod(TestInvoker.java:598)
at org.testng.internal.TestInvoker.invokeTestMethod(TestInvoker.java:173)
at org.testng.internal.MethodRunner.runInSequence(MethodRunner.java:46)
at org.testng.internal.TestInvoker$MethodInvocationAgent.invoke(TestInvoker.java:824)
at org.testng.internal.TestInvoker.invokeTestMethods(TestInvoker.java:146)
at org.testng.internal.TestMethodWorker.invokeTestMethods(TestMethodWorker.java:146)
at org.testng.internal.TestMethodWorker.run(TestMethodWorker.java:128)
at java.base/java.util.ArrayList.forEach(ArrayList.java:1511)
at org.testng.TestRunner.privateRun(TestRunner.java:794)
at org.testng.TestRunner.run(TestRunner.java:596)
at org.testng.SuiteRunner.runTest(SuiteRunner.java:377)
at org.testng.SuiteRunner.runSequentially(SuiteRunner.java:371)
at org.testng.SuiteRunner.privateRun(SuiteRunner.java:332)
at org.testng.SuiteRunner.run(SuiteRunner.java:276)
at org.testng.SuiteRunnerWorker.runSuite(SuiteRunnerWorker.java:53)
at org.testng.SuiteRunnerWorker.run(SuiteRunnerWorker.java:96)
at org.testng.TestNG.runSuitesSequentially(TestNG.java:1212)
at org.testng.TestNG.runSuitesLocally(TestNG.java:1134)
at org.testng.TestNG.runSuites(TestNG.java:1063)
at org.testng.TestNG.run(TestNG.java:1031)
at org.testng.remote.AbstractRemoteTestNG.run(AbstractRemoteTestNG.java:115)
at org.testng.remote.RemoteTestNG.initAndRun(RemoteTestNG.java:251)
at org.testng.remote.RemoteTestNG.main(RemoteTestNG.java:77)
]]>
    </error>
  </testcase> <!-- runScenario -->
  <system-out/>
  <testcase classname="runnerfile.Testrunner" name="runScenario" time="0.370">
    <failure message="expected [200] but found [404]" type="java.lang.AssertionError">
      <![CDATA[java.lang.AssertionError: expected [200] but found [404]
at org.testng.Assert.fail(Assert.java:99)
at org.testng.Assert.failNotEquals(Assert.java:1037)
at org.testng.Assert.assertEqualsImpl(Assert.java:140)
at org.testng.Assert.assertEquals(Assert.java:122)
at org.testng.Assert.assertEquals(Assert.java:907)
at org.testng.Assert.assertEquals(Assert.java:917)
at api.test.DDtestcase.verify_get_status(DDtestcase.java:264)
at stepdefinitions.Post_subassignment.user_recieves_the_list_of_data_which_can_be_validated(Post_subassignment.java:103)
at ✽.: user recieves the list of data which can be validated.(file:///C:/Users/sreej/eclipse-NumpyNinja/APITrekkers-Team13/src/test/resources/Features/06Delete.feature:8)
]]>
    </failure>
  </testcase> <!-- runScenario -->
  <system-out/>
  <testcase classname="runnerfile.Testrunner" name="runScenario" time="0.004">
    <error message="parameterValue cannot be null" type="java.lang.IllegalArgumentException">
      <![CDATA[java.lang.IllegalArgumentException: parameterValue cannot be null
at java.base/jdk.internal.reflect.DirectConstructorHandleAccessor.newInstance(DirectConstructorHandleAccessor.java:67)
at java.base/java.lang.reflect.Constructor.newInstanceWithCaller(Constructor.java:500)
at java.base/java.lang.reflect.Constructor.newInstance(Constructor.java:484)
at org.codehaus.groovy.reflection.CachedConstructor.invoke(CachedConstructor.java:73)
at org.codehaus.groovy.reflection.CachedConstructor.doConstructorInvoke(CachedConstructor.java:60)
at org.codehaus.groovy.runtime.callsite.ConstructorSite$ConstructorSiteNoUnwrap.callConstructor(ConstructorSite.java:86)
at org.codehaus.groovy.runtime.callsite.AbstractCallSite.callConstructor(AbstractCallSite.java:277)
at io.restassured.internal.common.assertion.AssertParameter.notNull(AssertParameter.groovy:26)
at io.restassured.internal.common.assertion.AssertParameter$notNull.callStatic(Unknown Source)
at io.restassured.internal.RequestSpecificationImpl.pathParam(RequestSpecificationImpl.groovy:515)
at stepdefinitions.Negative_program_sd.we_send_put_url_byinvalid_program_name(Negative_program_sd.java:223)
at ✽.we send put url Byinvalid programName(file:///C:/Users/sreej/eclipse-NumpyNinja/APITrekkers-Team13/src/test/resources/Features/07ProgramNegative.feature:20)
]]>
    </error>
  </testcase> <!-- runScenario -->
  <system-out/>
  <testcase classname="runnerfile.Testrunner" name="runScenario" time="0.003">
    <error message="Test name must not be null or empty" type="java.lang.IllegalArgumentException">
      <![CDATA[java.lang.IllegalArgumentException: Test name must not be null or empty
at com.aventstack.extentreports.util.Assert.notEmpty(Assert.java:12)
at com.aventstack.extentreports.ExtentTest.<init>(ExtentTest.java:96)
at com.aventstack.extentreports.ExtentTest.createNode(ExtentTest.java:153)
at com.aventstack.extentreports.cucumber.adapter.ExtentCucumberAdapter.createScenarioOutline(ExtentCucumberAdapter.java:374)
at com.aventstack.extentreports.cucumber.adapter.ExtentCucumberAdapter.handleScenarioOutline(ExtentCucumberAdapter.java:353)
at com.aventstack.extentreports.cucumber.adapter.ExtentCucumberAdapter.handleTestCaseStarted(ExtentCucumberAdapter.java:162)
at com.aventstack.extentreports.cucumber.adapter.ExtentCucumberAdapter.access$100(ExtentCucumberAdapter.java:63)
at com.aventstack.extentreports.cucumber.adapter.ExtentCucumberAdapter$3.receive(ExtentCucumberAdapter.java:107)
at com.aventstack.extentreports.cucumber.adapter.ExtentCucumberAdapter$3.receive(ExtentCucumberAdapter.java:104)
at io.cucumber.core.eventbus.AbstractEventPublisher.send(AbstractEventPublisher.java:51)
at io.cucumber.core.eventbus.AbstractEventBus.send(AbstractEventBus.java:12)
at io.cucumber.core.runtime.SynchronizedEventBus.send(SynchronizedEventBus.java:47)
at io.cucumber.core.runtime.ThreadLocalRunnerSupplier$LocalEventBus.send(ThreadLocalRunnerSupplier.java:62)
at io.cucumber.core.runner.TestCase.emitTestCaseStarted(TestCase.java:206)
at io.cucumber.core.runner.TestCase.run(TestCase.java:72)
at io.cucumber.core.runner.Runner.runPickle(Runner.java:75)
at io.cucumber.testng.TestNGCucumberRunner.lambda$runScenario$1(TestNGCucumberRunner.java:132)
at io.cucumber.core.runtime.CucumberExecutionContext.lambda$runTestCase$5(CucumberExecutionContext.java:130)
at io.cucumber.core.runtime.RethrowingThrowableCollector.executeAndThrow(RethrowingThrowableCollector.java:23)
at io.cucumber.core.runtime.CucumberExecutionContext.runTestCase(CucumberExecutionContext.java:130)
at io.cucumber.testng.TestNGCucumberRunner.runScenario(TestNGCucumberRunner.java:129)
at io.cucumber.testng.AbstractTestNGCucumberTests.runScenario(AbstractTestNGCucumberTests.java:35)
at java.base/jdk.internal.reflect.DirectMethodHandleAccessor.invoke(DirectMethodHandleAccessor.java:104)
at java.base/java.lang.reflect.Method.invoke(Method.java:578)
at org.testng.internal.MethodInvocationHelper.invokeMethod(MethodInvocationHelper.java:133)
at org.testng.internal.TestInvoker.invokeMethod(TestInvoker.java:598)
at org.testng.internal.TestInvoker.invokeTestMethod(TestInvoker.java:173)
at org.testng.internal.MethodRunner.runInSequence(MethodRunner.java:46)
at org.testng.internal.TestInvoker$MethodInvocationAgent.invoke(TestInvoker.java:824)
at org.testng.internal.TestInvoker.invokeTestMethods(TestInvoker.java:146)
at org.testng.internal.TestMethodWorker.invokeTestMethods(TestMethodWorker.java:146)
at org.testng.internal.TestMethodWorker.run(TestMethodWorker.java:128)
at java.base/java.util.ArrayList.forEach(ArrayList.java:1511)
at org.testng.TestRunner.privateRun(TestRunner.java:794)
at org.testng.TestRunner.run(TestRunner.java:596)
at org.testng.SuiteRunner.runTest(SuiteRunner.java:377)
at org.testng.SuiteRunner.runSequentially(SuiteRunner.java:371)
at org.testng.SuiteRunner.privateRun(SuiteRunner.java:332)
at org.testng.SuiteRunner.run(SuiteRunner.java:276)
at org.testng.SuiteRunnerWorker.runSuite(SuiteRunnerWorker.java:53)
at org.testng.SuiteRunnerWorker.run(SuiteRunnerWorker.java:96)
at org.testng.TestNG.runSuitesSequentially(TestNG.java:1212)
at org.testng.TestNG.runSuitesLocally(TestNG.java:1134)
at org.testng.TestNG.runSuites(TestNG.java:1063)
at org.testng.TestNG.run(TestNG.java:1031)
at org.testng.remote.AbstractRemoteTestNG.run(AbstractRemoteTestNG.java:115)
at org.testng.remote.RemoteTestNG.initAndRun(RemoteTestNG.java:251)
at org.testng.remote.RemoteTestNG.main(RemoteTestNG.java:77)
]]>
    </error>
  </testcase> <!-- runScenario -->
  <system-out/>
  <testcase classname="runnerfile.Testrunner" name="runScenario" time="0.003">
    <error message="Test name must not be null or empty" type="java.lang.IllegalArgumentException">
      <![CDATA[java.lang.IllegalArgumentException: Test name must not be null or empty
at com.aventstack.extentreports.util.Assert.notEmpty(Assert.java:12)
at com.aventstack.extentreports.ExtentTest.<init>(ExtentTest.java:96)
at com.aventstack.extentreports.ExtentTest.createNode(ExtentTest.java:153)
at com.aventstack.extentreports.cucumber.adapter.ExtentCucumberAdapter.createTestCase(ExtentCucumberAdapter.java:424)
at com.aventstack.extentreports.cucumber.adapter.ExtentCucumberAdapter.handleTestCaseStarted(ExtentCucumberAdapter.java:163)
at com.aventstack.extentreports.cucumber.adapter.ExtentCucumberAdapter.access$100(ExtentCucumberAdapter.java:63)
at com.aventstack.extentreports.cucumber.adapter.ExtentCucumberAdapter$3.receive(ExtentCucumberAdapter.java:107)
at com.aventstack.extentreports.cucumber.adapter.ExtentCucumberAdapter$3.receive(ExtentCucumberAdapter.java:104)
at io.cucumber.core.eventbus.AbstractEventPublisher.send(AbstractEventPublisher.java:51)
at io.cucumber.core.eventbus.AbstractEventBus.send(AbstractEventBus.java:12)
at io.cucumber.core.runtime.SynchronizedEventBus.send(SynchronizedEventBus.java:47)
at io.cucumber.core.runtime.ThreadLocalRunnerSupplier$LocalEventBus.send(ThreadLocalRunnerSupplier.java:62)
at io.cucumber.core.runner.TestCase.emitTestCaseStarted(TestCase.java:206)
at io.cucumber.core.runner.TestCase.run(TestCase.java:72)
at io.cucumber.core.runner.Runner.runPickle(Runner.java:75)
at io.cucumber.testng.TestNGCucumberRunner.lambda$runScenario$1(TestNGCucumberRunner.java:132)
at io.cucumber.core.runtime.CucumberExecutionContext.lambda$runTestCase$5(CucumberExecutionContext.java:130)
at io.cucumber.core.runtime.RethrowingThrowableCollector.executeAndThrow(RethrowingThrowableCollector.java:23)
at io.cucumber.core.runtime.CucumberExecutionContext.runTestCase(CucumberExecutionContext.java:130)
at io.cucumber.testng.TestNGCucumberRunner.runScenario(TestNGCucumberRunner.java:129)
at io.cucumber.testng.AbstractTestNGCucumberTests.runScenario(AbstractTestNGCucumberTests.java:35)
at java.base/jdk.internal.reflect.DirectMethodHandleAccessor.invoke(DirectMethodHandleAccessor.java:104)
at java.base/java.lang.reflect.Method.invoke(Method.java:578)
at org.testng.internal.MethodInvocationHelper.invokeMethod(MethodInvocationHelper.java:133)
at org.testng.internal.TestInvoker.invokeMethod(TestInvoker.java:598)
at org.testng.internal.TestInvoker.invokeTestMethod(TestInvoker.java:173)
at org.testng.internal.MethodRunner.runInSequence(MethodRunner.java:46)
at org.testng.internal.TestInvoker$MethodInvocationAgent.invoke(TestInvoker.java:824)
at org.testng.internal.TestInvoker.invokeTestMethods(TestInvoker.java:146)
at org.testng.internal.TestMethodWorker.invokeTestMethods(TestMethodWorker.java:146)
at org.testng.internal.TestMethodWorker.run(TestMethodWorker.java:128)
at java.base/java.util.ArrayList.forEach(ArrayList.java:1511)
at org.testng.TestRunner.privateRun(TestRunner.java:794)
at org.testng.TestRunner.run(TestRunner.java:596)
at org.testng.SuiteRunner.runTest(SuiteRunner.java:377)
at org.testng.SuiteRunner.runSequentially(SuiteRunner.java:371)
at org.testng.SuiteRunner.privateRun(SuiteRunner.java:332)
at org.testng.SuiteRunner.run(SuiteRunner.java:276)
at org.testng.SuiteRunnerWorker.runSuite(SuiteRunnerWorker.java:53)
at org.testng.SuiteRunnerWorker.run(SuiteRunnerWorker.java:96)
at org.testng.TestNG.runSuitesSequentially(TestNG.java:1212)
at org.testng.TestNG.runSuitesLocally(TestNG.java:1134)
at org.testng.TestNG.runSuites(TestNG.java:1063)
at org.testng.TestNG.run(TestNG.java:1031)
at org.testng.remote.AbstractRemoteTestNG.run(AbstractRemoteTestNG.java:115)
at org.testng.remote.RemoteTestNG.initAndRun(RemoteTestNG.java:251)
at org.testng.remote.RemoteTestNG.main(RemoteTestNG.java:77)
]]>
    </error>
  </testcase> <!-- runScenario -->
  <system-out/>
  <testcase classname="runnerfile.Testrunner" name="runScenario" time="0.284">
    <failure message="expected [200] but found [400]" type="java.lang.AssertionError">
      <![CDATA[java.lang.AssertionError: expected [200] but found [400]
at org.testng.Assert.fail(Assert.java:99)
at org.testng.Assert.failNotEquals(Assert.java:1037)
at org.testng.Assert.assertEqualsImpl(Assert.java:140)
at org.testng.Assert.assertEquals(Assert.java:122)
at org.testng.Assert.assertEquals(Assert.java:907)
at org.testng.Assert.assertEquals(Assert.java:917)
at api.test.AssignmentTests.verify_update_status(AssignmentTests.java:193)
at stepdefinitions.AssignmentPositiveScenarios_SD.Assignment_gets_updated(AssignmentPositiveScenarios_SD.java:186)
at ✽.Assignment gets updated(file:///C:/Users/sreej/eclipse-NumpyNinja/APITrekkers-Team13/src/test/resources/Features/04AssignmentPositiveScenarios.feature:33)
]]>
    </failure>
  </testcase> <!-- runScenario -->
  <system-out/>
  <testcase classname="runnerfile.Testrunner" name="runScenario" time="0.008">
    <error message="parameterValue cannot be null" type="java.lang.IllegalArgumentException">
      <![CDATA[java.lang.IllegalArgumentException: parameterValue cannot be null
at java.base/jdk.internal.reflect.DirectConstructorHandleAccessor.newInstance(DirectConstructorHandleAccessor.java:67)
at java.base/java.lang.reflect.Constructor.newInstanceWithCaller(Constructor.java:500)
at java.base/java.lang.reflect.Constructor.newInstance(Constructor.java:484)
at org.codehaus.groovy.reflection.CachedConstructor.invoke(CachedConstructor.java:73)
at org.codehaus.groovy.reflection.CachedConstructor.doConstructorInvoke(CachedConstructor.java:60)
at org.codehaus.groovy.runtime.callsite.ConstructorSite$ConstructorSiteNoUnwrap.callConstructor(ConstructorSite.java:86)
at org.codehaus.groovy.runtime.callsite.AbstractCallSite.callConstructor(AbstractCallSite.java:277)
at io.restassured.internal.common.assertion.AssertParameter.notNull(AssertParameter.groovy:26)
at io.restassured.internal.common.assertion.AssertParameter$notNull.callStatic(Unknown Source)
at org.codehaus.groovy.runtime.callsite.CallSiteArray.defaultCallStatic(CallSiteArray.java:53)
at io.restassured.internal.common.assertion.AssertParameter$notNull.callStatic(Unknown Source)
at io.restassured.internal.RequestSpecificationImpl.pathParam(RequestSpecificationImpl.groovy:515)
at api.endpoints.AssignSubEndPoints.getGradesbysubUserid(AssignSubEndPoints.java:109)
at api.test.DDtestcase.TestgetgradesbysubUserID(DDtestcase.java:249)
at stepdefinitions.Post_subassignment.get_submission_by_using_user_request(Post_subassignment.java:129)
at ✽.:  get submission by using user "0" request(file:///C:/Users/sreej/eclipse-NumpyNinja/APITrekkers-Team13/src/test/resources/Features/05postsubassignment.feature:64)
]]>
    </error>
  </testcase> <!-- runScenario -->
  <system-out/>
  <testcase classname="runnerfile.Testrunner" name="runScenario" time="1.145"/>
  <system-out/>
  <testcase classname="runnerfile.Testrunner" name="runScenario" time="0.007">
    <error message="Test name must not be null or empty" type="java.lang.IllegalArgumentException">
      <![CDATA[java.lang.IllegalArgumentException: Test name must not be null or empty
at com.aventstack.extentreports.util.Assert.notEmpty(Assert.java:12)
at com.aventstack.extentreports.ExtentTest.<init>(ExtentTest.java:96)
at com.aventstack.extentreports.ExtentTest.createNode(ExtentTest.java:153)
at com.aventstack.extentreports.cucumber.adapter.ExtentCucumberAdapter.createTestCase(ExtentCucumberAdapter.java:424)
at com.aventstack.extentreports.cucumber.adapter.ExtentCucumberAdapter.handleTestCaseStarted(ExtentCucumberAdapter.java:163)
at com.aventstack.extentreports.cucumber.adapter.ExtentCucumberAdapter.access$100(ExtentCucumberAdapter.java:63)
at com.aventstack.extentreports.cucumber.adapter.ExtentCucumberAdapter$3.receive(ExtentCucumberAdapter.java:107)
at com.aventstack.extentreports.cucumber.adapter.ExtentCucumberAdapter$3.receive(ExtentCucumberAdapter.java:104)
at io.cucumber.core.eventbus.AbstractEventPublisher.send(AbstractEventPublisher.java:51)
at io.cucumber.core.eventbus.AbstractEventBus.send(AbstractEventBus.java:12)
at io.cucumber.core.runtime.SynchronizedEventBus.send(SynchronizedEventBus.java:47)
at io.cucumber.core.runtime.ThreadLocalRunnerSupplier$LocalEventBus.send(ThreadLocalRunnerSupplier.java:62)
at io.cucumber.core.runner.TestCase.emitTestCaseStarted(TestCase.java:206)
at io.cucumber.core.runner.TestCase.run(TestCase.java:72)
at io.cucumber.core.runner.Runner.runPickle(Runner.java:75)
at io.cucumber.testng.TestNGCucumberRunner.lambda$runScenario$1(TestNGCucumberRunner.java:132)
at io.cucumber.core.runtime.CucumberExecutionContext.lambda$runTestCase$5(CucumberExecutionContext.java:130)
at io.cucumber.core.runtime.RethrowingThrowableCollector.executeAndThrow(RethrowingThrowableCollector.java:23)
at io.cucumber.core.runtime.CucumberExecutionContext.runTestCase(CucumberExecutionContext.java:130)
at io.cucumber.testng.TestNGCucumberRunner.runScenario(TestNGCucumberRunner.java:129)
at io.cucumber.testng.AbstractTestNGCucumberTests.runScenario(AbstractTestNGCucumberTests.java:35)
at java.base/jdk.internal.reflect.DirectMethodHandleAccessor.invoke(DirectMethodHandleAccessor.java:104)
at java.base/java.lang.reflect.Method.invoke(Method.java:578)
at org.testng.internal.MethodInvocationHelper.invokeMethod(MethodInvocationHelper.java:133)
at org.testng.internal.TestInvoker.invokeMethod(TestInvoker.java:598)
at org.testng.internal.TestInvoker.invokeTestMethod(TestInvoker.java:173)
at org.testng.internal.MethodRunner.runInSequence(MethodRunner.java:46)
at org.testng.internal.TestInvoker$MethodInvocationAgent.invoke(TestInvoker.java:824)
at org.testng.internal.TestInvoker.invokeTestMethods(TestInvoker.java:146)
at org.testng.internal.TestMethodWorker.invokeTestMethods(TestMethodWorker.java:146)
at org.testng.internal.TestMethodWorker.run(TestMethodWorker.java:128)
at java.base/java.util.ArrayList.forEach(ArrayList.java:1511)
at org.testng.TestRunner.privateRun(TestRunner.java:794)
at org.testng.TestRunner.run(TestRunner.java:596)
at org.testng.SuiteRunner.runTest(SuiteRunner.java:377)
at org.testng.SuiteRunner.runSequentially(SuiteRunner.java:371)
at org.testng.SuiteRunner.privateRun(SuiteRunner.java:332)
at org.testng.SuiteRunner.run(SuiteRunner.java:276)
at org.testng.SuiteRunnerWorker.runSuite(SuiteRunnerWorker.java:53)
at org.testng.SuiteRunnerWorker.run(SuiteRunnerWorker.java:96)
at org.testng.TestNG.runSuitesSequentially(TestNG.java:1212)
at org.testng.TestNG.runSuitesLocally(TestNG.java:1134)
at org.testng.TestNG.runSuites(TestNG.java:1063)
at org.testng.TestNG.run(TestNG.java:1031)
at org.testng.remote.AbstractRemoteTestNG.run(AbstractRemoteTestNG.java:115)
at org.testng.remote.RemoteTestNG.initAndRun(RemoteTestNG.java:251)
at org.testng.remote.RemoteTestNG.main(RemoteTestNG.java:77)
]]>
    </error>
  </testcase> <!-- runScenario -->
  <system-out/>
  <testcase classname="runnerfile.Testrunner" name="runScenario" time="0.006">
    <error message="parameterValue cannot be null" type="java.lang.IllegalArgumentException">
      <![CDATA[java.lang.IllegalArgumentException: parameterValue cannot be null
at java.base/jdk.internal.reflect.DirectConstructorHandleAccessor.newInstance(DirectConstructorHandleAccessor.java:67)
at java.base/java.lang.reflect.Constructor.newInstanceWithCaller(Constructor.java:500)
at java.base/java.lang.reflect.Constructor.newInstance(Constructor.java:484)
at org.codehaus.groovy.reflection.CachedConstructor.invoke(CachedConstructor.java:73)
at org.codehaus.groovy.reflection.CachedConstructor.doConstructorInvoke(CachedConstructor.java:60)
at org.codehaus.groovy.runtime.callsite.ConstructorSite$ConstructorSiteNoUnwrap.callConstructor(ConstructorSite.java:86)
at org.codehaus.groovy.runtime.callsite.AbstractCallSite.callConstructor(AbstractCallSite.java:277)
at io.restassured.internal.common.assertion.AssertParameter.notNull(AssertParameter.groovy:26)
at io.restassured.internal.common.assertion.AssertParameter$notNull.callStatic(Unknown Source)
at org.codehaus.groovy.runtime.callsite.CallSiteArray.defaultCallStatic(CallSiteArray.java:53)
at io.restassured.internal.common.assertion.AssertParameter$notNull.callStatic(Unknown Source)
at io.restassured.internal.RequestSpecificationImpl.pathParam(RequestSpecificationImpl.groovy:515)
at stepdefinitions.Negative_program_sd.we_send_url_delete_invalid_name(Negative_program_sd.java:249)
at ✽.we send url DELETE invalid Name(file:///C:/Users/sreej/eclipse-NumpyNinja/APITrekkers-Team13/src/test/resources/Features/07ProgramNegative.feature:27)
]]>
    </error>
  </testcase> <!-- runScenario -->
  <system-out/>
  <testcase classname="runnerfile.Testrunner" name="runScenario" time="0.211"/>
  <system-out/>
  <testcase classname="runnerfile.Testrunner" name="runScenario" time="0.297"/>
  <system-out/>
  <testcase classname="runnerfile.Testrunner" name="runScenario" time="0.008">
    <error message="Test name must not be null or empty" type="java.lang.IllegalArgumentException">
      <![CDATA[java.lang.IllegalArgumentException: Test name must not be null or empty
at com.aventstack.extentreports.util.Assert.notEmpty(Assert.java:12)
at com.aventstack.extentreports.ExtentTest.<init>(ExtentTest.java:96)
at com.aventstack.extentreports.ExtentTest.createNode(ExtentTest.java:153)
at com.aventstack.extentreports.cucumber.adapter.ExtentCucumberAdapter.createScenarioOutline(ExtentCucumberAdapter.java:374)
at com.aventstack.extentreports.cucumber.adapter.ExtentCucumberAdapter.handleScenarioOutline(ExtentCucumberAdapter.java:353)
at com.aventstack.extentreports.cucumber.adapter.ExtentCucumberAdapter.handleTestCaseStarted(ExtentCucumberAdapter.java:162)
at com.aventstack.extentreports.cucumber.adapter.ExtentCucumberAdapter.access$100(ExtentCucumberAdapter.java:63)
at com.aventstack.extentreports.cucumber.adapter.ExtentCucumberAdapter$3.receive(ExtentCucumberAdapter.java:107)
at com.aventstack.extentreports.cucumber.adapter.ExtentCucumberAdapter$3.receive(ExtentCucumberAdapter.java:104)
at io.cucumber.core.eventbus.AbstractEventPublisher.send(AbstractEventPublisher.java:51)
at io.cucumber.core.eventbus.AbstractEventBus.send(AbstractEventBus.java:12)
at io.cucumber.core.runtime.SynchronizedEventBus.send(SynchronizedEventBus.java:47)
at io.cucumber.core.runtime.ThreadLocalRunnerSupplier$LocalEventBus.send(ThreadLocalRunnerSupplier.java:62)
at io.cucumber.core.runner.TestCase.emitTestCaseStarted(TestCase.java:206)
at io.cucumber.core.runner.TestCase.run(TestCase.java:72)
at io.cucumber.core.runner.Runner.runPickle(Runner.java:75)
at io.cucumber.testng.TestNGCucumberRunner.lambda$runScenario$1(TestNGCucumberRunner.java:132)
at io.cucumber.core.runtime.CucumberExecutionContext.lambda$runTestCase$5(CucumberExecutionContext.java:130)
at io.cucumber.core.runtime.RethrowingThrowableCollector.executeAndThrow(RethrowingThrowableCollector.java:23)
at io.cucumber.core.runtime.CucumberExecutionContext.runTestCase(CucumberExecutionContext.java:130)
at io.cucumber.testng.TestNGCucumberRunner.runScenario(TestNGCucumberRunner.java:129)
at io.cucumber.testng.AbstractTestNGCucumberTests.runScenario(AbstractTestNGCucumberTests.java:35)
at java.base/jdk.internal.reflect.DirectMethodHandleAccessor.invoke(DirectMethodHandleAccessor.java:104)
at java.base/java.lang.reflect.Method.invoke(Method.java:578)
at org.testng.internal.MethodInvocationHelper.invokeMethod(MethodInvocationHelper.java:133)
at org.testng.internal.TestInvoker.invokeMethod(TestInvoker.java:598)
at org.testng.internal.TestInvoker.invokeTestMethod(TestInvoker.java:173)
at org.testng.internal.MethodRunner.runInSequence(MethodRunner.java:46)
at org.testng.internal.TestInvoker$MethodInvocationAgent.invoke(TestInvoker.java:824)
at org.testng.internal.TestInvoker.invokeTestMethods(TestInvoker.java:146)
at org.testng.internal.TestMethodWorker.invokeTestMethods(TestMethodWorker.java:146)
at org.testng.internal.TestMethodWorker.run(TestMethodWorker.java:128)
at java.base/java.util.ArrayList.forEach(ArrayList.java:1511)
at org.testng.TestRunner.privateRun(TestRunner.java:794)
at org.testng.TestRunner.run(TestRunner.java:596)
at org.testng.SuiteRunner.runTest(SuiteRunner.java:377)
at org.testng.SuiteRunner.runSequentially(SuiteRunner.java:371)
at org.testng.SuiteRunner.privateRun(SuiteRunner.java:332)
at org.testng.SuiteRunner.run(SuiteRunner.java:276)
at org.testng.SuiteRunnerWorker.runSuite(SuiteRunnerWorker.java:53)
at org.testng.SuiteRunnerWorker.run(SuiteRunnerWorker.java:96)
at org.testng.TestNG.runSuitesSequentially(TestNG.java:1212)
at org.testng.TestNG.runSuitesLocally(TestNG.java:1134)
at org.testng.TestNG.runSuites(TestNG.java:1063)
at org.testng.TestNG.run(TestNG.java:1031)
at org.testng.remote.AbstractRemoteTestNG.run(AbstractRemoteTestNG.java:115)
at org.testng.remote.RemoteTestNG.initAndRun(RemoteTestNG.java:251)
at org.testng.remote.RemoteTestNG.main(RemoteTestNG.java:77)
]]>
    </error>
  </testcase> <!-- runScenario -->
  <system-out/>
  <testcase classname="runnerfile.Testrunner" name="runScenario" time="0.010">
    <error message="Test name must not be null or empty" type="java.lang.IllegalArgumentException">
      <![CDATA[java.lang.IllegalArgumentException: Test name must not be null or empty
at com.aventstack.extentreports.util.Assert.notEmpty(Assert.java:12)
at com.aventstack.extentreports.ExtentTest.<init>(ExtentTest.java:96)
at com.aventstack.extentreports.ExtentTest.createNode(ExtentTest.java:153)
at com.aventstack.extentreports.cucumber.adapter.ExtentCucumberAdapter.createScenarioOutline(ExtentCucumberAdapter.java:374)
at com.aventstack.extentreports.cucumber.adapter.ExtentCucumberAdapter.handleScenarioOutline(ExtentCucumberAdapter.java:353)
at com.aventstack.extentreports.cucumber.adapter.ExtentCucumberAdapter.handleTestCaseStarted(ExtentCucumberAdapter.java:162)
at com.aventstack.extentreports.cucumber.adapter.ExtentCucumberAdapter.access$100(ExtentCucumberAdapter.java:63)
at com.aventstack.extentreports.cucumber.adapter.ExtentCucumberAdapter$3.receive(ExtentCucumberAdapter.java:107)
at com.aventstack.extentreports.cucumber.adapter.ExtentCucumberAdapter$3.receive(ExtentCucumberAdapter.java:104)
at io.cucumber.core.eventbus.AbstractEventPublisher.send(AbstractEventPublisher.java:51)
at io.cucumber.core.eventbus.AbstractEventBus.send(AbstractEventBus.java:12)
at io.cucumber.core.runtime.SynchronizedEventBus.send(SynchronizedEventBus.java:47)
at io.cucumber.core.runtime.ThreadLocalRunnerSupplier$LocalEventBus.send(ThreadLocalRunnerSupplier.java:62)
at io.cucumber.core.runner.TestCase.emitTestCaseStarted(TestCase.java:206)
at io.cucumber.core.runner.TestCase.run(TestCase.java:72)
at io.cucumber.core.runner.Runner.runPickle(Runner.java:75)
at io.cucumber.testng.TestNGCucumberRunner.lambda$runScenario$1(TestNGCucumberRunner.java:132)
at io.cucumber.core.runtime.CucumberExecutionContext.lambda$runTestCase$5(CucumberExecutionContext.java:130)
at io.cucumber.core.runtime.RethrowingThrowableCollector.executeAndThrow(RethrowingThrowableCollector.java:23)
at io.cucumber.core.runtime.CucumberExecutionContext.runTestCase(CucumberExecutionContext.java:130)
at io.cucumber.testng.TestNGCucumberRunner.runScenario(TestNGCucumberRunner.java:129)
at io.cucumber.testng.AbstractTestNGCucumberTests.runScenario(AbstractTestNGCucumberTests.java:35)
at java.base/jdk.internal.reflect.DirectMethodHandleAccessor.invoke(DirectMethodHandleAccessor.java:104)
at java.base/java.lang.reflect.Method.invoke(Method.java:578)
at org.testng.internal.MethodInvocationHelper.invokeMethod(MethodInvocationHelper.java:133)
at org.testng.internal.TestInvoker.invokeMethod(TestInvoker.java:598)
at org.testng.internal.TestInvoker.invokeTestMethod(TestInvoker.java:173)
at org.testng.internal.MethodRunner.runInSequence(MethodRunner.java:46)
at org.testng.internal.TestInvoker$MethodInvocationAgent.invoke(TestInvoker.java:824)
at org.testng.internal.TestInvoker.invokeTestMethods(TestInvoker.java:146)
at org.testng.internal.TestMethodWorker.invokeTestMethods(TestMethodWorker.java:146)
at org.testng.internal.TestMethodWorker.run(TestMethodWorker.java:128)
at java.base/java.util.ArrayList.forEach(ArrayList.java:1511)
at org.testng.TestRunner.privateRun(TestRunner.java:794)
at org.testng.TestRunner.run(TestRunner.java:596)
at org.testng.SuiteRunner.runTest(SuiteRunner.java:377)
at org.testng.SuiteRunner.runSequentially(SuiteRunner.java:371)
at org.testng.SuiteRunner.privateRun(SuiteRunner.java:332)
at org.testng.SuiteRunner.run(SuiteRunner.java:276)
at org.testng.SuiteRunnerWorker.runSuite(SuiteRunnerWorker.java:53)
at org.testng.SuiteRunnerWorker.run(SuiteRunnerWorker.java:96)
at org.testng.TestNG.runSuitesSequentially(TestNG.java:1212)
at org.testng.TestNG.runSuitesLocally(TestNG.java:1134)
at org.testng.TestNG.runSuites(TestNG.java:1063)
at org.testng.TestNG.run(TestNG.java:1031)
at org.testng.remote.AbstractRemoteTestNG.run(AbstractRemoteTestNG.java:115)
at org.testng.remote.RemoteTestNG.initAndRun(RemoteTestNG.java:251)
at org.testng.remote.RemoteTestNG.main(RemoteTestNG.java:77)
]]>
    </error>
  </testcase> <!-- runScenario -->
  <system-out/>
  <testcase classname="runnerfile.Testrunner" name="runScenario" time="0.276">
    <failure message="expected [404] but found [200]" type="java.lang.AssertionError">
      <![CDATA[java.lang.AssertionError: expected [404] but found [200]
at org.testng.Assert.fail(Assert.java:99)
at org.testng.Assert.failNotEquals(Assert.java:1037)
at org.testng.Assert.assertEqualsImpl(Assert.java:140)
at org.testng.Assert.assertEquals(Assert.java:122)
at org.testng.Assert.assertEquals(Assert.java:907)
at org.testng.Assert.assertEquals(Assert.java:917)
at api.test.DDtestcase.Testnegscenario(DDtestcase.java:310)
at stepdefinitions.NegativeassignSubmit.user_recieves_the_list_of_data_which_can_be_validated_for_negative_scenario(NegativeassignSubmit.java:96)
at ✽.: user recieves the list of data which can be validated for negative scenario.(file:///C:/Users/sreej/eclipse-NumpyNinja/APITrekkers-Team13/src/test/resources/Features/11Negativepostsubassignment.feature:62)
]]>
    </failure>
  </testcase> <!-- runScenario -->
  <system-out/>
  <testcase classname="runnerfile.Testrunner" name="runScenario" time="0.392">
    <failure message="expected [200] but found [404]" type="java.lang.AssertionError">
      <![CDATA[java.lang.AssertionError: expected [200] but found [404]
at org.testng.Assert.fail(Assert.java:99)
at org.testng.Assert.failNotEquals(Assert.java:1037)
at org.testng.Assert.assertEqualsImpl(Assert.java:140)
at org.testng.Assert.assertEquals(Assert.java:122)
at org.testng.Assert.assertEquals(Assert.java:907)
at org.testng.Assert.assertEquals(Assert.java:917)
at api.test.AssignmentTests.verify_get_status(AssignmentTests.java:151)
at stepdefinitions.AssignmentPositiveScenarios_SD.User_gets_data_by_assignment_id_in_response(AssignmentPositiveScenarios_SD.java:116)
at ✽.User gets data by assignment id in response(file:///C:/Users/sreej/eclipse-NumpyNinja/APITrekkers-Team13/src/test/resources/Features/04AssignmentPositiveScenarios.feature:21)
]]>
    </failure>
  </testcase> <!-- runScenario -->
  <system-out/>
  <testcase classname="runnerfile.Testrunner" name="runScenario" time="0.004">
    <error message="Test name must not be null or empty" type="java.lang.IllegalArgumentException">
      <![CDATA[java.lang.IllegalArgumentException: Test name must not be null or empty
at com.aventstack.extentreports.util.Assert.notEmpty(Assert.java:12)
at com.aventstack.extentreports.ExtentTest.<init>(ExtentTest.java:96)
at com.aventstack.extentreports.ExtentTest.createNode(ExtentTest.java:153)
at com.aventstack.extentreports.cucumber.adapter.ExtentCucumberAdapter.createScenarioOutline(ExtentCucumberAdapter.java:374)
at com.aventstack.extentreports.cucumber.adapter.ExtentCucumberAdapter.handleScenarioOutline(ExtentCucumberAdapter.java:353)
at com.aventstack.extentreports.cucumber.adapter.ExtentCucumberAdapter.handleTestCaseStarted(ExtentCucumberAdapter.java:162)
at com.aventstack.extentreports.cucumber.adapter.ExtentCucumberAdapter.access$100(ExtentCucumberAdapter.java:63)
at com.aventstack.extentreports.cucumber.adapter.ExtentCucumberAdapter$3.receive(ExtentCucumberAdapter.java:107)
at com.aventstack.extentreports.cucumber.adapter.ExtentCucumberAdapter$3.receive(ExtentCucumberAdapter.java:104)
at io.cucumber.core.eventbus.AbstractEventPublisher.send(AbstractEventPublisher.java:51)
at io.cucumber.core.eventbus.AbstractEventBus.send(AbstractEventBus.java:12)
at io.cucumber.core.runtime.SynchronizedEventBus.send(SynchronizedEventBus.java:47)
at io.cucumber.core.runtime.ThreadLocalRunnerSupplier$LocalEventBus.send(ThreadLocalRunnerSupplier.java:62)
at io.cucumber.core.runner.TestCase.emitTestCaseStarted(TestCase.java:206)
at io.cucumber.core.runner.TestCase.run(TestCase.java:72)
at io.cucumber.core.runner.Runner.runPickle(Runner.java:75)
at io.cucumber.testng.TestNGCucumberRunner.lambda$runScenario$1(TestNGCucumberRunner.java:132)
at io.cucumber.core.runtime.CucumberExecutionContext.lambda$runTestCase$5(CucumberExecutionContext.java:130)
at io.cucumber.core.runtime.RethrowingThrowableCollector.executeAndThrow(RethrowingThrowableCollector.java:23)
at io.cucumber.core.runtime.CucumberExecutionContext.runTestCase(CucumberExecutionContext.java:130)
at io.cucumber.testng.TestNGCucumberRunner.runScenario(TestNGCucumberRunner.java:129)
at io.cucumber.testng.AbstractTestNGCucumberTests.runScenario(AbstractTestNGCucumberTests.java:35)
at java.base/jdk.internal.reflect.DirectMethodHandleAccessor.invoke(DirectMethodHandleAccessor.java:104)
at java.base/java.lang.reflect.Method.invoke(Method.java:578)
at org.testng.internal.MethodInvocationHelper.invokeMethod(MethodInvocationHelper.java:133)
at org.testng.internal.TestInvoker.invokeMethod(TestInvoker.java:598)
at org.testng.internal.TestInvoker.invokeTestMethod(TestInvoker.java:173)
at org.testng.internal.MethodRunner.runInSequence(MethodRunner.java:46)
at org.testng.internal.TestInvoker$MethodInvocationAgent.invoke(TestInvoker.java:824)
at org.testng.internal.TestInvoker.invokeTestMethods(TestInvoker.java:146)
at org.testng.internal.TestMethodWorker.invokeTestMethods(TestMethodWorker.java:146)
at org.testng.internal.TestMethodWorker.run(TestMethodWorker.java:128)
at java.base/java.util.ArrayList.forEach(ArrayList.java:1511)
at org.testng.TestRunner.privateRun(TestRunner.java:794)
at org.testng.TestRunner.run(TestRunner.java:596)
at org.testng.SuiteRunner.runTest(SuiteRunner.java:377)
at org.testng.SuiteRunner.runSequentially(SuiteRunner.java:371)
at org.testng.SuiteRunner.privateRun(SuiteRunner.java:332)
at org.testng.SuiteRunner.run(SuiteRunner.java:276)
at org.testng.SuiteRunnerWorker.runSuite(SuiteRunnerWorker.java:53)
at org.testng.SuiteRunnerWorker.run(SuiteRunnerWorker.java:96)
at org.testng.TestNG.runSuitesSequentially(TestNG.java:1212)
at org.testng.TestNG.runSuitesLocally(TestNG.java:1134)
at org.testng.TestNG.runSuites(TestNG.java:1063)
at org.testng.TestNG.run(TestNG.java:1031)
at org.testng.remote.AbstractRemoteTestNG.run(AbstractRemoteTestNG.java:115)
at org.testng.remote.RemoteTestNG.initAndRun(RemoteTestNG.java:251)
at org.testng.remote.RemoteTestNG.main(RemoteTestNG.java:77)
]]>
    </error>
  </testcase> <!-- runScenario -->
  <system-out/>
  <testcase classname="runnerfile.Testrunner" name="runScenario" time="0.005">
    <error message="Test name must not be null or empty" type="java.lang.IllegalArgumentException">
      <![CDATA[java.lang.IllegalArgumentException: Test name must not be null or empty
at com.aventstack.extentreports.util.Assert.notEmpty(Assert.java:12)
at com.aventstack.extentreports.ExtentTest.<init>(ExtentTest.java:96)
at com.aventstack.extentreports.ExtentTest.createNode(ExtentTest.java:153)
at com.aventstack.extentreports.cucumber.adapter.ExtentCucumberAdapter.createScenarioOutline(ExtentCucumberAdapter.java:374)
at com.aventstack.extentreports.cucumber.adapter.ExtentCucumberAdapter.handleScenarioOutline(ExtentCucumberAdapter.java:353)
at com.aventstack.extentreports.cucumber.adapter.ExtentCucumberAdapter.handleTestCaseStarted(ExtentCucumberAdapter.java:162)
at com.aventstack.extentreports.cucumber.adapter.ExtentCucumberAdapter.access$100(ExtentCucumberAdapter.java:63)
at com.aventstack.extentreports.cucumber.adapter.ExtentCucumberAdapter$3.receive(ExtentCucumberAdapter.java:107)
at com.aventstack.extentreports.cucumber.adapter.ExtentCucumberAdapter$3.receive(ExtentCucumberAdapter.java:104)
at io.cucumber.core.eventbus.AbstractEventPublisher.send(AbstractEventPublisher.java:51)
at io.cucumber.core.eventbus.AbstractEventBus.send(AbstractEventBus.java:12)
at io.cucumber.core.runtime.SynchronizedEventBus.send(SynchronizedEventBus.java:47)
at io.cucumber.core.runtime.ThreadLocalRunnerSupplier$LocalEventBus.send(ThreadLocalRunnerSupplier.java:62)
at io.cucumber.core.runner.TestCase.emitTestCaseStarted(TestCase.java:206)
at io.cucumber.core.runner.TestCase.run(TestCase.java:72)
at io.cucumber.core.runner.Runner.runPickle(Runner.java:75)
at io.cucumber.testng.TestNGCucumberRunner.lambda$runScenario$1(TestNGCucumberRunner.java:132)
at io.cucumber.core.runtime.CucumberExecutionContext.lambda$runTestCase$5(CucumberExecutionContext.java:130)
at io.cucumber.core.runtime.RethrowingThrowableCollector.executeAndThrow(RethrowingThrowableCollector.java:23)
at io.cucumber.core.runtime.CucumberExecutionContext.runTestCase(CucumberExecutionContext.java:130)
at io.cucumber.testng.TestNGCucumberRunner.runScenario(TestNGCucumberRunner.java:129)
at io.cucumber.testng.AbstractTestNGCucumberTests.runScenario(AbstractTestNGCucumberTests.java:35)
at java.base/jdk.internal.reflect.DirectMethodHandleAccessor.invoke(DirectMethodHandleAccessor.java:104)
at java.base/java.lang.reflect.Method.invoke(Method.java:578)
at org.testng.internal.MethodInvocationHelper.invokeMethod(MethodInvocationHelper.java:133)
at org.testng.internal.TestInvoker.invokeMethod(TestInvoker.java:598)
at org.testng.internal.TestInvoker.invokeTestMethod(TestInvoker.java:173)
at org.testng.internal.MethodRunner.runInSequence(MethodRunner.java:46)
at org.testng.internal.TestInvoker$MethodInvocationAgent.invoke(TestInvoker.java:824)
at org.testng.internal.TestInvoker.invokeTestMethods(TestInvoker.java:146)
at org.testng.internal.TestMethodWorker.invokeTestMethods(TestMethodWorker.java:146)
at org.testng.internal.TestMethodWorker.run(TestMethodWorker.java:128)
at java.base/java.util.ArrayList.forEach(ArrayList.java:1511)
at org.testng.TestRunner.privateRun(TestRunner.java:794)
at org.testng.TestRunner.run(TestRunner.java:596)
at org.testng.SuiteRunner.runTest(SuiteRunner.java:377)
at org.testng.SuiteRunner.runSequentially(SuiteRunner.java:371)
at org.testng.SuiteRunner.privateRun(SuiteRunner.java:332)
at org.testng.SuiteRunner.run(SuiteRunner.java:276)
at org.testng.SuiteRunnerWorker.runSuite(SuiteRunnerWorker.java:53)
at org.testng.SuiteRunnerWorker.run(SuiteRunnerWorker.java:96)
at org.testng.TestNG.runSuitesSequentially(TestNG.java:1212)
at org.testng.TestNG.runSuitesLocally(TestNG.java:1134)
at org.testng.TestNG.runSuites(TestNG.java:1063)
at org.testng.TestNG.run(TestNG.java:1031)
at org.testng.remote.AbstractRemoteTestNG.run(AbstractRemoteTestNG.java:115)
at org.testng.remote.RemoteTestNG.initAndRun(RemoteTestNG.java:251)
at org.testng.remote.RemoteTestNG.main(RemoteTestNG.java:77)
]]>
    </error>
  </testcase> <!-- runScenario -->
  <system-out/>
  <testcase classname="runnerfile.Testrunner" name="runScenario" time="0.239"/>
  <system-out/>
  <testcase classname="runnerfile.Testrunner" name="runScenario" time="0.211">
    <failure message="expected [200] but found [404]" type="java.lang.AssertionError">
      <![CDATA[java.lang.AssertionError: expected [200] but found [404]
at org.testng.Assert.fail(Assert.java:99)
at org.testng.Assert.failNotEquals(Assert.java:1037)
at org.testng.Assert.assertEqualsImpl(Assert.java:140)
at org.testng.Assert.assertEquals(Assert.java:122)
at org.testng.Assert.assertEquals(Assert.java:907)
at org.testng.Assert.assertEquals(Assert.java:917)
at api.test.DDtestcase.verify_get_status(DDtestcase.java:264)
at stepdefinitions.Post_subassignment.user_recieves_the_list_of_data_which_can_be_validated(Post_subassignment.java:103)
at ✽.: user recieves the list of data which can be validated.(file:///C:/Users/sreej/eclipse-NumpyNinja/APITrekkers-Team13/src/test/resources/Features/05postsubassignment.feature:55)
]]>
    </failure>
  </testcase> <!-- runScenario -->
  <system-out/>
  <testcase classname="runnerfile.Testrunner" name="runScenario" time="0.396"/>
  <system-out/>
  <testcase classname="runnerfile.Testrunner" name="runScenario" time="0.412">
    <failure message="expected [Connection=keep-alive] but found [Connection=keep-alive]" type="java.lang.AssertionError">
      <![CDATA[java.lang.AssertionError: expected [Connection=keep-alive] but found [Connection=keep-alive]
at org.testng.Assert.fail(Assert.java:99)
at org.testng.Assert.failNotEquals(Assert.java:1037)
at org.testng.Assert.assertEqualsImpl(Assert.java:140)
at org.testng.Assert.assertEquals(Assert.java:122)
at org.testng.Assert.assertEquals(Assert.java:617)
at api.test.DDtestcase.verify_get_status(DDtestcase.java:274)
at stepdefinitions.Post_subassignment.user_recieves_the_list_of_data_which_can_be_validated(Post_subassignment.java:103)
at ✽.: user recieves the list of data which can be validated.(file:///C:/Users/sreej/eclipse-NumpyNinja/APITrekkers-Team13/src/test/resources/Features/05postsubassignment.feature:75)
]]>
    </failure>
  </testcase> <!-- runScenario -->
  <system-out/>
  <testcase classname="runnerfile.Testrunner" name="runScenario" time="0.243"/>
  <system-out/>
  <testcase classname="runnerfile.Testrunner" name="runScenario" time="0.007">
    <error message="Test name must not be null or empty" type="java.lang.IllegalArgumentException">
      <![CDATA[java.lang.IllegalArgumentException: Test name must not be null or empty
at com.aventstack.extentreports.util.Assert.notEmpty(Assert.java:12)
at com.aventstack.extentreports.ExtentTest.<init>(ExtentTest.java:96)
at com.aventstack.extentreports.ExtentTest.createNode(ExtentTest.java:153)
at com.aventstack.extentreports.cucumber.adapter.ExtentCucumberAdapter.createScenarioOutline(ExtentCucumberAdapter.java:374)
at com.aventstack.extentreports.cucumber.adapter.ExtentCucumberAdapter.handleScenarioOutline(ExtentCucumberAdapter.java:353)
at com.aventstack.extentreports.cucumber.adapter.ExtentCucumberAdapter.handleTestCaseStarted(ExtentCucumberAdapter.java:162)
at com.aventstack.extentreports.cucumber.adapter.ExtentCucumberAdapter.access$100(ExtentCucumberAdapter.java:63)
at com.aventstack.extentreports.cucumber.adapter.ExtentCucumberAdapter$3.receive(ExtentCucumberAdapter.java:107)
at com.aventstack.extentreports.cucumber.adapter.ExtentCucumberAdapter$3.receive(ExtentCucumberAdapter.java:104)
at io.cucumber.core.eventbus.AbstractEventPublisher.send(AbstractEventPublisher.java:51)
at io.cucumber.core.eventbus.AbstractEventBus.send(AbstractEventBus.java:12)
at io.cucumber.core.runtime.SynchronizedEventBus.send(SynchronizedEventBus.java:47)
at io.cucumber.core.runtime.ThreadLocalRunnerSupplier$LocalEventBus.send(ThreadLocalRunnerSupplier.java:62)
at io.cucumber.core.runner.TestCase.emitTestCaseStarted(TestCase.java:206)
at io.cucumber.core.runner.TestCase.run(TestCase.java:72)
at io.cucumber.core.runner.Runner.runPickle(Runner.java:75)
at io.cucumber.testng.TestNGCucumberRunner.lambda$runScenario$1(TestNGCucumberRunner.java:132)
at io.cucumber.core.runtime.CucumberExecutionContext.lambda$runTestCase$5(CucumberExecutionContext.java:130)
at io.cucumber.core.runtime.RethrowingThrowableCollector.executeAndThrow(RethrowingThrowableCollector.java:23)
at io.cucumber.core.runtime.CucumberExecutionContext.runTestCase(CucumberExecutionContext.java:130)
at io.cucumber.testng.TestNGCucumberRunner.runScenario(TestNGCucumberRunner.java:129)
at io.cucumber.testng.AbstractTestNGCucumberTests.runScenario(AbstractTestNGCucumberTests.java:35)
at java.base/jdk.internal.reflect.DirectMethodHandleAccessor.invoke(DirectMethodHandleAccessor.java:104)
at java.base/java.lang.reflect.Method.invoke(Method.java:578)
at org.testng.internal.MethodInvocationHelper.invokeMethod(MethodInvocationHelper.java:133)
at org.testng.internal.TestInvoker.invokeMethod(TestInvoker.java:598)
at org.testng.internal.TestInvoker.invokeTestMethod(TestInvoker.java:173)
at org.testng.internal.MethodRunner.runInSequence(MethodRunner.java:46)
at org.testng.internal.TestInvoker$MethodInvocationAgent.invoke(TestInvoker.java:824)
at org.testng.internal.TestInvoker.invokeTestMethods(TestInvoker.java:146)
at org.testng.internal.TestMethodWorker.invokeTestMethods(TestMethodWorker.java:146)
at org.testng.internal.TestMethodWorker.run(TestMethodWorker.java:128)
at java.base/java.util.ArrayList.forEach(ArrayList.java:1511)
at org.testng.TestRunner.privateRun(TestRunner.java:794)
at org.testng.TestRunner.run(TestRunner.java:596)
at org.testng.SuiteRunner.runTest(SuiteRunner.java:377)
at org.testng.SuiteRunner.runSequentially(SuiteRunner.java:371)
at org.testng.SuiteRunner.privateRun(SuiteRunner.java:332)
at org.testng.SuiteRunner.run(SuiteRunner.java:276)
at org.testng.SuiteRunnerWorker.runSuite(SuiteRunnerWorker.java:53)
at org.testng.SuiteRunnerWorker.run(SuiteRunnerWorker.java:96)
at org.testng.TestNG.runSuitesSequentially(TestNG.java:1212)
at org.testng.TestNG.runSuitesLocally(TestNG.java:1134)
at org.testng.TestNG.runSuites(TestNG.java:1063)
at org.testng.TestNG.run(TestNG.java:1031)
at org.testng.remote.AbstractRemoteTestNG.run(AbstractRemoteTestNG.java:115)
at org.testng.remote.RemoteTestNG.initAndRun(RemoteTestNG.java:251)
at org.testng.remote.RemoteTestNG.main(RemoteTestNG.java:77)
]]>
    </error>
  </testcase> <!-- runScenario -->
  <system-out/>
  <testcase classname="runnerfile.Testrunner" name="runScenario" time="0.003">
    <error message="Test name must not be null or empty" type="java.lang.IllegalArgumentException">
      <![CDATA[java.lang.IllegalArgumentException: Test name must not be null or empty
at com.aventstack.extentreports.util.Assert.notEmpty(Assert.java:12)
at com.aventstack.extentreports.ExtentTest.<init>(ExtentTest.java:96)
at com.aventstack.extentreports.ExtentTest.createNode(ExtentTest.java:153)
at com.aventstack.extentreports.cucumber.adapter.ExtentCucumberAdapter.createScenarioOutline(ExtentCucumberAdapter.java:374)
at com.aventstack.extentreports.cucumber.adapter.ExtentCucumberAdapter.handleScenarioOutline(ExtentCucumberAdapter.java:353)
at com.aventstack.extentreports.cucumber.adapter.ExtentCucumberAdapter.handleTestCaseStarted(ExtentCucumberAdapter.java:162)
at com.aventstack.extentreports.cucumber.adapter.ExtentCucumberAdapter.access$100(ExtentCucumberAdapter.java:63)
at com.aventstack.extentreports.cucumber.adapter.ExtentCucumberAdapter$3.receive(ExtentCucumberAdapter.java:107)
at com.aventstack.extentreports.cucumber.adapter.ExtentCucumberAdapter$3.receive(ExtentCucumberAdapter.java:104)
at io.cucumber.core.eventbus.AbstractEventPublisher.send(AbstractEventPublisher.java:51)
at io.cucumber.core.eventbus.AbstractEventBus.send(AbstractEventBus.java:12)
at io.cucumber.core.runtime.SynchronizedEventBus.send(SynchronizedEventBus.java:47)
at io.cucumber.core.runtime.ThreadLocalRunnerSupplier$LocalEventBus.send(ThreadLocalRunnerSupplier.java:62)
at io.cucumber.core.runner.TestCase.emitTestCaseStarted(TestCase.java:206)
at io.cucumber.core.runner.TestCase.run(TestCase.java:72)
at io.cucumber.core.runner.Runner.runPickle(Runner.java:75)
at io.cucumber.testng.TestNGCucumberRunner.lambda$runScenario$1(TestNGCucumberRunner.java:132)
at io.cucumber.core.runtime.CucumberExecutionContext.lambda$runTestCase$5(CucumberExecutionContext.java:130)
at io.cucumber.core.runtime.RethrowingThrowableCollector.executeAndThrow(RethrowingThrowableCollector.java:23)
at io.cucumber.core.runtime.CucumberExecutionContext.runTestCase(CucumberExecutionContext.java:130)
at io.cucumber.testng.TestNGCucumberRunner.runScenario(TestNGCucumberRunner.java:129)
at io.cucumber.testng.AbstractTestNGCucumberTests.runScenario(AbstractTestNGCucumberTests.java:35)
at java.base/jdk.internal.reflect.DirectMethodHandleAccessor.invoke(DirectMethodHandleAccessor.java:104)
at java.base/java.lang.reflect.Method.invoke(Method.java:578)
at org.testng.internal.MethodInvocationHelper.invokeMethod(MethodInvocationHelper.java:133)
at org.testng.internal.TestInvoker.invokeMethod(TestInvoker.java:598)
at org.testng.internal.TestInvoker.invokeTestMethod(TestInvoker.java:173)
at org.testng.internal.MethodRunner.runInSequence(MethodRunner.java:46)
at org.testng.internal.TestInvoker$MethodInvocationAgent.invoke(TestInvoker.java:824)
at org.testng.internal.TestInvoker.invokeTestMethods(TestInvoker.java:146)
at org.testng.internal.TestMethodWorker.invokeTestMethods(TestMethodWorker.java:146)
at org.testng.internal.TestMethodWorker.run(TestMethodWorker.java:128)
at java.base/java.util.ArrayList.forEach(ArrayList.java:1511)
at org.testng.TestRunner.privateRun(TestRunner.java:794)
at org.testng.TestRunner.run(TestRunner.java:596)
at org.testng.SuiteRunner.runTest(SuiteRunner.java:377)
at org.testng.SuiteRunner.runSequentially(SuiteRunner.java:371)
at org.testng.SuiteRunner.privateRun(SuiteRunner.java:332)
at org.testng.SuiteRunner.run(SuiteRunner.java:276)
at org.testng.SuiteRunnerWorker.runSuite(SuiteRunnerWorker.java:53)
at org.testng.SuiteRunnerWorker.run(SuiteRunnerWorker.java:96)
at org.testng.TestNG.runSuitesSequentially(TestNG.java:1212)
at org.testng.TestNG.runSuitesLocally(TestNG.java:1134)
at org.testng.TestNG.runSuites(TestNG.java:1063)
at org.testng.TestNG.run(TestNG.java:1031)
at org.testng.remote.AbstractRemoteTestNG.run(AbstractRemoteTestNG.java:115)
at org.testng.remote.RemoteTestNG.initAndRun(RemoteTestNG.java:251)
at org.testng.remote.RemoteTestNG.main(RemoteTestNG.java:77)
]]>
    </error>
  </testcase> <!-- runScenario -->
  <system-out/>
  <testcase classname="runnerfile.Testrunner" name="runScenario" time="0.216"/>
  <system-out/>
  <testcase classname="runnerfile.Testrunner" name="runScenario" time="0.218"/>
  <system-out/>
  <testcase classname="runnerfile.Testrunner" name="runScenario" time="0.019">
    <error message="Test name must not be null or empty" type="java.lang.IllegalArgumentException">
      <![CDATA[java.lang.IllegalArgumentException: Test name must not be null or empty
at com.aventstack.extentreports.util.Assert.notEmpty(Assert.java:12)
at com.aventstack.extentreports.ExtentTest.<init>(ExtentTest.java:96)
at com.aventstack.extentreports.ExtentTest.createNode(ExtentTest.java:153)
at com.aventstack.extentreports.cucumber.adapter.ExtentCucumberAdapter.createScenarioOutline(ExtentCucumberAdapter.java:374)
at com.aventstack.extentreports.cucumber.adapter.ExtentCucumberAdapter.handleScenarioOutline(ExtentCucumberAdapter.java:353)
at com.aventstack.extentreports.cucumber.adapter.ExtentCucumberAdapter.handleTestCaseStarted(ExtentCucumberAdapter.java:162)
at com.aventstack.extentreports.cucumber.adapter.ExtentCucumberAdapter.access$100(ExtentCucumberAdapter.java:63)
at com.aventstack.extentreports.cucumber.adapter.ExtentCucumberAdapter$3.receive(ExtentCucumberAdapter.java:107)
at com.aventstack.extentreports.cucumber.adapter.ExtentCucumberAdapter$3.receive(ExtentCucumberAdapter.java:104)
at io.cucumber.core.eventbus.AbstractEventPublisher.send(AbstractEventPublisher.java:51)
at io.cucumber.core.eventbus.AbstractEventBus.send(AbstractEventBus.java:12)
at io.cucumber.core.runtime.SynchronizedEventBus.send(SynchronizedEventBus.java:47)
at io.cucumber.core.runtime.ThreadLocalRunnerSupplier$LocalEventBus.send(ThreadLocalRunnerSupplier.java:62)
at io.cucumber.core.runner.TestCase.emitTestCaseStarted(TestCase.java:206)
at io.cucumber.core.runner.TestCase.run(TestCase.java:72)
at io.cucumber.core.runner.Runner.runPickle(Runner.java:75)
at io.cucumber.testng.TestNGCucumberRunner.lambda$runScenario$1(TestNGCucumberRunner.java:132)
at io.cucumber.core.runtime.CucumberExecutionContext.lambda$runTestCase$5(CucumberExecutionContext.java:130)
at io.cucumber.core.runtime.RethrowingThrowableCollector.executeAndThrow(RethrowingThrowableCollector.java:23)
at io.cucumber.core.runtime.CucumberExecutionContext.runTestCase(CucumberExecutionContext.java:130)
at io.cucumber.testng.TestNGCucumberRunner.runScenario(TestNGCucumberRunner.java:129)
at io.cucumber.testng.AbstractTestNGCucumberTests.runScenario(AbstractTestNGCucumberTests.java:35)
at java.base/jdk.internal.reflect.DirectMethodHandleAccessor.invoke(DirectMethodHandleAccessor.java:104)
at java.base/java.lang.reflect.Method.invoke(Method.java:578)
at org.testng.internal.MethodInvocationHelper.invokeMethod(MethodInvocationHelper.java:133)
at org.testng.internal.TestInvoker.invokeMethod(TestInvoker.java:598)
at org.testng.internal.TestInvoker.invokeTestMethod(TestInvoker.java:173)
at org.testng.internal.MethodRunner.runInSequence(MethodRunner.java:46)
at org.testng.internal.TestInvoker$MethodInvocationAgent.invoke(TestInvoker.java:824)
at org.testng.internal.TestInvoker.invokeTestMethods(TestInvoker.java:146)
at org.testng.internal.TestMethodWorker.invokeTestMethods(TestMethodWorker.java:146)
at org.testng.internal.TestMethodWorker.run(TestMethodWorker.java:128)
at java.base/java.util.ArrayList.forEach(ArrayList.java:1511)
at org.testng.TestRunner.privateRun(TestRunner.java:794)
at org.testng.TestRunner.run(TestRunner.java:596)
at org.testng.SuiteRunner.runTest(SuiteRunner.java:377)
at org.testng.SuiteRunner.runSequentially(SuiteRunner.java:371)
at org.testng.SuiteRunner.privateRun(SuiteRunner.java:332)
at org.testng.SuiteRunner.run(SuiteRunner.java:276)
at org.testng.SuiteRunnerWorker.runSuite(SuiteRunnerWorker.java:53)
at org.testng.SuiteRunnerWorker.run(SuiteRunnerWorker.java:96)
at org.testng.TestNG.runSuitesSequentially(TestNG.java:1212)
at org.testng.TestNG.runSuitesLocally(TestNG.java:1134)
at org.testng.TestNG.runSuites(TestNG.java:1063)
at org.testng.TestNG.run(TestNG.java:1031)
at org.testng.remote.AbstractRemoteTestNG.run(AbstractRemoteTestNG.java:115)
at org.testng.remote.RemoteTestNG.initAndRun(RemoteTestNG.java:251)
at org.testng.remote.RemoteTestNG.main(RemoteTestNG.java:77)
]]>
    </error>
  </testcase> <!-- runScenario -->
  <system-out/>
  <testcase classname="runnerfile.Testrunner" name="runScenario" time="0.364"/>
  <system-out/>
  <testcase classname="runnerfile.Testrunner" name="runScenario" time="0.370"/>
  <system-out/>
  <testcase classname="runnerfile.Testrunner" name="runScenario" time="0.006">
    <error message="Test name must not be null or empty" type="java.lang.IllegalArgumentException">
      <![CDATA[java.lang.IllegalArgumentException: Test name must not be null or empty
at com.aventstack.extentreports.util.Assert.notEmpty(Assert.java:12)
at com.aventstack.extentreports.ExtentTest.<init>(ExtentTest.java:96)
at com.aventstack.extentreports.ExtentTest.createNode(ExtentTest.java:153)
at com.aventstack.extentreports.cucumber.adapter.ExtentCucumberAdapter.createTestCase(ExtentCucumberAdapter.java:424)
at com.aventstack.extentreports.cucumber.adapter.ExtentCucumberAdapter.handleTestCaseStarted(ExtentCucumberAdapter.java:163)
at com.aventstack.extentreports.cucumber.adapter.ExtentCucumberAdapter.access$100(ExtentCucumberAdapter.java:63)
at com.aventstack.extentreports.cucumber.adapter.ExtentCucumberAdapter$3.receive(ExtentCucumberAdapter.java:107)
at com.aventstack.extentreports.cucumber.adapter.ExtentCucumberAdapter$3.receive(ExtentCucumberAdapter.java:104)
at io.cucumber.core.eventbus.AbstractEventPublisher.send(AbstractEventPublisher.java:51)
at io.cucumber.core.eventbus.AbstractEventBus.send(AbstractEventBus.java:12)
at io.cucumber.core.runtime.SynchronizedEventBus.send(SynchronizedEventBus.java:47)
at io.cucumber.core.runtime.ThreadLocalRunnerSupplier$LocalEventBus.send(ThreadLocalRunnerSupplier.java:62)
at io.cucumber.core.runner.TestCase.emitTestCaseStarted(TestCase.java:206)
at io.cucumber.core.runner.TestCase.run(TestCase.java:72)
at io.cucumber.core.runner.Runner.runPickle(Runner.java:75)
at io.cucumber.testng.TestNGCucumberRunner.lambda$runScenario$1(TestNGCucumberRunner.java:132)
at io.cucumber.core.runtime.CucumberExecutionContext.lambda$runTestCase$5(CucumberExecutionContext.java:130)
at io.cucumber.core.runtime.RethrowingThrowableCollector.executeAndThrow(RethrowingThrowableCollector.java:23)
at io.cucumber.core.runtime.CucumberExecutionContext.runTestCase(CucumberExecutionContext.java:130)
at io.cucumber.testng.TestNGCucumberRunner.runScenario(TestNGCucumberRunner.java:129)
at io.cucumber.testng.AbstractTestNGCucumberTests.runScenario(AbstractTestNGCucumberTests.java:35)
at java.base/jdk.internal.reflect.DirectMethodHandleAccessor.invoke(DirectMethodHandleAccessor.java:104)
at java.base/java.lang.reflect.Method.invoke(Method.java:578)
at org.testng.internal.MethodInvocationHelper.invokeMethod(MethodInvocationHelper.java:133)
at org.testng.internal.TestInvoker.invokeMethod(TestInvoker.java:598)
at org.testng.internal.TestInvoker.invokeTestMethod(TestInvoker.java:173)
at org.testng.internal.MethodRunner.runInSequence(MethodRunner.java:46)
at org.testng.internal.TestInvoker$MethodInvocationAgent.invoke(TestInvoker.java:824)
at org.testng.internal.TestInvoker.invokeTestMethods(TestInvoker.java:146)
at org.testng.internal.TestMethodWorker.invokeTestMethods(TestMethodWorker.java:146)
at org.testng.internal.TestMethodWorker.run(TestMethodWorker.java:128)
at java.base/java.util.ArrayList.forEach(ArrayList.java:1511)
at org.testng.TestRunner.privateRun(TestRunner.java:794)
at org.testng.TestRunner.run(TestRunner.java:596)
at org.testng.SuiteRunner.runTest(SuiteRunner.java:377)
at org.testng.SuiteRunner.runSequentially(SuiteRunner.java:371)
at org.testng.SuiteRunner.privateRun(SuiteRunner.java:332)
at org.testng.SuiteRunner.run(SuiteRunner.java:276)
at org.testng.SuiteRunnerWorker.runSuite(SuiteRunnerWorker.java:53)
at org.testng.SuiteRunnerWorker.run(SuiteRunnerWorker.java:96)
at org.testng.TestNG.runSuitesSequentially(TestNG.java:1212)
at org.testng.TestNG.runSuitesLocally(TestNG.java:1134)
at org.testng.TestNG.runSuites(TestNG.java:1063)
at org.testng.TestNG.run(TestNG.java:1031)
at org.testng.remote.AbstractRemoteTestNG.run(AbstractRemoteTestNG.java:115)
at org.testng.remote.RemoteTestNG.initAndRun(RemoteTestNG.java:251)
at org.testng.remote.RemoteTestNG.main(RemoteTestNG.java:77)
]]>
    </error>
  </testcase> <!-- runScenario -->
  <system-out/>
  <testcase classname="runnerfile.Testrunner" name="runScenario" time="0.004">
    <error message="Test name must not be null or empty" type="java.lang.IllegalArgumentException">
      <![CDATA[java.lang.IllegalArgumentException: Test name must not be null or empty
at com.aventstack.extentreports.util.Assert.notEmpty(Assert.java:12)
at com.aventstack.extentreports.ExtentTest.<init>(ExtentTest.java:96)
at com.aventstack.extentreports.ExtentTest.createNode(ExtentTest.java:153)
at com.aventstack.extentreports.cucumber.adapter.ExtentCucumberAdapter.createTestCase(ExtentCucumberAdapter.java:424)
at com.aventstack.extentreports.cucumber.adapter.ExtentCucumberAdapter.handleTestCaseStarted(ExtentCucumberAdapter.java:163)
at com.aventstack.extentreports.cucumber.adapter.ExtentCucumberAdapter.access$100(ExtentCucumberAdapter.java:63)
at com.aventstack.extentreports.cucumber.adapter.ExtentCucumberAdapter$3.receive(ExtentCucumberAdapter.java:107)
at com.aventstack.extentreports.cucumber.adapter.ExtentCucumberAdapter$3.receive(ExtentCucumberAdapter.java:104)
at io.cucumber.core.eventbus.AbstractEventPublisher.send(AbstractEventPublisher.java:51)
at io.cucumber.core.eventbus.AbstractEventBus.send(AbstractEventBus.java:12)
at io.cucumber.core.runtime.SynchronizedEventBus.send(SynchronizedEventBus.java:47)
at io.cucumber.core.runtime.ThreadLocalRunnerSupplier$LocalEventBus.send(ThreadLocalRunnerSupplier.java:62)
at io.cucumber.core.runner.TestCase.emitTestCaseStarted(TestCase.java:206)
at io.cucumber.core.runner.TestCase.run(TestCase.java:72)
at io.cucumber.core.runner.Runner.runPickle(Runner.java:75)
at io.cucumber.testng.TestNGCucumberRunner.lambda$runScenario$1(TestNGCucumberRunner.java:132)
at io.cucumber.core.runtime.CucumberExecutionContext.lambda$runTestCase$5(CucumberExecutionContext.java:130)
at io.cucumber.core.runtime.RethrowingThrowableCollector.executeAndThrow(RethrowingThrowableCollector.java:23)
at io.cucumber.core.runtime.CucumberExecutionContext.runTestCase(CucumberExecutionContext.java:130)
at io.cucumber.testng.TestNGCucumberRunner.runScenario(TestNGCucumberRunner.java:129)
at io.cucumber.testng.AbstractTestNGCucumberTests.runScenario(AbstractTestNGCucumberTests.java:35)
at java.base/jdk.internal.reflect.DirectMethodHandleAccessor.invoke(DirectMethodHandleAccessor.java:104)
at java.base/java.lang.reflect.Method.invoke(Method.java:578)
at org.testng.internal.MethodInvocationHelper.invokeMethod(MethodInvocationHelper.java:133)
at org.testng.internal.TestInvoker.invokeMethod(TestInvoker.java:598)
at org.testng.internal.TestInvoker.invokeTestMethod(TestInvoker.java:173)
at org.testng.internal.MethodRunner.runInSequence(MethodRunner.java:46)
at org.testng.internal.TestInvoker$MethodInvocationAgent.invoke(TestInvoker.java:824)
at org.testng.internal.TestInvoker.invokeTestMethods(TestInvoker.java:146)
at org.testng.internal.TestMethodWorker.invokeTestMethods(TestMethodWorker.java:146)
at org.testng.internal.TestMethodWorker.run(TestMethodWorker.java:128)
at java.base/java.util.ArrayList.forEach(ArrayList.java:1511)
at org.testng.TestRunner.privateRun(TestRunner.java:794)
at org.testng.TestRunner.run(TestRunner.java:596)
at org.testng.SuiteRunner.runTest(SuiteRunner.java:377)
at org.testng.SuiteRunner.runSequentially(SuiteRunner.java:371)
at org.testng.SuiteRunner.privateRun(SuiteRunner.java:332)
at org.testng.SuiteRunner.run(SuiteRunner.java:276)
at org.testng.SuiteRunnerWorker.runSuite(SuiteRunnerWorker.java:53)
at org.testng.SuiteRunnerWorker.run(SuiteRunnerWorker.java:96)
at org.testng.TestNG.runSuitesSequentially(TestNG.java:1212)
at org.testng.TestNG.runSuitesLocally(TestNG.java:1134)
at org.testng.TestNG.runSuites(TestNG.java:1063)
at org.testng.TestNG.run(TestNG.java:1031)
at org.testng.remote.AbstractRemoteTestNG.run(AbstractRemoteTestNG.java:115)
at org.testng.remote.RemoteTestNG.initAndRun(RemoteTestNG.java:251)
at org.testng.remote.RemoteTestNG.main(RemoteTestNG.java:77)
]]>
    </error>
  </testcase> <!-- runScenario -->
  <system-out/>
  <testcase classname="runnerfile.Testrunner" name="runScenario" time="0.349"/>
  <system-out/>
  <testcase classname="runnerfile.Testrunner" name="runScenario" time="0.260"/>
  <system-out/>
  <testcase classname="runnerfile.Testrunner" name="runScenario" time="0.016">
    <error message="parameterValue cannot be null" type="java.lang.IllegalArgumentException">
      <![CDATA[java.lang.IllegalArgumentException: parameterValue cannot be null
at java.base/jdk.internal.reflect.DirectConstructorHandleAccessor.newInstance(DirectConstructorHandleAccessor.java:67)
at java.base/java.lang.reflect.Constructor.newInstanceWithCaller(Constructor.java:500)
at java.base/java.lang.reflect.Constructor.newInstance(Constructor.java:484)
at org.codehaus.groovy.reflection.CachedConstructor.invoke(CachedConstructor.java:73)
at org.codehaus.groovy.reflection.CachedConstructor.doConstructorInvoke(CachedConstructor.java:60)
at org.codehaus.groovy.runtime.callsite.ConstructorSite$ConstructorSiteNoUnwrap.callConstructor(ConstructorSite.java:86)
at org.codehaus.groovy.runtime.callsite.AbstractCallSite.callConstructor(AbstractCallSite.java:277)
at io.restassured.internal.common.assertion.AssertParameter.notNull(AssertParameter.groovy:26)
at io.restassured.internal.common.assertion.AssertParameter$notNull.callStatic(Unknown Source)
at org.codehaus.groovy.runtime.callsite.CallSiteArray.defaultCallStatic(CallSiteArray.java:53)
at io.restassured.internal.common.assertion.AssertParameter$notNull.callStatic(Unknown Source)
at io.restassured.internal.RequestSpecificationImpl.pathParam(RequestSpecificationImpl.groovy:515)
at stepdefinitions.Negative_program_sd.we_send_put_url_by_invalid_program_name(Negative_program_sd.java:188)
at ✽.we send put url BY invalid programName(file:///C:/Users/sreej/eclipse-NumpyNinja/APITrekkers-Team13/src/test/resources/Features/07ProgramNegative.feature:18)
]]>
    </error>
  </testcase> <!-- runScenario -->
  <system-out/>
  <testcase classname="runnerfile.Testrunner" name="runScenario" time="0.360"/>
  <system-out/>
  <testcase classname="runnerfile.Testrunner" name="runScenario" time="0.003">
    <error message="Test name must not be null or empty" type="java.lang.IllegalArgumentException">
      <![CDATA[java.lang.IllegalArgumentException: Test name must not be null or empty
at com.aventstack.extentreports.util.Assert.notEmpty(Assert.java:12)
at com.aventstack.extentreports.ExtentTest.<init>(ExtentTest.java:96)
at com.aventstack.extentreports.ExtentTest.createNode(ExtentTest.java:153)
at com.aventstack.extentreports.cucumber.adapter.ExtentCucumberAdapter.createTestCase(ExtentCucumberAdapter.java:424)
at com.aventstack.extentreports.cucumber.adapter.ExtentCucumberAdapter.handleTestCaseStarted(ExtentCucumberAdapter.java:163)
at com.aventstack.extentreports.cucumber.adapter.ExtentCucumberAdapter.access$100(ExtentCucumberAdapter.java:63)
at com.aventstack.extentreports.cucumber.adapter.ExtentCucumberAdapter$3.receive(ExtentCucumberAdapter.java:107)
at com.aventstack.extentreports.cucumber.adapter.ExtentCucumberAdapter$3.receive(ExtentCucumberAdapter.java:104)
at io.cucumber.core.eventbus.AbstractEventPublisher.send(AbstractEventPublisher.java:51)
at io.cucumber.core.eventbus.AbstractEventBus.send(AbstractEventBus.java:12)
at io.cucumber.core.runtime.SynchronizedEventBus.send(SynchronizedEventBus.java:47)
at io.cucumber.core.runtime.ThreadLocalRunnerSupplier$LocalEventBus.send(ThreadLocalRunnerSupplier.java:62)
at io.cucumber.core.runner.TestCase.emitTestCaseStarted(TestCase.java:206)
at io.cucumber.core.runner.TestCase.run(TestCase.java:72)
at io.cucumber.core.runner.Runner.runPickle(Runner.java:75)
at io.cucumber.testng.TestNGCucumberRunner.lambda$runScenario$1(TestNGCucumberRunner.java:132)
at io.cucumber.core.runtime.CucumberExecutionContext.lambda$runTestCase$5(CucumberExecutionContext.java:130)
at io.cucumber.core.runtime.RethrowingThrowableCollector.executeAndThrow(RethrowingThrowableCollector.java:23)
at io.cucumber.core.runtime.CucumberExecutionContext.runTestCase(CucumberExecutionContext.java:130)
at io.cucumber.testng.TestNGCucumberRunner.runScenario(TestNGCucumberRunner.java:129)
at io.cucumber.testng.AbstractTestNGCucumberTests.runScenario(AbstractTestNGCucumberTests.java:35)
at java.base/jdk.internal.reflect.DirectMethodHandleAccessor.invoke(DirectMethodHandleAccessor.java:104)
at java.base/java.lang.reflect.Method.invoke(Method.java:578)
at org.testng.internal.MethodInvocationHelper.invokeMethod(MethodInvocationHelper.java:133)
at org.testng.internal.TestInvoker.invokeMethod(TestInvoker.java:598)
at org.testng.internal.TestInvoker.invokeTestMethod(TestInvoker.java:173)
at org.testng.internal.MethodRunner.runInSequence(MethodRunner.java:46)
at org.testng.internal.TestInvoker$MethodInvocationAgent.invoke(TestInvoker.java:824)
at org.testng.internal.TestInvoker.invokeTestMethods(TestInvoker.java:146)
at org.testng.internal.TestMethodWorker.invokeTestMethods(TestMethodWorker.java:146)
at org.testng.internal.TestMethodWorker.run(TestMethodWorker.java:128)
at java.base/java.util.ArrayList.forEach(ArrayList.java:1511)
at org.testng.TestRunner.privateRun(TestRunner.java:794)
at org.testng.TestRunner.run(TestRunner.java:596)
at org.testng.SuiteRunner.runTest(SuiteRunner.java:377)
at org.testng.SuiteRunner.runSequentially(SuiteRunner.java:371)
at org.testng.SuiteRunner.privateRun(SuiteRunner.java:332)
at org.testng.SuiteRunner.run(SuiteRunner.java:276)
at org.testng.SuiteRunnerWorker.runSuite(SuiteRunnerWorker.java:53)
at org.testng.SuiteRunnerWorker.run(SuiteRunnerWorker.java:96)
at org.testng.TestNG.runSuitesSequentially(TestNG.java:1212)
at org.testng.TestNG.runSuitesLocally(TestNG.java:1134)
at org.testng.TestNG.runSuites(TestNG.java:1063)
at org.testng.TestNG.run(TestNG.java:1031)
at org.testng.remote.AbstractRemoteTestNG.run(AbstractRemoteTestNG.java:115)
at org.testng.remote.RemoteTestNG.initAndRun(RemoteTestNG.java:251)
at org.testng.remote.RemoteTestNG.main(RemoteTestNG.java:77)
]]>
    </error>
  </testcase> <!-- runScenario -->
  <system-out/>
  <testcase classname="runnerfile.Testrunner" name="runScenario" time="0.005">
    <error message="Test name must not be null or empty" type="java.lang.IllegalArgumentException">
      <![CDATA[java.lang.IllegalArgumentException: Test name must not be null or empty
at com.aventstack.extentreports.util.Assert.notEmpty(Assert.java:12)
at com.aventstack.extentreports.ExtentTest.<init>(ExtentTest.java:96)
at com.aventstack.extentreports.ExtentTest.createNode(ExtentTest.java:153)
at com.aventstack.extentreports.cucumber.adapter.ExtentCucumberAdapter.createScenarioOutline(ExtentCucumberAdapter.java:374)
at com.aventstack.extentreports.cucumber.adapter.ExtentCucumberAdapter.handleScenarioOutline(ExtentCucumberAdapter.java:353)
at com.aventstack.extentreports.cucumber.adapter.ExtentCucumberAdapter.handleTestCaseStarted(ExtentCucumberAdapter.java:162)
at com.aventstack.extentreports.cucumber.adapter.ExtentCucumberAdapter.access$100(ExtentCucumberAdapter.java:63)
at com.aventstack.extentreports.cucumber.adapter.ExtentCucumberAdapter$3.receive(ExtentCucumberAdapter.java:107)
at com.aventstack.extentreports.cucumber.adapter.ExtentCucumberAdapter$3.receive(ExtentCucumberAdapter.java:104)
at io.cucumber.core.eventbus.AbstractEventPublisher.send(AbstractEventPublisher.java:51)
at io.cucumber.core.eventbus.AbstractEventBus.send(AbstractEventBus.java:12)
at io.cucumber.core.runtime.SynchronizedEventBus.send(SynchronizedEventBus.java:47)
at io.cucumber.core.runtime.ThreadLocalRunnerSupplier$LocalEventBus.send(ThreadLocalRunnerSupplier.java:62)
at io.cucumber.core.runner.TestCase.emitTestCaseStarted(TestCase.java:206)
at io.cucumber.core.runner.TestCase.run(TestCase.java:72)
at io.cucumber.core.runner.Runner.runPickle(Runner.java:75)
at io.cucumber.testng.TestNGCucumberRunner.lambda$runScenario$1(TestNGCucumberRunner.java:132)
at io.cucumber.core.runtime.CucumberExecutionContext.lambda$runTestCase$5(CucumberExecutionContext.java:130)
at io.cucumber.core.runtime.RethrowingThrowableCollector.executeAndThrow(RethrowingThrowableCollector.java:23)
at io.cucumber.core.runtime.CucumberExecutionContext.runTestCase(CucumberExecutionContext.java:130)
at io.cucumber.testng.TestNGCucumberRunner.runScenario(TestNGCucumberRunner.java:129)
at io.cucumber.testng.AbstractTestNGCucumberTests.runScenario(AbstractTestNGCucumberTests.java:35)
at java.base/jdk.internal.reflect.DirectMethodHandleAccessor.invoke(DirectMethodHandleAccessor.java:104)
at java.base/java.lang.reflect.Method.invoke(Method.java:578)
at org.testng.internal.MethodInvocationHelper.invokeMethod(MethodInvocationHelper.java:133)
at org.testng.internal.TestInvoker.invokeMethod(TestInvoker.java:598)
at org.testng.internal.TestInvoker.invokeTestMethod(TestInvoker.java:173)
at org.testng.internal.MethodRunner.runInSequence(MethodRunner.java:46)
at org.testng.internal.TestInvoker$MethodInvocationAgent.invoke(TestInvoker.java:824)
at org.testng.internal.TestInvoker.invokeTestMethods(TestInvoker.java:146)
at org.testng.internal.TestMethodWorker.invokeTestMethods(TestMethodWorker.java:146)
at org.testng.internal.TestMethodWorker.run(TestMethodWorker.java:128)
at java.base/java.util.ArrayList.forEach(ArrayList.java:1511)
at org.testng.TestRunner.privateRun(TestRunner.java:794)
at org.testng.TestRunner.run(TestRunner.java:596)
at org.testng.SuiteRunner.runTest(SuiteRunner.java:377)
at org.testng.SuiteRunner.runSequentially(SuiteRunner.java:371)
at org.testng.SuiteRunner.privateRun(SuiteRunner.java:332)
at org.testng.SuiteRunner.run(SuiteRunner.java:276)
at org.testng.SuiteRunnerWorker.runSuite(SuiteRunnerWorker.java:53)
at org.testng.SuiteRunnerWorker.run(SuiteRunnerWorker.java:96)
at org.testng.TestNG.runSuitesSequentially(TestNG.java:1212)
at org.testng.TestNG.runSuitesLocally(TestNG.java:1134)
at org.testng.TestNG.runSuites(TestNG.java:1063)
at org.testng.TestNG.run(TestNG.java:1031)
at org.testng.remote.AbstractRemoteTestNG.run(AbstractRemoteTestNG.java:115)
at org.testng.remote.RemoteTestNG.initAndRun(RemoteTestNG.java:251)
at org.testng.remote.RemoteTestNG.main(RemoteTestNG.java:77)
]]>
[...]
at java.base/java.lang.reflect.Method.invoke(Method.java:578)
at org.testng.internal.MethodInvocationHelper.invokeMethod(MethodInvocationHelper.java:133)
at org.testng.internal.TestInvoker.invokeMethod(TestInvoker.java:598)
at org.testng.internal.TestInvoker.invokeTestMethod(TestInvoker.java:173)
at org.testng.internal.MethodRunner.runInSequence(MethodRunner.java:46)
at org.testng.internal.TestInvoker$MethodInvocationAgent.invoke(TestInvoker.java:824)
at org.testng.internal.TestInvoker.invokeTestMethods(TestInvoker.java:146)
at org.testng.internal.TestMethodWorker.invokeTestMethods(TestMethodWorker.java:146)
at org.testng.internal.TestMethodWorker.run(TestMethodWorker.java:128)
at java.base/java.util.ArrayList.forEach(ArrayList.java:1511)
at org.testng.TestRunner.privateRun(TestRunner.java:794)
at org.testng.TestRunner.run(TestRunner.java:596)
at org.testng.SuiteRunner.runTest(SuiteRunner.java:377)
at org.testng.SuiteRunner.runSequentially(SuiteRunner.java:371)
at org.testng.SuiteRunner.privateRun(SuiteRunner.java:332)
at org.testng.SuiteRunner.run(SuiteRunner.java:276)
at org.testng.SuiteRunnerWorker.runSuite(SuiteRunnerWorker.java:53)
at org.testng.SuiteRunnerWorker.run(SuiteRunnerWorker.java:96)
at org.testng.TestNG.runSuitesSequentially(TestNG.java:1212)
at org.testng.TestNG.runSuitesLocally(TestNG.java:1134)
at org.testng.TestNG.runSuites(TestNG.java:1063)
at org.testng.TestNG.run(TestNG.java:1031)
at org.testng.remote.AbstractRemoteTestNG.run(AbstractRemoteTestNG.java:115)
at org.testng.remote.RemoteTestNG.initAndRun(RemoteTestNG.java:251)
at org.testng.remote.RemoteTestNG.main(RemoteTestNG.java:77)
]]>
    </error>
  </testcase> <!-- runScenario -->
  <system-out/>
  <testcase classname="runnerfile.Testrunner" name="runScenario" time="0.003">
    <error message="Test name must not be null or empty" type="java.lang.IllegalArgumentException">
      <![CDATA[java.lang.IllegalArgumentException: Test name must not be null or empty
at com.aventstack.extentreports.util.Assert.notEmpty(Assert.java:12)
at com.aventstack.extentreports.ExtentTest.<init>(ExtentTest.java:96)
at com.aventstack.extentreports.ExtentTest.createNode(ExtentTest.java:153)
at com.aventstack.extentreports.cucumber.adapter.ExtentCucumberAdapter.createScenarioOutline(ExtentCucumberAdapter.java:374)
at com.aventstack.extentreports.cucumber.adapter.ExtentCucumberAdapter.handleScenarioOutline(ExtentCucumberAdapter.java:353)
at com.aventstack.extentreports.cucumber.adapter.ExtentCucumberAdapter.handleTestCaseStarted(ExtentCucumberAdapter.java:162)
at com.aventstack.extentreports.cucumber.adapter.ExtentCucumberAdapter.access$100(ExtentCucumberAdapter.java:63)
at com.aventstack.extentreports.cucumber.adapter.ExtentCucumberAdapter$3.receive(ExtentCucumberAdapter.java:107)
at com.aventstack.extentreports.cucumber.adapter.ExtentCucumberAdapter$3.receive(ExtentCucumberAdapter.java:104)
at io.cucumber.core.eventbus.AbstractEventPublisher.send(AbstractEventPublisher.java:51)
at io.cucumber.core.eventbus.AbstractEventBus.send(AbstractEventBus.java:12)
at io.cucumber.core.runtime.SynchronizedEventBus.send(SynchronizedEventBus.java:47)
at io.cucumber.core.runtime.ThreadLocalRunnerSupplier$LocalEventBus.send(ThreadLocalRunnerSupplier.java:62)
at io.cucumber.core.runner.TestCase.emitTestCaseStarted(TestCase.java:206)
at io.cucumber.core.runner.TestCase.run(TestCase.java:72)
at io.cucumber.core.runner.Runner.runPickle(Runner.java:75)
at io.cucumber.testng.TestNGCucumberRunner.lambda$runScenario$1(TestNGCucumberRunner.java:132)
at io.cucumber.core.runtime.CucumberExecutionContext.lambda$runTestCase$5(CucumberExecutionContext.java:130)
at io.cucumber.core.runtime.RethrowingThrowableCollector.executeAndThrow(RethrowingThrowableCollector.java:23)
at io.cucumber.core.runtime.CucumberExecutionContext.runTestCase(CucumberExecutionContext.java:130)
at io.cucumber.testng.TestNGCucumberRunner.runScenario(TestNGCucumberRunner.java:129)
at io.cucumber.testng.AbstractTestNGCucumberTests.runScenario(AbstractTestNGCucumberTests.java:35)
at java.base/jdk.internal.reflect.DirectMethodHandleAccessor.invoke(DirectMethodHandleAccessor.java:104)
at java.base/java.lang.reflect.Method.invoke(Method.java:578)
at org.testng.internal.MethodInvocationHelper.invokeMethod(MethodInvocationHelper.java:133)
at org.testng.internal.TestInvoker.invokeMethod(TestInvoker.java:598)
at org.testng.internal.TestInvoker.invokeTestMethod(TestInvoker.java:173)
at org.testng.internal.MethodRunner.runInSequence(MethodRunner.java:46)
at org.testng.internal.TestInvoker$MethodInvocationAgent.invoke(TestInvoker.java:824)
at org.testng.internal.TestInvoker.invokeTestMethods(TestInvoker.java:146)
at org.testng.internal.TestMethodWorker.invokeTestMethods(TestMethodWorker.java:146)
at org.testng.internal.TestMethodWorker.run(TestMethodWorker.java:128)
at java.base/java.util.ArrayList.forEach(ArrayList.java:1511)
at org.testng.TestRunner.privateRun(TestRunner.java:794)
at org.testng.TestRunner.run(TestRunner.java:596)
at org.testng.SuiteRunner.runTest(SuiteRunner.java:377)
at org.testng.SuiteRunner.runSequentially(SuiteRunner.java:371)
at org.testng.SuiteRunner.privateRun(SuiteRunner.java:332)
at org.testng.SuiteRunner.run(SuiteRunner.java:276)
at org.testng.SuiteRunnerWorker.runSuite(SuiteRunnerWorker.java:53)
at org.testng.SuiteRunnerWorker.run(SuiteRunnerWorker.java:96)
at org.testng.TestNG.runSuitesSequentially(TestNG.java:1212)
at org.testng.TestNG.runSuitesLocally(TestNG.java:1134)
at org.testng.TestNG.runSuites(TestNG.java:1063)
at org.testng.TestNG.run(TestNG.java:1031)
at org.testng.remote.AbstractRemoteTestNG.run(AbstractRemoteTestNG.java:115)
at org.testng.remote.RemoteTestNG.initAndRun(RemoteTestNG.java:251)
at org.testng.remote.RemoteTestNG.main(RemoteTestNG.java:77)
]]>
    </error>
  </testcase> <!-- runScenario -->
  <system-out/>
  <testcase classname="runnerfile.Testrunner" name="runScenario" time="0.006">
    <error message="parameterValue cannot be null" type="java.lang.IllegalArgumentException">
      <![CDATA[java.lang.IllegalArgumentException: parameterValue cannot be null
at java.base/jdk.internal.reflect.DirectConstructorHandleAccessor.newInstance(DirectConstructorHandleAccessor.java:67)
at java.base/java.lang.reflect.Constructor.newInstanceWithCaller(Constructor.java:500)
at java.base/java.lang.reflect.Constructor.newInstance(Constructor.java:484)
at org.codehaus.groovy.reflection.CachedConstructor.invoke(CachedConstructor.java:73)
at org.codehaus.groovy.reflection.CachedConstructor.doConstructorInvoke(CachedConstructor.java:60)
at org.codehaus.groovy.runtime.callsite.ConstructorSite$ConstructorSiteNoUnwrap.callConstructor(ConstructorSite.java:86)
at org.codehaus.groovy.runtime.callsite.AbstractCallSite.callConstructor(AbstractCallSite.java:277)
at io.restassured.internal.common.assertion.AssertParameter.notNull(AssertParameter.groovy:26)
at io.restassured.internal.common.assertion.AssertParameter$notNull.callStatic(Unknown Source)
at org.codehaus.groovy.runtime.callsite.CallSiteArray.defaultCallStatic(CallSiteArray.java:53)
at io.restassured.internal.common.assertion.AssertParameter$notNull.callStatic(Unknown Source)
at io.restassured.internal.RequestSpecificationImpl.pathParam(RequestSpecificationImpl.groovy:515)
at stepdefinitions.Positive_program_sd.we_send_url_delete_name(Positive_program_sd.java:367)
at ✽.we send url DELETE Name(file:///C:/Users/sreej/eclipse-NumpyNinja/APITrekkers-Team13/src/test/resources/Features/06Delete.feature:43)
]]>
    </error>
  </testcase> <!-- runScenario -->
  <system-out/>
  <testcase classname="runnerfile.Testrunner" name="runScenario" time="0.005">
    <error message="Test name must not be null or empty" type="java.lang.IllegalArgumentException">
      <![CDATA[java.lang.IllegalArgumentException: Test name must not be null or empty
at com.aventstack.extentreports.util.Assert.notEmpty(Assert.java:12)
at com.aventstack.extentreports.ExtentTest.<init>(ExtentTest.java:96)
at com.aventstack.extentreports.ExtentTest.createNode(ExtentTest.java:153)
at com.aventstack.extentreports.cucumber.adapter.ExtentCucumberAdapter.createScenarioOutline(ExtentCucumberAdapter.java:374)
at com.aventstack.extentreports.cucumber.adapter.ExtentCucumberAdapter.handleScenarioOutline(ExtentCucumberAdapter.java:353)
at com.aventstack.extentreports.cucumber.adapter.ExtentCucumberAdapter.handleTestCaseStarted(ExtentCucumberAdapter.java:162)
at com.aventstack.extentreports.cucumber.adapter.ExtentCucumberAdapter.access$100(ExtentCucumberAdapter.java:63)
at com.aventstack.extentreports.cucumber.adapter.ExtentCucumberAdapter$3.receive(ExtentCucumberAdapter.java:107)
at com.aventstack.extentreports.cucumber.adapter.ExtentCucumberAdapter$3.receive(ExtentCucumberAdapter.java:104)
at io.cucumber.core.eventbus.AbstractEventPublisher.send(AbstractEventPublisher.java:51)
at io.cucumber.core.eventbus.AbstractEventBus.send(AbstractEventBus.java:12)
at io.cucumber.core.runtime.SynchronizedEventBus.send(SynchronizedEventBus.java:47)
at io.cucumber.core.runtime.ThreadLocalRunnerSupplier$LocalEventBus.send(ThreadLocalRunnerSupplier.java:62)
at io.cucumber.core.runner.TestCase.emitTestCaseStarted(TestCase.java:206)
at io.cucumber.core.runner.TestCase.run(TestCase.java:72)
at io.cucumber.core.runner.Runner.runPickle(Runner.java:75)
at io.cucumber.testng.TestNGCucumberRunner.lambda$runScenario$1(TestNGCucumberRunner.java:132)
at io.cucumber.core.runtime.CucumberExecutionContext.lambda$runTestCase$5(CucumberExecutionContext.java:130)
at io.cucumber.core.runtime.RethrowingThrowableCollector.executeAndThrow(RethrowingThrowableCollector.java:23)
at io.cucumber.core.runtime.CucumberExecutionContext.runTestCase(CucumberExecutionContext.java:130)
at io.cucumber.testng.TestNGCucumberRunner.runScenario(TestNGCucumberRunner.java:129)
at io.cucumber.testng.AbstractTestNGCucumberTests.runScenario(AbstractTestNGCucumberTests.java:35)
at java.base/jdk.internal.reflect.DirectMethodHandleAccessor.invoke(DirectMethodHandleAccessor.java:104)
at java.base/java.lang.reflect.Method.invoke(Method.java:578)
at org.testng.internal.MethodInvocationHelper.invokeMethod(MethodInvocationHelper.java:133)
at org.testng.internal.TestInvoker.invokeMethod(TestInvoker.java:598)
at org.testng.internal.TestInvoker.invokeTestMethod(TestInvoker.java:173)
at org.testng.internal.MethodRunner.runInSequence(MethodRunner.java:46)
at org.testng.internal.TestInvoker$MethodInvocationAgent.invoke(TestInvoker.java:824)
at org.testng.internal.TestInvoker.invokeTestMethods(TestInvoker.java:146)
at org.testng.internal.TestMethodWorker.invokeTestMethods(TestMethodWorker.java:146)
at org.testng.internal.TestMethodWorker.run(TestMethodWorker.java:128)
at java.base/java.util.ArrayList.forEach(ArrayList.java:1511)
at org.testng.TestRunner.privateRun(TestRunner.java:794)
at org.testng.TestRunner.run(TestRunner.java:596)
at org.testng.SuiteRunner.runTest(SuiteRunner.java:377)
at org.testng.SuiteRunner.runSequentially(SuiteRunner.java:371)
at org.testng.SuiteRunner.privateRun(SuiteRunner.java:332)
at org.testng.SuiteRunner.run(SuiteRunner.java:276)
at org.testng.SuiteRunnerWorker.runSuite(SuiteRunnerWorker.java:53)
at org.testng.SuiteRunnerWorker.run(SuiteRunnerWorker.java:96)
at org.testng.TestNG.runSuitesSequentially(TestNG.java:1212)
at org.testng.TestNG.runSuitesLocally(TestNG.java:1134)
at org.testng.TestNG.runSuites(TestNG.java:1063)
at org.testng.TestNG.run(TestNG.java:1031)
at org.testng.remote.AbstractRemoteTestNG.run(AbstractRemoteTestNG.java:115)
at org.testng.remote.RemoteTestNG.initAndRun(RemoteTestNG.java:251)
at org.testng.remote.RemoteTestNG.main(RemoteTestNG.java:77)
]]>
    </error>
  </testcase> <!-- runScenario -->
  <system-out/>
  <testcase classname="runnerfile.Testrunner" name="runScenario" time="0.003">
    <error message="Test name must not be null or empty" type="java.lang.IllegalArgumentException">
      <![CDATA[java.lang.IllegalArgumentException: Test name must not be null or empty
at com.aventstack.extentreports.util.Assert.notEmpty(Assert.java:12)
at com.aventstack.extentreports.ExtentTest.<init>(ExtentTest.java:96)
at com.aventstack.extentreports.ExtentTest.createNode(ExtentTest.java:153)
at com.aventstack.extentreports.cucumber.adapter.ExtentCucumberAdapter.createScenarioOutline(ExtentCucumberAdapter.java:374)
at com.aventstack.extentreports.cucumber.adapter.ExtentCucumberAdapter.handleScenarioOutline(ExtentCucumberAdapter.java:353)
at com.aventstack.extentreports.cucumber.adapter.ExtentCucumberAdapter.handleTestCaseStarted(ExtentCucumberAdapter.java:162)
at com.aventstack.extentreports.cucumber.adapter.ExtentCucumberAdapter.access$100(ExtentCucumberAdapter.java:63)
at com.aventstack.extentreports.cucumber.adapter.ExtentCucumberAdapter$3.receive(ExtentCucumberAdapter.java:107)
at com.aventstack.extentreports.cucumber.adapter.ExtentCucumberAdapter$3.receive(ExtentCucumberAdapter.java:104)
at io.cucumber.core.eventbus.AbstractEventPublisher.send(AbstractEventPublisher.java:51)
at io.cucumber.core.eventbus.AbstractEventBus.send(AbstractEventBus.java:12)
at io.cucumber.core.runtime.SynchronizedEventBus.send(SynchronizedEventBus.java:47)
at io.cucumber.core.runtime.ThreadLocalRunnerSupplier$LocalEventBus.send(ThreadLocalRunnerSupplier.java:62)
at io.cucumber.core.runner.TestCase.emitTestCaseStarted(TestCase.java:206)
at io.cucumber.core.runner.TestCase.run(TestCase.java:72)
at io.cucumber.core.runner.Runner.runPickle(Runner.java:75)
at io.cucumber.testng.TestNGCucumberRunner.lambda$runScenario$1(TestNGCucumberRunner.java:132)
at io.cucumber.core.runtime.CucumberExecutionContext.lambda$runTestCase$5(CucumberExecutionContext.java:130)
at io.cucumber.core.runtime.RethrowingThrowableCollector.executeAndThrow(RethrowingThrowableCollector.java:23)
at io.cucumber.core.runtime.CucumberExecutionContext.runTestCase(CucumberExecutionContext.java:130)
at io.cucumber.testng.TestNGCucumberRunner.runScenario(TestNGCucumberRunner.java:129)
at io.cucumber.testng.AbstractTestNGCucumberTests.runScenario(AbstractTestNGCucumberTests.java:35)
at java.base/jdk.internal.reflect.DirectMethodHandleAccessor.invoke(DirectMethodHandleAccessor.java:104)
at java.base/java.lang.reflect.Method.invoke(Method.java:578)
at org.testng.internal.MethodInvocationHelper.invokeMethod(MethodInvocationHelper.java:133)
at org.testng.internal.TestInvoker.invokeMethod(TestInvoker.java:598)
at org.testng.internal.TestInvoker.invokeTestMethod(TestInvoker.java:173)
at org.testng.internal.MethodRunner.runInSequence(MethodRunner.java:46)
at org.testng.internal.TestInvoker$MethodInvocationAgent.invoke(TestInvoker.java:824)
at org.testng.internal.TestInvoker.invokeTestMethods(TestInvoker.java:146)
at org.testng.internal.TestMethodWorker.invokeTestMethods(TestMethodWorker.java:146)
at org.testng.internal.TestMethodWorker.run(TestMethodWorker.java:128)
at java.base/java.util.ArrayList.forEach(ArrayList.java:1511)
at org.testng.TestRunner.privateRun(TestRunner.java:794)
at org.testng.TestRunner.run(TestRunner.java:596)
at org.testng.SuiteRunner.runTest(SuiteRunner.java:377)
at org.testng.SuiteRunner.runSequentially(SuiteRunner.java:371)
at org.testng.SuiteRunner.privateRun(SuiteRunner.java:332)
at org.testng.SuiteRunner.run(SuiteRunner.java:276)
at org.testng.SuiteRunnerWorker.runSuite(SuiteRunnerWorker.java:53)
at org.testng.SuiteRunnerWorker.run(SuiteRunnerWorker.java:96)
at org.testng.TestNG.runSuitesSequentially(TestNG.java:1212)
at org.testng.TestNG.runSuitesLocally(TestNG.java:1134)
at org.testng.TestNG.runSuites(TestNG.java:1063)
at org.testng.TestNG.run(TestNG.java:1031)
at org.testng.remote.AbstractRemoteTestNG.run(AbstractRemoteTestNG.java:115)
at org.testng.remote.RemoteTestNG.initAndRun(RemoteTestNG.java:251)
at org.testng.remote.RemoteTestNG.main(RemoteTestNG.java:77)
]]>
    </error>
  </testcase> <!-- runScenario -->
  <system-out/>
  <testcase classname="runnerfile.Testrunner" name="runScenario" time="0.004">
    <error message="Test name must not be null or empty" type="java.lang.IllegalArgumentException">
      <![CDATA[java.lang.IllegalArgumentException: Test name must not be null or empty
at com.aventstack.extentreports.util.Assert.notEmpty(Assert.java:12)
at com.aventstack.extentreports.ExtentTest.<init>(ExtentTest.java:96)
at com.aventstack.extentreports.ExtentTest.createNode(ExtentTest.java:153)
at com.aventstack.extentreports.cucumber.adapter.ExtentCucumberAdapter.createTestCase(ExtentCucumberAdapter.java:424)
at com.aventstack.extentreports.cucumber.adapter.ExtentCucumberAdapter.handleTestCaseStarted(ExtentCucumberAdapter.java:163)
at com.aventstack.extentreports.cucumber.adapter.ExtentCucumberAdapter.access$100(ExtentCucumberAdapter.java:63)
at com.aventstack.extentreports.cucumber.adapter.ExtentCucumberAdapter$3.receive(ExtentCucumberAdapter.java:107)
at com.aventstack.extentreports.cucumber.adapter.ExtentCucumberAdapter$3.receive(ExtentCucumberAdapter.java:104)
at io.cucumber.core.eventbus.AbstractEventPublisher.send(AbstractEventPublisher.java:51)
at io.cucumber.core.eventbus.AbstractEventBus.send(AbstractEventBus.java:12)
at io.cucumber.core.runtime.SynchronizedEventBus.send(SynchronizedEventBus.java:47)
at io.cucumber.core.runtime.ThreadLocalRunnerSupplier$LocalEventBus.send(ThreadLocalRunnerSupplier.java:62)
at io.cucumber.core.runner.TestCase.emitTestCaseStarted(TestCase.java:206)
at io.cucumber.core.runner.TestCase.run(TestCase.java:72)
at io.cucumber.core.runner.Runner.runPickle(Runner.java:75)
at io.cucumber.testng.TestNGCucumberRunner.lambda$runScenario$1(TestNGCucumberRunner.java:132)
at io.cucumber.core.runtime.CucumberExecutionContext.lambda$runTestCase$5(CucumberExecutionContext.java:130)
at io.cucumber.core.runtime.RethrowingThrowableCollector.executeAndThrow(RethrowingThrowableCollector.java:23)
at io.cucumber.core.runtime.CucumberExecutionContext.runTestCase(CucumberExecutionContext.java:130)
at io.cucumber.testng.TestNGCucumberRunner.runScenario(TestNGCucumberRunner.java:129)
at io.cucumber.testng.AbstractTestNGCucumberTests.runScenario(AbstractTestNGCucumberTests.java:35)
at java.base/jdk.internal.reflect.DirectMethodHandleAccessor.invoke(DirectMethodHandleAccessor.java:104)
at java.base/java.lang.reflect.Method.invoke(Method.java:578)
at org.testng.internal.MethodInvocationHelper.invokeMethod(MethodInvocationHelper.java:133)
at org.testng.internal.TestInvoker.invokeMethod(TestInvoker.java:598)
at org.testng.internal.TestInvoker.invokeTestMethod(TestInvoker.java:173)
at org.testng.internal.MethodRunner.runInSequence(MethodRunner.java:46)
at org.testng.internal.TestInvoker$MethodInvocationAgent.invoke(TestInvoker.java:824)
at org.testng.internal.TestInvoker.invokeTestMethods(TestInvoker.java:146)
at org.testng.internal.TestMethodWorker.invokeTestMethods(TestMethodWorker.java:146)
at org.testng.internal.TestMethodWorker.run(TestMethodWorker.java:128)
at java.base/java.util.ArrayList.forEach(ArrayList.java:1511)
at org.testng.TestRunner.privateRun(TestRunner.java:794)
at org.testng.TestRunner.run(TestRunner.java:596)
at org.testng.SuiteRunner.runTest(SuiteRunner.java:377)
at org.testng.SuiteRunner.runSequentially(SuiteRunner.java:371)
at org.testng.SuiteRunner.privateRun(SuiteRunner.java:332)
at org.testng.SuiteRunner.run(SuiteRunner.java:276)
at org.testng.SuiteRunnerWorker.runSuite(SuiteRunnerWorker.java:53)
at org.testng.SuiteRunnerWorker.run(SuiteRunnerWorker.java:96)
at org.testng.TestNG.runSuitesSequentially(TestNG.java:1212)
at org.testng.TestNG.runSuitesLocally(TestNG.java:1134)
at org.testng.TestNG.runSuites(TestNG.java:1063)
at org.testng.TestNG.run(TestNG.java:1031)
at org.testng.remote.AbstractRemoteTestNG.run(AbstractRemoteTestNG.java:115)
at org.testng.remote.RemoteTestNG.initAndRun(RemoteTestNG.java:251)
at org.testng.remote.RemoteTestNG.main(RemoteTestNG.java:77)
]]>
    </error>
  </testcase> <!-- runScenario -->
  <system-out/>
</testsuite> <!-- runnerfile.Testrunner -->
